[2017-03-02 17:15:50][debug][打开log文件]
[2017-03-02 17:15:50][debug][设置应用程序分辨率]
[2017-03-02 17:19:50][debug][打开log文件]
[2017-03-02 17:19:50][debug][设置应用程序分辨率]
[2017-03-02 17:23:45][debug][打开log文件]
[2017-03-02 17:23:45][debug][从数据库加载巡逻方案的数据]
[2017-03-02 17:23:45][info][数据库连接成功]
[2017-03-02 17:23:46][debug][按ID升序检索所有视频巡航方案记录。检索件数：2]
[2017-03-02 17:23:46][debug][关闭与服务器的连接]
[2017-03-02 17:23:47][debug][连接服务器失败 由于目标计算机积极拒绝，无法连接。
]
[2017-03-02 17:23:48][debug][加载摄像头的信息]
[2017-03-02 17:23:48][info][数据库连接成功]
[2017-03-02 17:23:48][debug][向数据库检索所有设备数据]
[2017-03-02 17:23:48][debug][从数据库加载巡逻方案的数据]
[2017-03-02 17:23:48][info][数据库连接成功]
[2017-03-02 17:23:48][debug][按ID升序检索所有视频巡航方案记录。检索件数：2]
[2017-03-02 17:23:48][debug][初始化疏散预案相关内容]
[2017-03-02 17:23:48][debug][加载客流统计区域，及加载当天最新统计信息]
[2017-03-02 17:23:48][debug][加载客流统计区域]
[2017-03-02 17:23:48][info][数据库连接成功]
[2017-03-02 17:23:48][debug][按ID升序检索所有的客流区域数据。检索件数：3]
[2017-03-02 17:23:48][debug][初始化客流统计信息]
[2017-03-02 17:23:48][debug][加载相关设备信息,用来初始化客流统计信息]
[2017-03-02 17:23:48][info][数据库连接成功]
[2017-03-02 17:23:48][debug][向数据库检索指定设备信息，检索条件：ID = ]
[2017-03-02 17:23:48][debug][初始化客流统计信息]
[2017-03-02 17:23:48][debug][加载相关设备信息,用来初始化客流统计信息]
[2017-03-02 17:23:48][info][数据库连接成功]
[2017-03-02 17:23:48][debug][向数据库检索指定设备信息，检索条件：ID = 1]
[2017-03-02 17:23:48][debug][初始化客流统计信息]
[2017-03-02 17:23:48][debug][加载相关设备信息,用来初始化客流统计信息]
[2017-03-02 17:23:48][info][数据库连接成功]
[2017-03-02 17:23:48][debug][向数据库检索指定设备信息，检索条件：ID = 1]
[2017-03-02 17:23:48][info][数据库连接成功]
[2017-03-02 17:23:48][debug][向数据库检索指定设备信息，检索条件：ID = 2]
[2017-03-02 17:23:48][debug][从数据库加载当天最新的客流统计信息]
[2017-03-02 17:23:48][info][数据库连接成功]
[2017-03-02 17:23:48][debug][从客流信息log表中查找大于或等于 datetime 的最新数据。检索件数：0,检索条件：DATETIME = 20170302000000]
[2017-03-02 17:23:48][debug][场景中的摄像机跟相对应的现实中实体摄像机的客流统计信息关联起来]
[2017-03-02 17:23:48][debug][从服务器接收客流统计信息]
[2017-03-02 17:23:48][debug][加载疏散预案信息]
[2017-03-02 17:23:48][info][数据库连接成功]
[2017-03-02 17:23:48][debug][向数据库检索所有的疏散预案]
[2017-03-02 17:23:48][debug][加载疏散区域信息]
[2017-03-02 17:23:48][info][数据库连接成功]
[2017-03-02 17:23:48][debug][向数据库检索所有的疏散区域]
[2017-03-02 17:23:48][debug][绘制疏散区域]
[2017-03-02 17:23:48][debug][设置疏散区域名称对象]
[2017-03-02 17:23:48][debug][设置疏散区域名称文字对齐方式]
[2017-03-02 17:23:48][debug][从数据库加载巡逻方案的数据]
[2017-03-02 17:23:48][info][数据库连接成功]
[2017-03-02 17:23:48][debug][按ID升序检索所有视频巡航方案记录。检索件数：2]
[2017-03-02 17:25:28][debug][显示个人信息面板]
[2017-03-02 17:25:34][debug][将客流统计数据存入数据库]
[2017-03-02 17:25:34][debug][关闭与服务器的连接]
[2017-03-02 17:25:44][debug][打开log文件]
[2017-03-02 17:25:44][debug][从数据库加载巡逻方案的数据]
[2017-03-02 17:25:44][info][数据库连接成功]
[2017-03-02 17:25:44][debug][按ID升序检索所有视频巡航方案记录。检索件数：2]
[2017-03-02 17:25:45][debug][关闭与服务器的连接]
[2017-03-02 17:25:46][debug][连接服务器失败 由于目标计算机积极拒绝，无法连接。
]
[2017-03-02 17:25:46][debug][加载摄像头的信息]
[2017-03-02 17:25:46][info][数据库连接成功]
[2017-03-02 17:25:46][debug][向数据库检索所有设备数据]
[2017-03-02 17:25:46][debug][从数据库加载巡逻方案的数据]
[2017-03-02 17:25:46][info][数据库连接成功]
[2017-03-02 17:25:46][debug][按ID升序检索所有视频巡航方案记录。检索件数：2]
[2017-03-02 17:25:46][debug][初始化疏散预案相关内容]
[2017-03-02 17:25:46][debug][加载客流统计区域，及加载当天最新统计信息]
[2017-03-02 17:25:46][debug][加载客流统计区域]
[2017-03-02 17:25:46][info][数据库连接成功]
[2017-03-02 17:25:46][debug][按ID升序检索所有的客流区域数据。检索件数：3]
[2017-03-02 17:25:46][debug][初始化客流统计信息]
[2017-03-02 17:25:46][debug][加载相关设备信息,用来初始化客流统计信息]
[2017-03-02 17:25:46][info][数据库连接成功]
[2017-03-02 17:25:46][debug][向数据库检索指定设备信息，检索条件：ID = ]
[2017-03-02 17:25:46][debug][初始化客流统计信息]
[2017-03-02 17:25:46][debug][加载相关设备信息,用来初始化客流统计信息]
[2017-03-02 17:25:46][info][数据库连接成功]
[2017-03-02 17:25:46][debug][向数据库检索指定设备信息，检索条件：ID = 1]
[2017-03-02 17:25:46][debug][初始化客流统计信息]
[2017-03-02 17:25:46][debug][加载相关设备信息,用来初始化客流统计信息]
[2017-03-02 17:25:46][info][数据库连接成功]
[2017-03-02 17:25:46][debug][向数据库检索指定设备信息，检索条件：ID = 1]
[2017-03-02 17:25:46][info][数据库连接成功]
[2017-03-02 17:25:46][debug][向数据库检索指定设备信息，检索条件：ID = 2]
[2017-03-02 17:25:46][debug][从数据库加载当天最新的客流统计信息]
[2017-03-02 17:25:46][info][数据库连接成功]
[2017-03-02 17:25:46][debug][从客流信息log表中查找大于或等于 datetime 的最新数据。检索件数：0,检索条件：DATETIME = 20170302000000]
[2017-03-02 17:25:46][debug][场景中的摄像机跟相对应的现实中实体摄像机的客流统计信息关联起来]
[2017-03-02 17:25:46][debug][从服务器接收客流统计信息]
[2017-03-02 17:25:46][debug][加载疏散预案信息]
[2017-03-02 17:25:46][info][数据库连接成功]
[2017-03-02 17:25:46][debug][向数据库检索所有的疏散预案]
[2017-03-02 17:25:46][debug][加载疏散区域信息]
[2017-03-02 17:25:46][info][数据库连接成功]
[2017-03-02 17:25:46][debug][向数据库检索所有的疏散区域]
[2017-03-02 17:25:46][debug][绘制疏散区域]
[2017-03-02 17:25:46][debug][设置疏散区域名称对象]
[2017-03-02 17:25:46][debug][设置疏散区域名称文字对齐方式]
[2017-03-02 17:25:46][debug][从数据库加载巡逻方案的数据]
[2017-03-02 17:25:46][info][数据库连接成功]
[2017-03-02 17:25:46][debug][按ID升序检索所有视频巡航方案记录。检索件数：2]
[2017-03-02 17:27:39][debug][显示客流]
[2017-03-02 17:27:39][debug][对场景内所有模型摄像机发送控制信息]
[2017-03-02 17:27:43][debug][关闭客流]
[2017-03-02 17:27:43][debug][对场景内所有模型摄像机发送控制信息]
[2017-03-02 17:27:43][debug][运行当前选择的巡逻方案]
[2017-03-02 17:27:43][info][数据库连接成功]
[2017-03-02 17:27:43][debug][向数据库检索所有设备数据]
[2017-03-02 17:27:43][debug][播放下一个摄像监控]
[2017-03-02 17:27:43][debug][播放视频巡航视频]
[2017-03-02 17:27:43][debug][请求打开摄像头]
[2017-03-02 17:27:43][debug][请求打开摄像头失败, CameraId:1]
[2017-03-02 17:27:43][debug][将视角移动到指定位置]
[2017-03-02 17:27:43][info][数据库连接成功]
[2017-03-02 17:27:43][info][数据库连接成功]
[2017-03-02 17:27:43][info][数据库连接成功]
[2017-03-02 17:27:43][info][数据库连接成功]
[2017-03-02 17:27:43][debug][插入视频巡逻方案执行日志。插入件数：1]
[2017-03-02 17:27:43][info][数据库连接成功]
[2017-03-02 17:27:43][info][数据库连接成功]
[2017-03-02 17:27:43][info][数据库连接成功]
[2017-03-02 17:27:49][debug][角移动完成]
[2017-03-02 17:27:49][debug][退出视频巡航窗口，并关闭相关的摄像头]
[2017-03-02 17:27:49][debug][保存视频巡逻图片]
[2017-03-02 17:27:49][debug][把视频巡逻方案操作记录写到数据库中]
[2017-03-02 17:27:49][info][数据库连接成功]
[2017-03-02 17:27:49][info][数据库连接成功]
[2017-03-02 17:27:49][debug][插入视频巡逻详细log数据。插入件数：1]
[2017-03-02 17:27:49][debug][停止视频巡逻方案]
[2017-03-02 17:27:49][debug][请求关闭摄像头]
[2017-03-02 17:27:49][debug][请求关闭摄像头失败。CameraId:1]
[2017-03-02 17:28:02][debug][将客流统计数据存入数据库]
[2017-03-02 17:28:02][debug][关闭与服务器的连接]
[2017-03-02 17:28:10][debug][打开log文件]
[2017-03-02 17:28:10][debug][从数据库加载巡逻方案的数据]
[2017-03-02 17:28:10][info][数据库连接成功]
[2017-03-02 17:28:10][debug][按ID升序检索所有视频巡航方案记录。检索件数：2]
[2017-03-02 17:28:11][debug][关闭与服务器的连接]
[2017-03-02 17:28:12][debug][连接服务器失败 由于目标计算机积极拒绝，无法连接。
]
[2017-03-02 17:28:12][debug][加载摄像头的信息]
[2017-03-02 17:28:12][info][数据库连接成功]
[2017-03-02 17:28:12][debug][向数据库检索所有设备数据]
[2017-03-02 17:28:12][debug][从数据库加载巡逻方案的数据]
[2017-03-02 17:28:12][info][数据库连接成功]
[2017-03-02 17:28:12][debug][按ID升序检索所有视频巡航方案记录。检索件数：2]
[2017-03-02 17:28:12][debug][初始化疏散预案相关内容]
[2017-03-02 17:28:12][debug][加载客流统计区域，及加载当天最新统计信息]
[2017-03-02 17:28:12][debug][加载客流统计区域]
[2017-03-02 17:28:12][info][数据库连接成功]
[2017-03-02 17:28:12][debug][按ID升序检索所有的客流区域数据。检索件数：3]
[2017-03-02 17:28:12][debug][初始化客流统计信息]
[2017-03-02 17:28:12][debug][加载相关设备信息,用来初始化客流统计信息]
[2017-03-02 17:28:12][info][数据库连接成功]
[2017-03-02 17:28:12][debug][向数据库检索指定设备信息，检索条件：ID = ]
[2017-03-02 17:28:12][debug][初始化客流统计信息]
[2017-03-02 17:28:12][debug][加载相关设备信息,用来初始化客流统计信息]
[2017-03-02 17:28:12][info][数据库连接成功]
[2017-03-02 17:28:12][debug][向数据库检索指定设备信息，检索条件：ID = 1]
[2017-03-02 17:28:12][debug][初始化客流统计信息]
[2017-03-02 17:28:12][debug][加载相关设备信息,用来初始化客流统计信息]
[2017-03-02 17:28:12][info][数据库连接成功]
[2017-03-02 17:28:12][debug][向数据库检索指定设备信息，检索条件：ID = 1]
[2017-03-02 17:28:12][info][数据库连接成功]
[2017-03-02 17:28:12][debug][向数据库检索指定设备信息，检索条件：ID = 2]
[2017-03-02 17:28:12][debug][从数据库加载当天最新的客流统计信息]
[2017-03-02 17:28:12][info][数据库连接成功]
[2017-03-02 17:28:12][debug][从客流信息log表中查找大于或等于 datetime 的最新数据。检索件数：0,检索条件：DATETIME = 20170302000000]
[2017-03-02 17:28:12][debug][场景中的摄像机跟相对应的现实中实体摄像机的客流统计信息关联起来]
[2017-03-02 17:28:12][debug][从服务器接收客流统计信息]
[2017-03-02 17:28:12][debug][加载疏散预案信息]
[2017-03-02 17:28:12][info][数据库连接成功]
[2017-03-02 17:28:12][debug][向数据库检索所有的疏散预案]
[2017-03-02 17:28:12][debug][加载疏散区域信息]
[2017-03-02 17:28:12][info][数据库连接成功]
[2017-03-02 17:28:12][debug][向数据库检索所有的疏散区域]
[2017-03-02 17:28:12][debug][绘制疏散区域]
[2017-03-02 17:28:12][debug][设置疏散区域名称对象]
[2017-03-02 17:28:12][debug][设置疏散区域名称文字对齐方式]
[2017-03-02 17:28:12][debug][从数据库加载巡逻方案的数据]
[2017-03-02 17:28:13][info][数据库连接成功]
[2017-03-02 17:28:13][debug][按ID升序检索所有视频巡航方案记录。检索件数：2]
[2017-03-02 17:35:00][debug][从数据库加载巡逻方案的数据]
[2017-03-02 17:35:00][info][数据库连接成功]
[2017-03-02 17:35:00][debug][按ID升序检索所有视频巡航方案记录。检索件数：2]
[2017-03-02 17:37:20][debug][打开log文件]
[2017-03-02 17:37:20][debug][从数据库加载巡逻方案的数据]
[2017-03-02 17:37:20][info][数据库连接成功]
[2017-03-02 17:37:20][debug][按ID升序检索所有视频巡航方案记录。检索件数：2]
[2017-03-02 17:37:21][debug][关闭与服务器的连接]
[2017-03-02 17:37:22][debug][连接服务器失败 由于目标计算机积极拒绝，无法连接。
]
[2017-03-02 17:37:22][debug][加载摄像头的信息]
[2017-03-02 17:37:24][info][数据库连接成功]
[2017-03-02 17:37:24][debug][向数据库检索所有设备数据]
[2017-03-02 17:37:24][debug][从数据库加载巡逻方案的数据]
[2017-03-02 17:37:24][info][数据库连接成功]
[2017-03-02 17:37:24][debug][按ID升序检索所有视频巡航方案记录。检索件数：2]
[2017-03-02 17:37:24][debug][初始化疏散预案相关内容]
[2017-03-02 17:37:24][debug][加载客流统计区域，及加载当天最新统计信息]
[2017-03-02 17:37:24][debug][加载客流统计区域]
[2017-03-02 17:37:24][info][数据库连接成功]
[2017-03-02 17:37:24][debug][按ID升序检索所有的客流区域数据。检索件数：3]
[2017-03-02 17:37:24][debug][初始化客流统计信息]
[2017-03-02 17:37:24][debug][加载相关设备信息,用来初始化客流统计信息]
[2017-03-02 17:37:24][info][数据库连接成功]
[2017-03-02 17:37:24][debug][向数据库检索指定设备信息，检索条件：ID = ]
[2017-03-02 17:37:24][debug][初始化客流统计信息]
[2017-03-02 17:37:24][debug][加载相关设备信息,用来初始化客流统计信息]
[2017-03-02 17:37:24][info][数据库连接成功]
[2017-03-02 17:37:24][debug][向数据库检索指定设备信息，检索条件：ID = 1]
[2017-03-02 17:37:24][debug][初始化客流统计信息]
[2017-03-02 17:37:24][debug][加载相关设备信息,用来初始化客流统计信息]
[2017-03-02 17:37:24][info][数据库连接成功]
[2017-03-02 17:37:24][debug][向数据库检索指定设备信息，检索条件：ID = 1]
[2017-03-02 17:37:24][info][数据库连接成功]
[2017-03-02 17:37:24][debug][向数据库检索指定设备信息，检索条件：ID = 2]
[2017-03-02 17:37:24][debug][从数据库加载当天最新的客流统计信息]
[2017-03-02 17:37:24][info][数据库连接成功]
[2017-03-02 17:37:24][debug][从客流信息log表中查找大于或等于 datetime 的最新数据。检索件数：0,检索条件：DATETIME = 20170302000000]
[2017-03-02 17:37:24][debug][场景中的摄像机跟相对应的现实中实体摄像机的客流统计信息关联起来]
[2017-03-02 17:37:24][debug][从服务器接收客流统计信息]
[2017-03-02 17:37:24][debug][加载疏散预案信息]
[2017-03-02 17:37:24][info][数据库连接成功]
[2017-03-02 17:37:24][debug][向数据库检索所有的疏散预案]
[2017-03-02 17:37:24][debug][加载疏散区域信息]
[2017-03-02 17:37:24][info][数据库连接成功]
[2017-03-02 17:37:24][debug][向数据库检索所有的疏散区域]
[2017-03-02 17:37:24][debug][绘制疏散区域]
[2017-03-02 17:37:24][debug][设置疏散区域名称对象]
[2017-03-02 17:37:24][debug][设置疏散区域名称文字对齐方式]
[2017-03-02 17:37:24][debug][从数据库加载巡逻方案的数据]
[2017-03-02 17:37:24][info][数据库连接成功]
[2017-03-02 17:37:24][debug][按ID升序检索所有视频巡航方案记录。检索件数：2]
[2017-03-02 17:42:33][debug][关闭与服务器的连接]
[2017-03-02 17:42:34][debug][从数据库加载巡逻方案的数据]
[2017-03-02 17:42:34][info][数据库连接成功]
[2017-03-02 17:42:34][debug][按ID升序检索所有视频巡航方案记录。检索件数：2]
[2017-03-02 17:42:35][debug][关闭与服务器的连接]
[2017-03-02 17:42:35][debug][从数据库加载巡逻方案的数据]
[2017-03-02 17:42:35][info][数据库连接成功]
[2017-03-02 17:42:35][debug][按ID升序检索所有视频巡航方案记录。检索件数：2]
[2017-03-02 17:42:37][debug][关闭与服务器的连接]
[2017-03-02 17:42:46][debug][打开log文件]
[2017-03-02 17:42:46][debug][从数据库加载巡逻方案的数据]
[2017-03-02 17:42:46][info][数据库连接成功]
[2017-03-02 17:42:46][debug][按ID升序检索所有视频巡航方案记录。检索件数：2]
[2017-03-02 17:42:47][debug][关闭与服务器的连接]
[2017-03-02 17:42:48][debug][连接服务器失败 由于目标计算机积极拒绝，无法连接。
]
[2017-03-02 17:42:48][debug][加载摄像头的信息]
[2017-03-02 17:42:48][info][数据库连接成功]
[2017-03-02 17:42:48][debug][向数据库检索所有设备数据]
[2017-03-02 17:42:48][debug][从数据库加载巡逻方案的数据]
[2017-03-02 17:42:48][info][数据库连接成功]
[2017-03-02 17:42:48][debug][按ID升序检索所有视频巡航方案记录。检索件数：2]
[2017-03-02 17:42:48][debug][初始化疏散预案相关内容]
[2017-03-02 17:42:48][debug][加载客流统计区域，及加载当天最新统计信息]
[2017-03-02 17:42:48][debug][加载客流统计区域]
[2017-03-02 17:42:49][info][数据库连接成功]
[2017-03-02 17:42:49][debug][按ID升序检索所有的客流区域数据。检索件数：3]
[2017-03-02 17:42:49][debug][初始化客流统计信息]
[2017-03-02 17:42:49][debug][加载相关设备信息,用来初始化客流统计信息]
[2017-03-02 17:42:49][info][数据库连接成功]
[2017-03-02 17:42:49][debug][向数据库检索指定设备信息，检索条件：ID = ]
[2017-03-02 17:42:49][debug][初始化客流统计信息]
[2017-03-02 17:42:49][debug][加载相关设备信息,用来初始化客流统计信息]
[2017-03-02 17:42:49][info][数据库连接成功]
[2017-03-02 17:42:49][debug][向数据库检索指定设备信息，检索条件：ID = 1]
[2017-03-02 17:42:49][debug][初始化客流统计信息]
[2017-03-02 17:42:49][debug][加载相关设备信息,用来初始化客流统计信息]
[2017-03-02 17:42:49][info][数据库连接成功]
[2017-03-02 17:42:49][debug][向数据库检索指定设备信息，检索条件：ID = 1]
[2017-03-02 17:42:49][info][数据库连接成功]
[2017-03-02 17:42:49][debug][向数据库检索指定设备信息，检索条件：ID = 2]
[2017-03-02 17:42:49][debug][从数据库加载当天最新的客流统计信息]
[2017-03-02 17:42:49][info][数据库连接成功]
[2017-03-02 17:42:49][debug][从客流信息log表中查找大于或等于 datetime 的最新数据。检索件数：0,检索条件：DATETIME = 20170302000000]
[2017-03-02 17:42:49][debug][场景中的摄像机跟相对应的现实中实体摄像机的客流统计信息关联起来]
[2017-03-02 17:42:49][debug][从服务器接收客流统计信息]
[2017-03-02 17:42:49][debug][加载疏散预案信息]
[2017-03-02 17:42:49][info][数据库连接成功]
[2017-03-02 17:42:49][debug][向数据库检索所有的疏散预案]
[2017-03-02 17:42:49][debug][加载疏散区域信息]
[2017-03-02 17:42:49][info][数据库连接成功]
[2017-03-02 17:42:49][debug][向数据库检索所有的疏散区域]
[2017-03-02 17:42:49][debug][绘制疏散区域]
[2017-03-02 17:42:49][debug][设置疏散区域名称对象]
[2017-03-02 17:42:49][debug][设置疏散区域名称文字对齐方式]
[2017-03-02 17:42:49][debug][从数据库加载巡逻方案的数据]
[2017-03-02 17:42:49][info][数据库连接成功]
[2017-03-02 17:42:49][debug][按ID升序检索所有视频巡航方案记录。检索件数：2]
[2017-03-02 17:47:55][debug][关闭与服务器的连接]
[2017-03-02 17:47:57][debug][打开log文件]
[2017-03-02 17:47:57][debug][从数据库加载巡逻方案的数据]
[2017-03-02 17:47:57][info][数据库连接成功]
[2017-03-02 17:47:57][debug][按ID升序检索所有视频巡航方案记录。检索件数：2]
[2017-03-02 17:48:07][debug][将客流统计数据存入数据库]
[2017-03-02 17:49:29][debug][打开log文件]
[2017-03-02 17:49:29][debug][从数据库加载巡逻方案的数据]
[2017-03-02 17:49:29][info][数据库连接成功]
[2017-03-02 17:49:29][debug][按ID升序检索所有视频巡航方案记录。检索件数：2]
[2017-03-02 17:49:30][debug][关闭与服务器的连接]
[2017-03-02 17:49:31][debug][连接服务器失败 由于目标计算机积极拒绝，无法连接。
]
[2017-03-02 17:49:31][debug][加载摄像头的信息]
[2017-03-02 17:49:31][info][数据库连接成功]
[2017-03-02 17:49:31][debug][向数据库检索所有设备数据]
[2017-03-02 17:49:31][debug][从数据库加载巡逻方案的数据]
[2017-03-02 17:49:31][info][数据库连接成功]
[2017-03-02 17:49:31][debug][按ID升序检索所有视频巡航方案记录。检索件数：2]
[2017-03-02 17:49:31][debug][初始化疏散预案相关内容]
[2017-03-02 17:49:31][debug][加载客流统计区域，及加载当天最新统计信息]
[2017-03-02 17:49:31][debug][加载客流统计区域]
[2017-03-02 17:49:31][info][数据库连接成功]
[2017-03-02 17:49:31][debug][按ID升序检索所有的客流区域数据。检索件数：3]
[2017-03-02 17:49:31][debug][初始化客流统计信息]
[2017-03-02 17:49:31][debug][加载相关设备信息,用来初始化客流统计信息]
[2017-03-02 17:49:31][info][数据库连接成功]
[2017-03-02 17:49:31][debug][向数据库检索指定设备信息，检索条件：ID = ]
[2017-03-02 17:49:31][debug][初始化客流统计信息]
[2017-03-02 17:49:31][debug][加载相关设备信息,用来初始化客流统计信息]
[2017-03-02 17:49:31][info][数据库连接成功]
[2017-03-02 17:49:31][debug][向数据库检索指定设备信息，检索条件：ID = 1]
[2017-03-02 17:49:31][debug][初始化客流统计信息]
[2017-03-02 17:49:31][debug][加载相关设备信息,用来初始化客流统计信息]
[2017-03-02 17:49:31][info][数据库连接成功]
[2017-03-02 17:49:31][debug][向数据库检索指定设备信息，检索条件：ID = 1]
[2017-03-02 17:49:31][info][数据库连接成功]
[2017-03-02 17:49:31][debug][向数据库检索指定设备信息，检索条件：ID = 2]
[2017-03-02 17:49:31][debug][从数据库加载当天最新的客流统计信息]
[2017-03-02 17:49:31][info][数据库连接成功]
[2017-03-02 17:49:31][debug][从客流信息log表中查找大于或等于 datetime 的最新数据。检索件数：0,检索条件：DATETIME = 20170302000000]
[2017-03-02 17:49:31][debug][场景中的摄像机跟相对应的现实中实体摄像机的客流统计信息关联起来]
[2017-03-02 17:49:31][debug][从服务器接收客流统计信息]
[2017-03-02 17:49:31][debug][加载疏散预案信息]
[2017-03-02 17:49:31][info][数据库连接成功]
[2017-03-02 17:49:31][debug][向数据库检索所有的疏散预案]
[2017-03-02 17:49:31][debug][加载疏散区域信息]
[2017-03-02 17:49:31][info][数据库连接成功]
[2017-03-02 17:49:31][debug][向数据库检索所有的疏散区域]
[2017-03-02 17:49:31][debug][绘制疏散区域]
[2017-03-02 17:49:31][debug][设置疏散区域名称对象]
[2017-03-02 17:49:31][debug][设置疏散区域名称文字对齐方式]
[2017-03-02 17:49:31][debug][从数据库加载巡逻方案的数据]
[2017-03-02 17:49:31][info][数据库连接成功]
[2017-03-02 17:49:31][debug][按ID升序检索所有视频巡航方案记录。检索件数：2]
[2017-03-02 17:50:28][debug][关闭与服务器的连接]
[2017-03-02 17:50:28][debug][从数据库加载巡逻方案的数据]
[2017-03-02 17:50:28][info][数据库连接成功]
[2017-03-02 17:50:28][debug][按ID升序检索所有视频巡航方案记录。检索件数：2]
[2017-03-02 17:50:45][debug][将客流统计数据存入数据库]
[2017-03-02 17:50:45][debug][关闭与服务器的连接]
[2017-03-02 17:50:51][debug][打开log文件]
[2017-03-02 17:50:51][debug][从数据库加载巡逻方案的数据]
[2017-03-02 17:50:51][info][数据库连接成功]
[2017-03-02 17:50:51][debug][按ID升序检索所有视频巡航方案记录。检索件数：2]
[2017-03-02 17:50:52][debug][关闭与服务器的连接]
[2017-03-02 17:50:53][debug][连接服务器失败 由于目标计算机积极拒绝，无法连接。
]
[2017-03-02 17:50:53][debug][加载摄像头的信息]
[2017-03-02 17:50:53][info][数据库连接成功]
[2017-03-02 17:50:53][debug][向数据库检索所有设备数据]
[2017-03-02 17:50:53][debug][从数据库加载巡逻方案的数据]
[2017-03-02 17:50:53][info][数据库连接成功]
[2017-03-02 17:50:53][debug][按ID升序检索所有视频巡航方案记录。检索件数：2]
[2017-03-02 17:50:53][debug][初始化疏散预案相关内容]
[2017-03-02 17:50:53][debug][加载客流统计区域，及加载当天最新统计信息]
[2017-03-02 17:50:53][debug][加载客流统计区域]
[2017-03-02 17:50:53][info][数据库连接成功]
[2017-03-02 17:50:53][debug][按ID升序检索所有的客流区域数据。检索件数：3]
[2017-03-02 17:50:53][debug][初始化客流统计信息]
[2017-03-02 17:50:53][debug][加载相关设备信息,用来初始化客流统计信息]
[2017-03-02 17:50:53][info][数据库连接成功]
[2017-03-02 17:50:53][debug][向数据库检索指定设备信息，检索条件：ID = ]
[2017-03-02 17:50:53][debug][初始化客流统计信息]
[2017-03-02 17:50:53][debug][加载相关设备信息,用来初始化客流统计信息]
[2017-03-02 17:50:53][info][数据库连接成功]
[2017-03-02 17:50:53][debug][向数据库检索指定设备信息，检索条件：ID = 1]
[2017-03-02 17:50:53][debug][初始化客流统计信息]
[2017-03-02 17:50:53][debug][加载相关设备信息,用来初始化客流统计信息]
[2017-03-02 17:50:53][info][数据库连接成功]
[2017-03-02 17:50:53][debug][向数据库检索指定设备信息，检索条件：ID = 1]
[2017-03-02 17:50:53][info][数据库连接成功]
[2017-03-02 17:50:53][debug][向数据库检索指定设备信息，检索条件：ID = 2]
[2017-03-02 17:50:53][debug][从数据库加载当天最新的客流统计信息]
[2017-03-02 17:50:53][info][数据库连接成功]
[2017-03-02 17:50:53][debug][从客流信息log表中查找大于或等于 datetime 的最新数据。检索件数：0,检索条件：DATETIME = 20170302000000]
[2017-03-02 17:50:53][debug][场景中的摄像机跟相对应的现实中实体摄像机的客流统计信息关联起来]
[2017-03-02 17:50:53][debug][从服务器接收客流统计信息]
[2017-03-02 17:50:53][debug][加载疏散预案信息]
[2017-03-02 17:50:53][info][数据库连接成功]
[2017-03-02 17:50:53][debug][向数据库检索所有的疏散预案]
[2017-03-02 17:50:53][debug][加载疏散区域信息]
[2017-03-02 17:50:53][info][数据库连接成功]
[2017-03-02 17:50:53][debug][向数据库检索所有的疏散区域]
[2017-03-02 17:50:53][debug][绘制疏散区域]
[2017-03-02 17:50:53][debug][设置疏散区域名称对象]
[2017-03-02 17:50:53][debug][设置疏散区域名称文字对齐方式]
[2017-03-02 17:50:53][debug][从数据库加载巡逻方案的数据]
[2017-03-02 17:50:53][info][数据库连接成功]
[2017-03-02 17:50:53][debug][按ID升序检索所有视频巡航方案记录。检索件数：2]
[2017-03-02 17:56:37][debug][关闭与服务器的连接]
[2017-03-02 17:56:39][debug][打开log文件]
[2017-03-02 17:56:39][debug][从数据库加载巡逻方案的数据]
[2017-03-02 17:56:39][info][数据库连接成功]
[2017-03-02 17:56:39][debug][按ID升序检索所有视频巡航方案记录。检索件数：2]
[2017-03-02 17:56:49][debug][将客流统计数据存入数据库]
[2017-03-02 17:56:55][debug][打开log文件]
[2017-03-02 17:56:55][debug][从数据库加载巡逻方案的数据]
[2017-03-02 17:56:55][info][数据库连接成功]
[2017-03-02 17:56:55][debug][按ID升序检索所有视频巡航方案记录。检索件数：2]
[2017-03-02 17:56:56][debug][关闭与服务器的连接]
[2017-03-02 17:56:57][debug][连接服务器失败 由于目标计算机积极拒绝，无法连接。
]
[2017-03-02 17:56:57][debug][加载摄像头的信息]
[2017-03-02 17:56:57][info][数据库连接成功]
[2017-03-02 17:56:57][debug][向数据库检索所有设备数据]
[2017-03-02 17:56:57][debug][从数据库加载巡逻方案的数据]
[2017-03-02 17:56:57][info][数据库连接成功]
[2017-03-02 17:56:57][debug][按ID升序检索所有视频巡航方案记录。检索件数：2]
[2017-03-02 17:56:57][debug][初始化疏散预案相关内容]
[2017-03-02 17:56:57][debug][加载客流统计区域，及加载当天最新统计信息]
[2017-03-02 17:56:57][debug][加载客流统计区域]
[2017-03-02 17:56:57][info][数据库连接成功]
[2017-03-02 17:56:57][debug][按ID升序检索所有的客流区域数据。检索件数：3]
[2017-03-02 17:56:57][debug][初始化客流统计信息]
[2017-03-02 17:56:57][debug][加载相关设备信息,用来初始化客流统计信息]
[2017-03-02 17:56:57][info][数据库连接成功]
[2017-03-02 17:56:57][debug][向数据库检索指定设备信息，检索条件：ID = ]
[2017-03-02 17:56:57][debug][初始化客流统计信息]
[2017-03-02 17:56:57][debug][加载相关设备信息,用来初始化客流统计信息]
[2017-03-02 17:56:57][info][数据库连接成功]
[2017-03-02 17:56:57][debug][向数据库检索指定设备信息，检索条件：ID = 1]
[2017-03-02 17:56:57][debug][初始化客流统计信息]
[2017-03-02 17:56:57][debug][加载相关设备信息,用来初始化客流统计信息]
[2017-03-02 17:56:57][info][数据库连接成功]
[2017-03-02 17:56:57][debug][向数据库检索指定设备信息，检索条件：ID = 1]
[2017-03-02 17:56:57][info][数据库连接成功]
[2017-03-02 17:56:57][debug][向数据库检索指定设备信息，检索条件：ID = 2]
[2017-03-02 17:56:57][debug][从数据库加载当天最新的客流统计信息]
[2017-03-02 17:56:57][info][数据库连接成功]
[2017-03-02 17:56:57][debug][从客流信息log表中查找大于或等于 datetime 的最新数据。检索件数：0,检索条件：DATETIME = 20170302000000]
[2017-03-02 17:56:57][debug][场景中的摄像机跟相对应的现实中实体摄像机的客流统计信息关联起来]
[2017-03-02 17:56:57][debug][从服务器接收客流统计信息]
[2017-03-02 17:56:57][debug][加载疏散预案信息]
[2017-03-02 17:56:57][info][数据库连接成功]
[2017-03-02 17:56:57][debug][向数据库检索所有的疏散预案]
[2017-03-02 17:56:57][debug][加载疏散区域信息]
[2017-03-02 17:56:57][info][数据库连接成功]
[2017-03-02 17:56:57][debug][向数据库检索所有的疏散区域]
[2017-03-02 17:56:57][debug][绘制疏散区域]
[2017-03-02 17:56:57][debug][设置疏散区域名称对象]
[2017-03-02 17:56:57][debug][设置疏散区域名称文字对齐方式]
[2017-03-02 17:56:57][debug][从数据库加载巡逻方案的数据]
[2017-03-02 17:56:57][info][数据库连接成功]
[2017-03-02 17:56:57][debug][按ID升序检索所有视频巡航方案记录。检索件数：2]
[2017-03-02 17:58:46][debug][关闭与服务器的连接]
[2017-03-02 17:58:48][debug][打开log文件]
[2017-03-02 17:58:48][debug][从数据库加载巡逻方案的数据]
[2017-03-02 17:58:48][info][数据库连接成功]
[2017-03-02 17:58:48][debug][按ID升序检索所有视频巡航方案记录。检索件数：2]
[2017-03-02 17:59:44][debug][将客流统计数据存入数据库]
[2017-03-02 18:06:15][debug][打开log文件]
[2017-03-02 18:06:15][debug][从数据库加载巡逻方案的数据]
[2017-03-02 18:06:15][info][数据库连接成功]
[2017-03-02 18:06:15][debug][按ID升序检索所有视频巡航方案记录。检索件数：2]
[2017-03-02 18:06:16][debug][关闭与服务器的连接]
[2017-03-02 18:06:17][debug][连接服务器失败 由于目标计算机积极拒绝，无法连接。
]
[2017-03-02 18:06:17][debug][加载摄像头的信息]
[2017-03-02 18:06:17][info][数据库连接成功]
[2017-03-02 18:06:17][debug][向数据库检索所有设备数据]
[2017-03-02 18:06:17][debug][从数据库加载巡逻方案的数据]
[2017-03-02 18:06:17][info][数据库连接成功]
[2017-03-02 18:06:17][debug][按ID升序检索所有视频巡航方案记录。检索件数：2]
[2017-03-02 18:06:17][debug][初始化疏散预案相关内容]
[2017-03-02 18:06:17][debug][加载客流统计区域，及加载当天最新统计信息]
[2017-03-02 18:06:17][debug][加载客流统计区域]
[2017-03-02 18:06:17][info][数据库连接成功]
[2017-03-02 18:06:17][debug][按ID升序检索所有的客流区域数据。检索件数：3]
[2017-03-02 18:06:17][debug][初始化客流统计信息]
[2017-03-02 18:06:17][debug][加载相关设备信息,用来初始化客流统计信息]
[2017-03-02 18:06:17][info][数据库连接成功]
[2017-03-02 18:06:17][debug][向数据库检索指定设备信息，检索条件：ID = ]
[2017-03-02 18:06:17][debug][初始化客流统计信息]
[2017-03-02 18:06:17][debug][加载相关设备信息,用来初始化客流统计信息]
[2017-03-02 18:06:17][info][数据库连接成功]
[2017-03-02 18:06:17][debug][向数据库检索指定设备信息，检索条件：ID = 1]
[2017-03-02 18:06:17][debug][初始化客流统计信息]
[2017-03-02 18:06:17][debug][加载相关设备信息,用来初始化客流统计信息]
[2017-03-02 18:06:17][info][数据库连接成功]
[2017-03-02 18:06:17][debug][向数据库检索指定设备信息，检索条件：ID = 1]
[2017-03-02 18:06:17][info][数据库连接成功]
[2017-03-02 18:06:17][debug][向数据库检索指定设备信息，检索条件：ID = 2]
[2017-03-02 18:06:17][debug][从数据库加载当天最新的客流统计信息]
[2017-03-02 18:06:17][info][数据库连接成功]
[2017-03-02 18:06:17][debug][从客流信息log表中查找大于或等于 datetime 的最新数据。检索件数：0,检索条件：DATETIME = 20170302000000]
[2017-03-02 18:06:17][debug][场景中的摄像机跟相对应的现实中实体摄像机的客流统计信息关联起来]
[2017-03-02 18:06:17][debug][从服务器接收客流统计信息]
[2017-03-02 18:06:17][debug][加载疏散预案信息]
[2017-03-02 18:06:17][info][数据库连接成功]
[2017-03-02 18:06:17][debug][向数据库检索所有的疏散预案]
[2017-03-02 18:06:17][debug][加载疏散区域信息]
[2017-03-02 18:06:17][info][数据库连接成功]
[2017-03-02 18:06:17][debug][向数据库检索所有的疏散区域]
[2017-03-02 18:06:17][debug][绘制疏散区域]
[2017-03-02 18:06:17][debug][设置疏散区域名称对象]
[2017-03-02 18:06:17][debug][设置疏散区域名称文字对齐方式]
[2017-03-02 18:06:17][debug][从数据库加载巡逻方案的数据]
[2017-03-02 18:06:17][info][数据库连接成功]
[2017-03-02 18:06:17][debug][按ID升序检索所有视频巡航方案记录。检索件数：2]
[2017-03-02 18:12:04][debug][关闭与服务器的连接]
[2017-03-02 18:12:06][debug][打开log文件]
[2017-03-02 18:12:06][debug][从数据库加载巡逻方案的数据]
[2017-03-02 18:12:06][info][数据库连接成功]
[2017-03-02 18:12:06][debug][按ID升序检索所有视频巡航方案记录。检索件数：2]
[2017-03-02 18:12:47][debug][将客流统计数据存入数据库]
[2017-03-02 18:12:56][debug][打开log文件]
[2017-03-02 18:12:56][debug][从数据库加载巡逻方案的数据]
[2017-03-02 18:12:56][info][数据库连接成功]
[2017-03-02 18:12:56][debug][按ID升序检索所有视频巡航方案记录。检索件数：2]
[2017-03-02 18:12:57][debug][关闭与服务器的连接]
[2017-03-02 18:12:58][debug][连接服务器失败 由于目标计算机积极拒绝，无法连接。
]
[2017-03-02 18:12:58][debug][加载摄像头的信息]
[2017-03-02 18:12:58][info][数据库连接成功]
[2017-03-02 18:12:58][debug][向数据库检索所有设备数据]
[2017-03-02 18:12:58][debug][从数据库加载巡逻方案的数据]
[2017-03-02 18:12:58][info][数据库连接成功]
[2017-03-02 18:12:58][debug][按ID升序检索所有视频巡航方案记录。检索件数：2]
[2017-03-02 18:12:58][debug][初始化疏散预案相关内容]
[2017-03-02 18:12:58][debug][加载客流统计区域，及加载当天最新统计信息]
[2017-03-02 18:12:58][debug][加载客流统计区域]
[2017-03-02 18:12:58][info][数据库连接成功]
[2017-03-02 18:12:58][debug][按ID升序检索所有的客流区域数据。检索件数：3]
[2017-03-02 18:12:58][debug][初始化客流统计信息]
[2017-03-02 18:12:58][debug][加载相关设备信息,用来初始化客流统计信息]
[2017-03-02 18:12:58][info][数据库连接成功]
[2017-03-02 18:12:58][debug][向数据库检索指定设备信息，检索条件：ID = ]
[2017-03-02 18:12:58][debug][初始化客流统计信息]
[2017-03-02 18:12:58][debug][加载相关设备信息,用来初始化客流统计信息]
[2017-03-02 18:12:58][info][数据库连接成功]
[2017-03-02 18:12:58][debug][向数据库检索指定设备信息，检索条件：ID = 1]
[2017-03-02 18:12:58][debug][初始化客流统计信息]
[2017-03-02 18:12:58][debug][加载相关设备信息,用来初始化客流统计信息]
[2017-03-02 18:12:58][info][数据库连接成功]
[2017-03-02 18:12:58][debug][向数据库检索指定设备信息，检索条件：ID = 1]
[2017-03-02 18:12:58][info][数据库连接成功]
[2017-03-02 18:12:58][debug][向数据库检索指定设备信息，检索条件：ID = 2]
[2017-03-02 18:12:58][debug][从数据库加载当天最新的客流统计信息]
[2017-03-02 18:12:58][info][数据库连接成功]
[2017-03-02 18:12:58][debug][从客流信息log表中查找大于或等于 datetime 的最新数据。检索件数：0,检索条件：DATETIME = 20170302000000]
[2017-03-02 18:12:58][debug][场景中的摄像机跟相对应的现实中实体摄像机的客流统计信息关联起来]
[2017-03-02 18:12:58][debug][从服务器接收客流统计信息]
[2017-03-02 18:12:58][debug][加载疏散预案信息]
[2017-03-02 18:12:58][info][数据库连接成功]
[2017-03-02 18:12:58][debug][向数据库检索所有的疏散预案]
[2017-03-02 18:12:58][debug][加载疏散区域信息]
[2017-03-02 18:12:58][info][数据库连接成功]
[2017-03-02 18:12:58][debug][向数据库检索所有的疏散区域]
[2017-03-02 18:12:58][debug][绘制疏散区域]
[2017-03-02 18:12:58][debug][设置疏散区域名称对象]
[2017-03-02 18:12:58][debug][设置疏散区域名称文字对齐方式]
[2017-03-02 18:12:58][debug][从数据库加载巡逻方案的数据]
[2017-03-02 18:12:58][info][数据库连接成功]
[2017-03-02 18:12:58][debug][按ID升序检索所有视频巡航方案记录。检索件数：2]
[2017-03-02 18:14:27][debug][运行当前选择的巡逻方案]
[2017-03-02 18:14:27][info][数据库连接成功]
[2017-03-02 18:14:27][debug][向数据库检索所有设备数据]
[2017-03-02 18:14:27][debug][播放下一个摄像监控]
[2017-03-02 18:14:27][debug][播放视频巡航视频]
[2017-03-02 18:14:27][debug][请求打开摄像头]
[2017-03-02 18:14:27][debug][请求打开摄像头失败, CameraId:1]
[2017-03-02 18:14:27][debug][将视角移动到指定位置]
[2017-03-02 18:14:27][info][数据库连接成功]
[2017-03-02 18:14:27][info][数据库连接成功]
[2017-03-02 18:14:27][info][数据库连接成功]
[2017-03-02 18:14:27][info][数据库连接成功]
[2017-03-02 18:14:27][debug][插入视频巡逻方案执行日志。插入件数：1]
[2017-03-02 18:14:27][info][数据库连接成功]
[2017-03-02 18:14:27][info][数据库连接成功]
[2017-03-02 18:14:27][info][数据库连接成功]
[2017-03-02 18:14:39][debug][角移动完成]
[2017-03-02 18:14:44][debug][播放下一个摄像头的视频]
[2017-03-02 18:14:44][debug][播放下一个摄像监控]
[2017-03-02 18:14:44][debug][播放视频巡航视频]
[2017-03-02 18:14:44][debug][视频巡航视频打开失败]
[2017-03-02 18:14:44][debug][把视频巡逻方案操作记录写到数据库中]
[2017-03-02 18:14:44][info][数据库连接成功]
[2017-03-02 18:14:44][info][数据库连接成功]
[2017-03-02 18:14:45][debug][插入视频巡逻详细log数据。插入件数：1]
[2017-03-02 18:14:45][debug][保存视频巡逻图片]
[2017-03-02 18:14:45][debug][请求打开摄像头]
[2017-03-02 18:14:45][debug][请求打开摄像头失败, CameraId:2]
[2017-03-02 18:14:45][debug][将视角移动到指定位置]
[2017-03-02 18:15:03][debug][角移动完成]
[2017-03-02 18:15:05][debug][播放下一个摄像头的视频]
[2017-03-02 18:15:05][debug][播放下一个摄像监控]
[2017-03-02 18:15:05][debug][播放视频巡航视频]
[2017-03-02 18:15:05][debug][视频巡航视频打开失败]
[2017-03-02 18:15:05][debug][把视频巡逻方案操作记录写到数据库中]
[2017-03-02 18:15:05][info][数据库连接成功]
[2017-03-02 18:15:05][info][数据库连接成功]
[2017-03-02 18:15:05][debug][插入视频巡逻详细log数据。插入件数：1]
[2017-03-02 18:15:05][debug][保存视频巡逻图片]
[2017-03-02 18:15:05][debug][请求打开摄像头]
[2017-03-02 18:15:05][debug][请求打开摄像头失败, CameraId:3]
[2017-03-02 18:15:05][debug][将视角移动到指定位置]
[2017-03-02 18:15:22][debug][角移动完成]
[2017-03-02 18:15:23][debug][播放下一个摄像头的视频]
[2017-03-02 18:15:23][debug][播放下一个摄像监控]
[2017-03-02 18:15:23][debug][播放视频巡航视频]
[2017-03-02 18:15:23][debug][视频巡航视频打开失败]
[2017-03-02 18:15:23][debug][把视频巡逻方案操作记录写到数据库中]
[2017-03-02 18:15:23][info][数据库连接成功]
[2017-03-02 18:15:23][info][数据库连接成功]
[2017-03-02 18:15:24][debug][插入视频巡逻详细log数据。插入件数：1]
[2017-03-02 18:15:24][debug][保存视频巡逻图片]
[2017-03-02 18:15:24][debug][请求打开摄像头]
[2017-03-02 18:15:24][debug][请求打开摄像头失败, CameraId:4]
[2017-03-02 18:15:24][debug][将视角移动到指定位置]
[2017-03-02 18:15:47][debug][角移动完成]
[2017-03-02 18:15:48][debug][播放下一个摄像头的视频]
[2017-03-02 18:15:48][debug][播放下一个摄像监控]
[2017-03-02 18:15:48][debug][播放视频巡航视频]
[2017-03-02 18:15:48][debug][视频巡航视频打开失败]
[2017-03-02 18:15:48][debug][把视频巡逻方案操作记录写到数据库中]
[2017-03-02 18:15:48][info][数据库连接成功]
[2017-03-02 18:15:48][info][数据库连接成功]
[2017-03-02 18:15:48][debug][插入视频巡逻详细log数据。插入件数：1]
[2017-03-02 18:15:48][debug][保存视频巡逻图片]
[2017-03-02 18:15:48][debug][请求打开摄像头]
[2017-03-02 18:15:48][debug][请求打开摄像头失败, CameraId:5]
[2017-03-02 18:15:48][debug][将视角移动到指定位置]
[2017-03-02 18:16:06][debug][角移动完成]
[2017-03-02 18:16:07][debug][播放下一个摄像头的视频]
[2017-03-02 18:16:07][debug][播放下一个摄像监控]
[2017-03-02 18:16:07][debug][播放视频巡航视频]
[2017-03-02 18:16:07][debug][视频巡航视频打开失败]
[2017-03-02 18:16:07][debug][把视频巡逻方案操作记录写到数据库中]
[2017-03-02 18:16:07][info][数据库连接成功]
[2017-03-02 18:16:07][info][数据库连接成功]
[2017-03-02 18:16:07][debug][插入视频巡逻详细log数据。插入件数：1]
[2017-03-02 18:16:07][debug][保存视频巡逻图片]
[2017-03-02 18:16:07][debug][请求打开摄像头]
[2017-03-02 18:16:07][debug][请求打开摄像头失败, CameraId:6]
[2017-03-02 18:16:07][debug][将视角移动到指定位置]
[2017-03-02 18:16:16][debug][角移动完成]
[2017-03-02 18:16:16][debug][退出视频巡航窗口，并关闭相关的摄像头]
[2017-03-02 18:16:16][debug][把视频巡逻方案操作记录写到数据库中]
[2017-03-02 18:16:16][info][数据库连接成功]
[2017-03-02 18:16:16][info][数据库连接成功]
[2017-03-02 18:16:16][debug][插入视频巡逻详细log数据。插入件数：1]
[2017-03-02 18:16:16][debug][停止视频巡逻方案]
[2017-03-02 18:16:16][debug][请求关闭摄像头]
[2017-03-02 18:16:16][debug][请求关闭摄像头失败。CameraId:6]
[2017-03-02 18:16:19][debug][运行当前选择的巡逻方案]
[2017-03-02 18:16:19][debug][播放下一个摄像监控]
[2017-03-02 18:16:19][debug][播放视频巡航视频]
[2017-03-02 18:16:19][debug][请求打开摄像头]
[2017-03-02 18:16:19][debug][请求打开摄像头失败, CameraId:3]
[2017-03-02 18:16:19][debug][将视角移动到指定位置]
[2017-03-02 18:16:19][info][数据库连接成功]
[2017-03-02 18:16:19][info][数据库连接成功]
[2017-03-02 18:16:19][info][数据库连接成功]
[2017-03-02 18:16:19][info][数据库连接成功]
[2017-03-02 18:16:19][debug][插入视频巡逻方案执行日志。插入件数：1]
[2017-03-02 18:16:19][info][数据库连接成功]
[2017-03-02 18:16:19][info][数据库连接成功]
[2017-03-02 18:16:19][info][数据库连接成功]
[2017-03-02 18:16:38][debug][角移动完成]
[2017-03-02 18:16:40][debug][播放下一个摄像头的视频]
[2017-03-02 18:16:40][debug][播放下一个摄像监控]
[2017-03-02 18:16:40][debug][播放视频巡航视频]
[2017-03-02 18:16:40][debug][视频巡航视频打开失败]
[2017-03-02 18:16:40][debug][把视频巡逻方案操作记录写到数据库中]
[2017-03-02 18:16:40][info][数据库连接成功]
[2017-03-02 18:16:41][info][数据库连接成功]
[2017-03-02 18:16:41][debug][插入视频巡逻详细log数据。插入件数：1]
[2017-03-02 18:16:41][debug][保存视频巡逻图片]
[2017-03-02 18:16:41][debug][请求打开摄像头]
[2017-03-02 18:16:41][debug][请求打开摄像头失败, CameraId:2]
[2017-03-02 18:16:41][debug][将视角移动到指定位置]
[2017-03-02 18:16:58][debug][角移动完成]
[2017-03-02 18:16:59][debug][退出视频巡航窗口，并关闭相关的摄像头]
[2017-03-02 18:16:59][debug][把视频巡逻方案操作记录写到数据库中]
[2017-03-02 18:16:59][info][数据库连接成功]
[2017-03-02 18:16:59][info][数据库连接成功]
[2017-03-02 18:16:59][debug][插入视频巡逻详细log数据。插入件数：1]
[2017-03-02 18:16:59][debug][停止视频巡逻方案]
[2017-03-02 18:16:59][debug][请求关闭摄像头]
[2017-03-02 18:16:59][debug][请求关闭摄像头失败。CameraId:2]
[2017-03-02 18:19:16][debug][关闭与服务器的连接]
[2017-03-02 18:19:18][debug][打开log文件]
[2017-03-02 18:19:18][debug][从数据库加载巡逻方案的数据]
[2017-03-02 18:19:18][info][数据库连接成功]
[2017-03-02 18:19:18][debug][按ID升序检索所有视频巡航方案记录。检索件数：2]
[2017-03-02 18:19:22][debug][将客流统计数据存入数据库]
[2017-03-02 18:20:54][debug][打开log文件]
[2017-03-02 18:20:54][debug][从数据库加载巡逻方案的数据]
[2017-03-02 18:20:54][info][数据库连接成功]
[2017-03-02 18:20:54][debug][按ID升序检索所有视频巡航方案记录。检索件数：2]
[2017-03-02 18:20:55][debug][关闭与服务器的连接]
[2017-03-02 18:20:56][debug][连接服务器失败 由于目标计算机积极拒绝，无法连接。
]
[2017-03-02 18:20:56][debug][加载摄像头的信息]
[2017-03-02 18:20:56][info][数据库连接成功]
[2017-03-02 18:20:56][debug][向数据库检索所有设备数据]
[2017-03-02 18:20:56][debug][从数据库加载巡逻方案的数据]
[2017-03-02 18:20:56][info][数据库连接成功]
[2017-03-02 18:20:56][debug][按ID升序检索所有视频巡航方案记录。检索件数：2]
[2017-03-02 18:20:56][debug][初始化疏散预案相关内容]
[2017-03-02 18:20:56][debug][加载客流统计区域，及加载当天最新统计信息]
[2017-03-02 18:20:56][debug][加载客流统计区域]
[2017-03-02 18:20:56][info][数据库连接成功]
[2017-03-02 18:20:56][debug][按ID升序检索所有的客流区域数据。检索件数：3]
[2017-03-02 18:20:56][debug][初始化客流统计信息]
[2017-03-02 18:20:56][debug][加载相关设备信息,用来初始化客流统计信息]
[2017-03-02 18:20:56][info][数据库连接成功]
[2017-03-02 18:20:56][debug][向数据库检索指定设备信息，检索条件：ID = ]
[2017-03-02 18:20:56][debug][初始化客流统计信息]
[2017-03-02 18:20:56][debug][加载相关设备信息,用来初始化客流统计信息]
[2017-03-02 18:20:56][info][数据库连接成功]
[2017-03-02 18:20:56][debug][向数据库检索指定设备信息，检索条件：ID = 1]
[2017-03-02 18:20:56][debug][初始化客流统计信息]
[2017-03-02 18:20:56][debug][加载相关设备信息,用来初始化客流统计信息]
[2017-03-02 18:20:56][info][数据库连接成功]
[2017-03-02 18:20:56][debug][向数据库检索指定设备信息，检索条件：ID = 1]
[2017-03-02 18:20:56][info][数据库连接成功]
[2017-03-02 18:20:56][debug][向数据库检索指定设备信息，检索条件：ID = 2]
[2017-03-02 18:20:56][debug][从数据库加载当天最新的客流统计信息]
[2017-03-02 18:20:56][info][数据库连接成功]
[2017-03-02 18:20:56][debug][从客流信息log表中查找大于或等于 datetime 的最新数据。检索件数：0,检索条件：DATETIME = 20170302000000]
[2017-03-02 18:20:56][debug][场景中的摄像机跟相对应的现实中实体摄像机的客流统计信息关联起来]
[2017-03-02 18:20:56][debug][从服务器接收客流统计信息]
[2017-03-02 18:20:56][debug][加载疏散预案信息]
[2017-03-02 18:20:56][info][数据库连接成功]
[2017-03-02 18:20:56][debug][向数据库检索所有的疏散预案]
[2017-03-02 18:20:56][debug][加载疏散区域信息]
[2017-03-02 18:20:56][info][数据库连接成功]
[2017-03-02 18:20:56][debug][向数据库检索所有的疏散区域]
[2017-03-02 18:20:56][debug][绘制疏散区域]
[2017-03-02 18:20:56][debug][设置疏散区域名称对象]
[2017-03-02 18:20:56][debug][设置疏散区域名称文字对齐方式]
[2017-03-02 18:20:56][debug][从数据库加载巡逻方案的数据]
[2017-03-02 18:20:56][info][数据库连接成功]
[2017-03-02 18:20:56][debug][按ID升序检索所有视频巡航方案记录。检索件数：2]
[2017-03-02 18:24:17][debug][显示个人信息面板]
[2017-03-02 18:29:09][debug][将客流统计数据存入数据库]
[2017-03-02 18:29:09][debug][关闭与服务器的连接]
[2017-03-02 18:29:37][debug][打开log文件]
[2017-03-02 18:29:37][debug][关闭与服务器的连接]
[2017-03-02 18:29:38][debug][连接服务器失败 由于目标计算机积极拒绝，无法连接。
]
[2017-03-02 18:29:44][debug][关闭与服务器的连接]
[2017-03-02 18:31:03][debug][打开log文件]
[2017-03-02 18:31:03][debug][从数据库加载巡逻方案的数据]
[2017-03-02 18:31:03][info][数据库连接成功]
[2017-03-02 18:31:03][debug][按ID升序检索所有视频巡航方案记录。检索件数：2]
[2017-03-02 18:31:04][debug][关闭与服务器的连接]
[2017-03-02 18:31:05][debug][连接服务器失败 由于目标计算机积极拒绝，无法连接。
]
[2017-03-02 18:31:05][debug][加载摄像头的信息]
[2017-03-02 18:31:05][info][数据库连接成功]
[2017-03-02 18:31:05][debug][向数据库检索所有设备数据]
[2017-03-02 18:31:05][debug][从数据库加载巡逻方案的数据]
[2017-03-02 18:31:05][info][数据库连接成功]
[2017-03-02 18:31:05][debug][按ID升序检索所有视频巡航方案记录。检索件数：2]
[2017-03-02 18:31:05][debug][初始化疏散预案相关内容]
[2017-03-02 18:31:05][debug][加载客流统计区域，及加载当天最新统计信息]
[2017-03-02 18:31:05][debug][加载客流统计区域]
[2017-03-02 18:31:05][info][数据库连接成功]
[2017-03-02 18:31:05][debug][按ID升序检索所有的客流区域数据。检索件数：3]
[2017-03-02 18:31:05][debug][初始化客流统计信息]
[2017-03-02 18:31:05][debug][加载相关设备信息,用来初始化客流统计信息]
[2017-03-02 18:31:05][info][数据库连接成功]
[2017-03-02 18:31:05][debug][向数据库检索指定设备信息，检索条件：ID = ]
[2017-03-02 18:31:05][debug][初始化客流统计信息]
[2017-03-02 18:31:05][debug][加载相关设备信息,用来初始化客流统计信息]
[2017-03-02 18:31:05][info][数据库连接成功]
[2017-03-02 18:31:05][debug][向数据库检索指定设备信息，检索条件：ID = 1]
[2017-03-02 18:31:05][debug][初始化客流统计信息]
[2017-03-02 18:31:05][debug][加载相关设备信息,用来初始化客流统计信息]
[2017-03-02 18:31:05][info][数据库连接成功]
[2017-03-02 18:31:05][debug][向数据库检索指定设备信息，检索条件：ID = 1]
[2017-03-02 18:31:05][info][数据库连接成功]
[2017-03-02 18:31:05][debug][向数据库检索指定设备信息，检索条件：ID = 2]
[2017-03-02 18:31:05][debug][从数据库加载当天最新的客流统计信息]
[2017-03-02 18:31:05][info][数据库连接成功]
[2017-03-02 18:31:05][debug][从客流信息log表中查找大于或等于 datetime 的最新数据。检索件数：0,检索条件：DATETIME = 20170302000000]
[2017-03-02 18:31:05][debug][场景中的摄像机跟相对应的现实中实体摄像机的客流统计信息关联起来]
[2017-03-02 18:31:05][debug][从服务器接收客流统计信息]
[2017-03-02 18:31:05][debug][加载疏散预案信息]
[2017-03-02 18:31:05][info][数据库连接成功]
[2017-03-02 18:31:05][debug][向数据库检索所有的疏散预案]
[2017-03-02 18:31:05][debug][加载疏散区域信息]
[2017-03-02 18:31:05][info][数据库连接成功]
[2017-03-02 18:31:05][debug][向数据库检索所有的疏散区域]
[2017-03-02 18:31:05][debug][绘制疏散区域]
[2017-03-02 18:31:05][debug][设置疏散区域名称对象]
[2017-03-02 18:31:05][debug][设置疏散区域名称文字对齐方式]
[2017-03-02 18:31:05][debug][从数据库加载巡逻方案的数据]
[2017-03-02 18:31:05][info][数据库连接成功]
[2017-03-02 18:31:05][debug][按ID升序检索所有视频巡航方案记录。检索件数：2]
[2017-03-02 18:31:34][debug][将客流统计数据存入数据库]
[2017-03-02 18:31:34][debug][关闭与服务器的连接]
[2017-03-02 18:31:40][debug][打开log文件]
[2017-03-02 18:31:40][debug][从数据库加载巡逻方案的数据]
[2017-03-02 18:31:40][info][数据库连接成功]
[2017-03-02 18:31:40][debug][按ID升序检索所有视频巡航方案记录。检索件数：2]
[2017-03-02 18:31:41][debug][关闭与服务器的连接]
[2017-03-02 18:31:42][debug][连接服务器失败 由于目标计算机积极拒绝，无法连接。
]
[2017-03-02 18:31:42][debug][加载摄像头的信息]
[2017-03-02 18:31:42][info][数据库连接成功]
[2017-03-02 18:31:42][debug][向数据库检索所有设备数据]
[2017-03-02 18:31:42][debug][从数据库加载巡逻方案的数据]
[2017-03-02 18:31:42][info][数据库连接成功]
[2017-03-02 18:31:42][debug][按ID升序检索所有视频巡航方案记录。检索件数：2]
[2017-03-02 18:31:42][debug][初始化疏散预案相关内容]
[2017-03-02 18:31:42][debug][加载客流统计区域，及加载当天最新统计信息]
[2017-03-02 18:31:42][debug][加载客流统计区域]
[2017-03-02 18:31:42][info][数据库连接成功]
[2017-03-02 18:31:42][debug][按ID升序检索所有的客流区域数据。检索件数：3]
[2017-03-02 18:31:42][debug][初始化客流统计信息]
[2017-03-02 18:31:42][debug][加载相关设备信息,用来初始化客流统计信息]
[2017-03-02 18:31:42][info][数据库连接成功]
[2017-03-02 18:31:42][debug][向数据库检索指定设备信息，检索条件：ID = ]
[2017-03-02 18:31:42][debug][初始化客流统计信息]
[2017-03-02 18:31:42][debug][加载相关设备信息,用来初始化客流统计信息]
[2017-03-02 18:31:42][info][数据库连接成功]
[2017-03-02 18:31:42][debug][向数据库检索指定设备信息，检索条件：ID = 1]
[2017-03-02 18:31:42][debug][初始化客流统计信息]
[2017-03-02 18:31:42][debug][加载相关设备信息,用来初始化客流统计信息]
[2017-03-02 18:31:42][info][数据库连接成功]
[2017-03-02 18:31:42][debug][向数据库检索指定设备信息，检索条件：ID = 1]
[2017-03-02 18:31:42][info][数据库连接成功]
[2017-03-02 18:31:42][debug][向数据库检索指定设备信息，检索条件：ID = 2]
[2017-03-02 18:31:42][debug][从数据库加载当天最新的客流统计信息]
[2017-03-02 18:31:42][info][数据库连接成功]
[2017-03-02 18:31:42][debug][从客流信息log表中查找大于或等于 datetime 的最新数据。检索件数：0,检索条件：DATETIME = 20170302000000]
[2017-03-02 18:31:42][debug][场景中的摄像机跟相对应的现实中实体摄像机的客流统计信息关联起来]
[2017-03-02 18:31:42][debug][从服务器接收客流统计信息]
[2017-03-02 18:31:42][debug][加载疏散预案信息]
[2017-03-02 18:31:42][info][数据库连接成功]
[2017-03-02 18:31:42][debug][向数据库检索所有的疏散预案]
[2017-03-02 18:31:42][debug][加载疏散区域信息]
[2017-03-02 18:31:42][info][数据库连接成功]
[2017-03-02 18:31:42][debug][向数据库检索所有的疏散区域]
[2017-03-02 18:31:42][debug][绘制疏散区域]
[2017-03-02 18:31:42][debug][设置疏散区域名称对象]
[2017-03-02 18:31:42][debug][设置疏散区域名称文字对齐方式]
[2017-03-02 18:31:42][debug][从数据库加载巡逻方案的数据]
[2017-03-02 18:31:42][info][数据库连接成功]
[2017-03-02 18:31:42][debug][按ID升序检索所有视频巡航方案记录。检索件数：2]
[2017-03-02 18:34:13][debug][运行当前选择的巡逻方案]
[2017-03-02 18:34:13][info][数据库连接成功]
[2017-03-02 18:34:13][debug][向数据库检索所有设备数据]
[2017-03-02 18:34:13][debug][播放下一个摄像监控]
[2017-03-02 18:34:13][debug][播放视频巡航视频]
[2017-03-02 18:34:13][debug][请求打开摄像头]
[2017-03-02 18:34:13][debug][请求打开摄像头失败, CameraId:1]
[2017-03-02 18:34:13][debug][将视角移动到指定位置]
[2017-03-02 18:34:13][info][数据库连接成功]
[2017-03-02 18:34:13][info][数据库连接成功]
[2017-03-02 18:34:13][info][数据库连接成功]
[2017-03-02 18:34:13][info][数据库连接成功]
[2017-03-02 18:34:13][debug][插入视频巡逻方案执行日志。插入件数：1]
[2017-03-02 18:34:13][info][数据库连接成功]
[2017-03-02 18:34:13][info][数据库连接成功]
[2017-03-02 18:34:13][info][数据库连接成功]
[2017-03-02 18:34:13][debug][关闭与服务器的连接]
[2017-03-02 18:34:15][debug][打开log文件]
[2017-03-02 18:34:15][debug][从数据库加载巡逻方案的数据]
[2017-03-02 18:34:15][info][数据库连接成功]
[2017-03-02 18:34:15][debug][按ID升序检索所有视频巡航方案记录。检索件数：2]
[2017-03-02 18:34:27][debug][将客流统计数据存入数据库]
[2017-03-02 18:34:36][debug][打开log文件]
[2017-03-02 18:34:36][debug][从数据库加载巡逻方案的数据]
[2017-03-02 18:34:36][info][数据库连接成功]
[2017-03-02 18:34:36][debug][按ID升序检索所有视频巡航方案记录。检索件数：2]
[2017-03-02 18:34:37][debug][关闭与服务器的连接]
[2017-03-02 18:34:38][debug][连接服务器失败 由于目标计算机积极拒绝，无法连接。
]
[2017-03-02 18:34:38][debug][加载摄像头的信息]
[2017-03-02 18:34:38][info][数据库连接成功]
[2017-03-02 18:34:38][debug][向数据库检索所有设备数据]
[2017-03-02 18:34:38][debug][从数据库加载巡逻方案的数据]
[2017-03-02 18:34:38][info][数据库连接成功]
[2017-03-02 18:34:38][debug][按ID升序检索所有视频巡航方案记录。检索件数：2]
[2017-03-02 18:34:38][debug][初始化疏散预案相关内容]
[2017-03-02 18:34:38][debug][加载客流统计区域，及加载当天最新统计信息]
[2017-03-02 18:34:38][debug][加载客流统计区域]
[2017-03-02 18:34:38][info][数据库连接成功]
[2017-03-02 18:34:38][debug][按ID升序检索所有的客流区域数据。检索件数：3]
[2017-03-02 18:34:38][debug][初始化客流统计信息]
[2017-03-02 18:34:38][debug][加载相关设备信息,用来初始化客流统计信息]
[2017-03-02 18:34:38][info][数据库连接成功]
[2017-03-02 18:34:38][debug][向数据库检索指定设备信息，检索条件：ID = ]
[2017-03-02 18:34:38][debug][初始化客流统计信息]
[2017-03-02 18:34:38][debug][加载相关设备信息,用来初始化客流统计信息]
[2017-03-02 18:34:38][info][数据库连接成功]
[2017-03-02 18:34:38][debug][向数据库检索指定设备信息，检索条件：ID = 1]
[2017-03-02 18:34:38][debug][初始化客流统计信息]
[2017-03-02 18:34:38][debug][加载相关设备信息,用来初始化客流统计信息]
[2017-03-02 18:34:38][info][数据库连接成功]
[2017-03-02 18:34:38][debug][向数据库检索指定设备信息，检索条件：ID = 1]
[2017-03-02 18:34:38][info][数据库连接成功]
[2017-03-02 18:34:38][debug][向数据库检索指定设备信息，检索条件：ID = 2]
[2017-03-02 18:34:38][debug][从数据库加载当天最新的客流统计信息]
[2017-03-02 18:34:38][info][数据库连接成功]
[2017-03-02 18:34:38][debug][从客流信息log表中查找大于或等于 datetime 的最新数据。检索件数：0,检索条件：DATETIME = 20170302000000]
[2017-03-02 18:34:38][debug][场景中的摄像机跟相对应的现实中实体摄像机的客流统计信息关联起来]
[2017-03-02 18:34:38][debug][从服务器接收客流统计信息]
[2017-03-02 18:34:38][debug][加载疏散预案信息]
[2017-03-02 18:34:38][info][数据库连接成功]
[2017-03-02 18:34:38][debug][向数据库检索所有的疏散预案]
[2017-03-02 18:34:38][debug][加载疏散区域信息]
[2017-03-02 18:34:38][info][数据库连接成功]
[2017-03-02 18:34:38][debug][向数据库检索所有的疏散区域]
[2017-03-02 18:34:38][debug][绘制疏散区域]
[2017-03-02 18:34:38][debug][设置疏散区域名称对象]
[2017-03-02 18:34:38][debug][设置疏散区域名称文字对齐方式]
[2017-03-02 18:34:38][debug][从数据库加载巡逻方案的数据]
[2017-03-02 18:34:38][info][数据库连接成功]
[2017-03-02 18:34:38][debug][按ID升序检索所有视频巡航方案记录。检索件数：2]
[2017-03-02 18:39:46][debug][关闭与服务器的连接]
[2017-03-02 18:39:48][debug][打开log文件]
[2017-03-02 18:39:48][debug][从数据库加载巡逻方案的数据]
[2017-03-02 18:39:48][info][数据库连接成功]
[2017-03-02 18:39:48][debug][按ID升序检索所有视频巡航方案记录。检索件数：2]
[2017-03-02 18:39:51][debug][将客流统计数据存入数据库]
[2017-03-02 18:40:22][debug][打开log文件]
[2017-03-02 18:40:22][debug][从数据库加载巡逻方案的数据]
[2017-03-02 18:40:22][info][数据库连接成功]
[2017-03-02 18:40:22][debug][按ID升序检索所有视频巡航方案记录。检索件数：2]
[2017-03-02 18:40:23][debug][关闭与服务器的连接]
[2017-03-02 18:40:24][debug][连接服务器失败 由于目标计算机积极拒绝，无法连接。
]
[2017-03-02 18:40:24][debug][加载摄像头的信息]
[2017-03-02 18:40:24][info][数据库连接成功]
[2017-03-02 18:40:24][debug][向数据库检索所有设备数据]
[2017-03-02 18:40:24][debug][从数据库加载巡逻方案的数据]
[2017-03-02 18:40:24][info][数据库连接成功]
[2017-03-02 18:40:24][debug][按ID升序检索所有视频巡航方案记录。检索件数：2]
[2017-03-02 18:40:24][debug][初始化疏散预案相关内容]
[2017-03-02 18:40:24][debug][加载客流统计区域，及加载当天最新统计信息]
[2017-03-02 18:40:24][debug][加载客流统计区域]
[2017-03-02 18:40:24][info][数据库连接成功]
[2017-03-02 18:40:24][debug][按ID升序检索所有的客流区域数据。检索件数：3]
[2017-03-02 18:40:24][debug][初始化客流统计信息]
[2017-03-02 18:40:24][debug][加载相关设备信息,用来初始化客流统计信息]
[2017-03-02 18:40:24][info][数据库连接成功]
[2017-03-02 18:40:24][debug][向数据库检索指定设备信息，检索条件：ID = ]
[2017-03-02 18:40:24][debug][初始化客流统计信息]
[2017-03-02 18:40:24][debug][加载相关设备信息,用来初始化客流统计信息]
[2017-03-02 18:40:24][info][数据库连接成功]
[2017-03-02 18:40:24][debug][向数据库检索指定设备信息，检索条件：ID = 1]
[2017-03-02 18:40:24][debug][初始化客流统计信息]
[2017-03-02 18:40:24][debug][加载相关设备信息,用来初始化客流统计信息]
[2017-03-02 18:40:24][info][数据库连接成功]
[2017-03-02 18:40:24][debug][向数据库检索指定设备信息，检索条件：ID = 1]
[2017-03-02 18:40:24][info][数据库连接成功]
[2017-03-02 18:40:24][debug][向数据库检索指定设备信息，检索条件：ID = 2]
[2017-03-02 18:40:24][debug][从数据库加载当天最新的客流统计信息]
[2017-03-02 18:40:24][info][数据库连接成功]
[2017-03-02 18:40:24][debug][从客流信息log表中查找大于或等于 datetime 的最新数据。检索件数：0,检索条件：DATETIME = 20170302000000]
[2017-03-02 18:40:24][debug][场景中的摄像机跟相对应的现实中实体摄像机的客流统计信息关联起来]
[2017-03-02 18:40:24][debug][从服务器接收客流统计信息]
[2017-03-02 18:40:24][debug][加载疏散预案信息]
[2017-03-02 18:40:25][info][数据库连接成功]
[2017-03-02 18:40:25][debug][向数据库检索所有的疏散预案]
[2017-03-02 18:40:25][debug][加载疏散区域信息]
[2017-03-02 18:40:25][info][数据库连接成功]
[2017-03-02 18:40:25][debug][向数据库检索所有的疏散区域]
[2017-03-02 18:40:25][debug][绘制疏散区域]
[2017-03-02 18:40:25][debug][设置疏散区域名称对象]
[2017-03-02 18:40:25][debug][设置疏散区域名称文字对齐方式]
[2017-03-02 18:40:25][debug][从数据库加载巡逻方案的数据]
[2017-03-02 18:40:25][info][数据库连接成功]
[2017-03-02 18:40:25][debug][按ID升序检索所有视频巡航方案记录。检索件数：2]
[2017-03-02 18:41:12][debug][关闭与服务器的连接]
[2017-03-02 18:41:13][debug][从数据库加载巡逻方案的数据]
[2017-03-02 18:41:13][info][数据库连接成功]
[2017-03-02 18:41:13][debug][按ID升序检索所有视频巡航方案记录。检索件数：2]
[2017-03-02 18:41:21][debug][将客流统计数据存入数据库]
[2017-03-02 18:41:21][debug][关闭与服务器的连接]
[2017-03-02 18:41:29][debug][打开log文件]
[2017-03-02 18:41:29][debug][从数据库加载巡逻方案的数据]
[2017-03-02 18:41:29][info][数据库连接成功]
[2017-03-02 18:41:29][debug][按ID升序检索所有视频巡航方案记录。检索件数：2]
[2017-03-02 18:41:30][debug][关闭与服务器的连接]
[2017-03-02 18:41:31][debug][连接服务器失败 由于目标计算机积极拒绝，无法连接。
]
[2017-03-02 18:41:31][debug][加载摄像头的信息]
[2017-03-02 18:41:31][info][数据库连接成功]
[2017-03-02 18:41:31][debug][向数据库检索所有设备数据]
[2017-03-02 18:41:31][debug][从数据库加载巡逻方案的数据]
[2017-03-02 18:41:31][info][数据库连接成功]
[2017-03-02 18:41:31][debug][按ID升序检索所有视频巡航方案记录。检索件数：2]
[2017-03-02 18:41:31][debug][初始化疏散预案相关内容]
[2017-03-02 18:41:31][debug][加载客流统计区域，及加载当天最新统计信息]
[2017-03-02 18:41:31][debug][加载客流统计区域]
[2017-03-02 18:41:31][info][数据库连接成功]
[2017-03-02 18:41:31][debug][按ID升序检索所有的客流区域数据。检索件数：3]
[2017-03-02 18:41:31][debug][初始化客流统计信息]
[2017-03-02 18:41:31][debug][加载相关设备信息,用来初始化客流统计信息]
[2017-03-02 18:41:31][info][数据库连接成功]
[2017-03-02 18:41:31][debug][向数据库检索指定设备信息，检索条件：ID = ]
[2017-03-02 18:41:31][debug][初始化客流统计信息]
[2017-03-02 18:41:31][debug][加载相关设备信息,用来初始化客流统计信息]
[2017-03-02 18:41:31][info][数据库连接成功]
[2017-03-02 18:41:31][debug][向数据库检索指定设备信息，检索条件：ID = 1]
[2017-03-02 18:41:31][debug][初始化客流统计信息]
[2017-03-02 18:41:31][debug][加载相关设备信息,用来初始化客流统计信息]
[2017-03-02 18:41:31][info][数据库连接成功]
[2017-03-02 18:41:31][debug][向数据库检索指定设备信息，检索条件：ID = 1]
[2017-03-02 18:41:31][info][数据库连接成功]
[2017-03-02 18:41:31][debug][向数据库检索指定设备信息，检索条件：ID = 2]
[2017-03-02 18:41:31][debug][从数据库加载当天最新的客流统计信息]
[2017-03-02 18:41:31][info][数据库连接成功]
[2017-03-02 18:41:31][debug][从客流信息log表中查找大于或等于 datetime 的最新数据。检索件数：0,检索条件：DATETIME = 20170302000000]
[2017-03-02 18:41:31][debug][场景中的摄像机跟相对应的现实中实体摄像机的客流统计信息关联起来]
[2017-03-02 18:41:31][debug][从服务器接收客流统计信息]
[2017-03-02 18:41:31][debug][加载疏散预案信息]
[2017-03-02 18:41:31][info][数据库连接成功]
[2017-03-02 18:41:31][debug][向数据库检索所有的疏散预案]
[2017-03-02 18:41:31][debug][加载疏散区域信息]
[2017-03-02 18:41:31][info][数据库连接成功]
[2017-03-02 18:41:31][debug][向数据库检索所有的疏散区域]
[2017-03-02 18:41:31][debug][绘制疏散区域]
[2017-03-02 18:41:31][debug][设置疏散区域名称对象]
[2017-03-02 18:41:31][debug][设置疏散区域名称文字对齐方式]
[2017-03-02 18:41:31][debug][从数据库加载巡逻方案的数据]
[2017-03-02 18:41:31][info][数据库连接成功]
[2017-03-02 18:41:31][debug][按ID升序检索所有视频巡航方案记录。检索件数：2]
[2017-03-02 18:44:48][debug][从数据库加载巡逻方案的数据]
[2017-03-02 18:44:48][info][数据库连接成功]
[2017-03-02 18:44:48][debug][按ID升序检索所有视频巡航方案记录。检索件数：2]
[2017-03-02 18:46:15][debug][从数据库加载巡逻方案的数据]
[2017-03-02 18:46:15][info][数据库连接成功]
[2017-03-02 18:46:15][debug][按ID升序检索所有视频巡航方案记录。检索件数：2]
[2017-03-02 18:49:05][debug][关闭与服务器的连接]
[2017-03-02 19:04:38][debug][打开log文件]
[2017-03-02 19:04:38][debug][从数据库加载巡逻方案的数据]
[2017-03-02 19:04:38][info][数据库连接成功]
[2017-03-02 19:04:38][debug][按ID升序检索所有视频巡航方案记录。检索件数：2]
[2017-03-02 19:04:39][debug][关闭与服务器的连接]
[2017-03-02 19:04:40][debug][连接服务器失败 由于目标计算机积极拒绝，无法连接。
]
[2017-03-02 19:04:41][debug][加载摄像头的信息]
[2017-03-02 19:04:41][info][数据库连接成功]
[2017-03-02 19:04:41][debug][向数据库检索所有设备数据]
[2017-03-02 19:04:41][debug][从数据库加载巡逻方案的数据]
[2017-03-02 19:04:41][info][数据库连接成功]
[2017-03-02 19:04:41][debug][按ID升序检索所有视频巡航方案记录。检索件数：2]
[2017-03-02 19:04:41][debug][初始化疏散预案相关内容]
[2017-03-02 19:04:41][debug][加载客流统计区域，及加载当天最新统计信息]
[2017-03-02 19:04:41][debug][加载客流统计区域]
[2017-03-02 19:04:41][info][数据库连接成功]
[2017-03-02 19:04:41][debug][按ID升序检索所有的客流区域数据。检索件数：3]
[2017-03-02 19:04:41][debug][初始化客流统计信息]
[2017-03-02 19:04:41][debug][加载相关设备信息,用来初始化客流统计信息]
[2017-03-02 19:04:41][info][数据库连接成功]
[2017-03-02 19:04:41][debug][向数据库检索指定设备信息，检索条件：ID = ]
[2017-03-02 19:04:41][debug][初始化客流统计信息]
[2017-03-02 19:04:41][debug][加载相关设备信息,用来初始化客流统计信息]
[2017-03-02 19:04:41][info][数据库连接成功]
[2017-03-02 19:04:41][debug][向数据库检索指定设备信息，检索条件：ID = 1]
[2017-03-02 19:04:41][debug][初始化客流统计信息]
[2017-03-02 19:04:41][debug][加载相关设备信息,用来初始化客流统计信息]
[2017-03-02 19:04:41][info][数据库连接成功]
[2017-03-02 19:04:41][debug][向数据库检索指定设备信息，检索条件：ID = 1]
[2017-03-02 19:04:41][info][数据库连接成功]
[2017-03-02 19:04:41][debug][向数据库检索指定设备信息，检索条件：ID = 2]
[2017-03-02 19:04:41][debug][从数据库加载当天最新的客流统计信息]
[2017-03-02 19:04:41][info][数据库连接成功]
[2017-03-02 19:04:41][debug][从客流信息log表中查找大于或等于 datetime 的最新数据。检索件数：0,检索条件：DATETIME = 20170302000000]
[2017-03-02 19:04:41][debug][场景中的摄像机跟相对应的现实中实体摄像机的客流统计信息关联起来]
[2017-03-02 19:04:41][debug][从服务器接收客流统计信息]
[2017-03-02 19:04:41][debug][加载疏散预案信息]
[2017-03-02 19:04:41][info][数据库连接成功]
[2017-03-02 19:04:41][debug][向数据库检索所有的疏散预案]
[2017-03-02 19:04:41][debug][加载疏散区域信息]
[2017-03-02 19:04:41][info][数据库连接成功]
[2017-03-02 19:04:41][debug][向数据库检索所有的疏散区域]
[2017-03-02 19:04:41][debug][绘制疏散区域]
[2017-03-02 19:04:41][debug][设置疏散区域名称对象]
[2017-03-02 19:04:41][debug][设置疏散区域名称文字对齐方式]
[2017-03-02 19:04:41][debug][从数据库加载巡逻方案的数据]
[2017-03-02 19:04:41][info][数据库连接成功]
[2017-03-02 19:04:41][debug][按ID升序检索所有视频巡航方案记录。检索件数：2]
[2017-03-02 19:05:25][debug][将客流统计数据存入数据库]
[2017-03-02 19:05:25][debug][关闭与服务器的连接]
[2017-03-02 19:05:42][debug][打开log文件]
[2017-03-02 19:05:42][debug][从数据库加载巡逻方案的数据]
[2017-03-02 19:05:43][info][数据库连接成功]
[2017-03-02 19:05:43][debug][按ID升序检索所有视频巡航方案记录。检索件数：2]
[2017-03-02 19:05:44][debug][关闭与服务器的连接]
[2017-03-02 19:05:45][debug][连接服务器失败 由于目标计算机积极拒绝，无法连接。
]
[2017-03-02 19:05:45][debug][加载摄像头的信息]
[2017-03-02 19:05:45][info][数据库连接成功]
[2017-03-02 19:05:45][debug][向数据库检索所有设备数据]
[2017-03-02 19:05:45][debug][从数据库加载巡逻方案的数据]
[2017-03-02 19:05:45][info][数据库连接成功]
[2017-03-02 19:05:45][debug][按ID升序检索所有视频巡航方案记录。检索件数：2]
[2017-03-02 19:05:45][debug][初始化疏散预案相关内容]
[2017-03-02 19:05:45][debug][加载客流统计区域，及加载当天最新统计信息]
[2017-03-02 19:05:45][debug][加载客流统计区域]
[2017-03-02 19:05:45][info][数据库连接成功]
[2017-03-02 19:05:45][debug][按ID升序检索所有的客流区域数据。检索件数：3]
[2017-03-02 19:05:45][debug][初始化客流统计信息]
[2017-03-02 19:05:45][debug][加载相关设备信息,用来初始化客流统计信息]
[2017-03-02 19:05:45][info][数据库连接成功]
[2017-03-02 19:05:45][debug][向数据库检索指定设备信息，检索条件：ID = ]
[2017-03-02 19:05:45][debug][初始化客流统计信息]
[2017-03-02 19:05:45][debug][加载相关设备信息,用来初始化客流统计信息]
[2017-03-02 19:05:45][info][数据库连接成功]
[2017-03-02 19:05:45][debug][向数据库检索指定设备信息，检索条件：ID = 1]
[2017-03-02 19:05:45][debug][初始化客流统计信息]
[2017-03-02 19:05:45][debug][加载相关设备信息,用来初始化客流统计信息]
[2017-03-02 19:05:45][info][数据库连接成功]
[2017-03-02 19:05:45][debug][向数据库检索指定设备信息，检索条件：ID = 1]
[2017-03-02 19:05:45][info][数据库连接成功]
[2017-03-02 19:05:45][debug][向数据库检索指定设备信息，检索条件：ID = 2]
[2017-03-02 19:05:45][debug][从数据库加载当天最新的客流统计信息]
[2017-03-02 19:05:45][info][数据库连接成功]
[2017-03-02 19:05:45][debug][从客流信息log表中查找大于或等于 datetime 的最新数据。检索件数：0,检索条件：DATETIME = 20170302000000]
[2017-03-02 19:05:45][debug][场景中的摄像机跟相对应的现实中实体摄像机的客流统计信息关联起来]
[2017-03-02 19:05:45][debug][从服务器接收客流统计信息]
[2017-03-02 19:05:45][debug][加载疏散预案信息]
[2017-03-02 19:05:45][info][数据库连接成功]
[2017-03-02 19:05:45][debug][向数据库检索所有的疏散预案]
[2017-03-02 19:05:45][debug][加载疏散区域信息]
[2017-03-02 19:05:45][info][数据库连接成功]
[2017-03-02 19:05:45][debug][向数据库检索所有的疏散区域]
[2017-03-02 19:05:45][debug][绘制疏散区域]
[2017-03-02 19:05:45][debug][设置疏散区域名称对象]
[2017-03-02 19:05:45][debug][设置疏散区域名称文字对齐方式]
[2017-03-02 19:05:45][debug][从数据库加载巡逻方案的数据]
[2017-03-02 19:05:45][info][数据库连接成功]
[2017-03-02 19:05:45][debug][按ID升序检索所有视频巡航方案记录。检索件数：2]
[2017-03-02 19:06:02][debug][将客流统计数据存入数据库]
[2017-03-02 19:06:02][debug][关闭与服务器的连接]
[2017-03-02 19:06:55][debug][打开log文件]
[2017-03-02 19:06:55][debug][从数据库加载巡逻方案的数据]
[2017-03-02 19:06:55][info][数据库连接成功]
[2017-03-02 19:06:55][debug][按ID升序检索所有视频巡航方案记录。检索件数：2]
[2017-03-02 19:06:57][debug][关闭与服务器的连接]
[2017-03-02 19:06:58][debug][连接服务器失败 由于目标计算机积极拒绝，无法连接。
]
[2017-03-02 19:06:58][debug][加载摄像头的信息]
[2017-03-02 19:06:58][info][数据库连接成功]
[2017-03-02 19:06:58][debug][向数据库检索所有设备数据]
[2017-03-02 19:06:58][debug][从数据库加载巡逻方案的数据]
[2017-03-02 19:06:58][info][数据库连接成功]
[2017-03-02 19:06:58][debug][按ID升序检索所有视频巡航方案记录。检索件数：2]
[2017-03-02 19:06:58][debug][初始化疏散预案相关内容]
[2017-03-02 19:06:58][debug][加载客流统计区域，及加载当天最新统计信息]
[2017-03-02 19:06:58][debug][加载客流统计区域]
[2017-03-02 19:06:58][info][数据库连接成功]
[2017-03-02 19:06:58][debug][按ID升序检索所有的客流区域数据。检索件数：3]
[2017-03-02 19:06:58][debug][初始化客流统计信息]
[2017-03-02 19:06:58][debug][加载相关设备信息,用来初始化客流统计信息]
[2017-03-02 19:06:58][info][数据库连接成功]
[2017-03-02 19:06:58][debug][向数据库检索指定设备信息，检索条件：ID = ]
[2017-03-02 19:06:58][debug][初始化客流统计信息]
[2017-03-02 19:06:58][debug][加载相关设备信息,用来初始化客流统计信息]
[2017-03-02 19:06:58][info][数据库连接成功]
[2017-03-02 19:06:58][debug][向数据库检索指定设备信息，检索条件：ID = 1]
[2017-03-02 19:06:58][debug][初始化客流统计信息]
[2017-03-02 19:06:58][debug][加载相关设备信息,用来初始化客流统计信息]
[2017-03-02 19:06:58][info][数据库连接成功]
[2017-03-02 19:06:58][debug][向数据库检索指定设备信息，检索条件：ID = 1]
[2017-03-02 19:06:58][info][数据库连接成功]
[2017-03-02 19:06:58][debug][向数据库检索指定设备信息，检索条件：ID = 2]
[2017-03-02 19:06:58][debug][从数据库加载当天最新的客流统计信息]
[2017-03-02 19:06:58][info][数据库连接成功]
[2017-03-02 19:06:58][debug][从客流信息log表中查找大于或等于 datetime 的最新数据。检索件数：0,检索条件：DATETIME = 20170302000000]
[2017-03-02 19:06:58][debug][场景中的摄像机跟相对应的现实中实体摄像机的客流统计信息关联起来]
[2017-03-02 19:06:58][debug][从服务器接收客流统计信息]
[2017-03-02 19:06:58][debug][加载疏散预案信息]
[2017-03-02 19:06:58][info][数据库连接成功]
[2017-03-02 19:06:58][debug][向数据库检索所有的疏散预案]
[2017-03-02 19:06:58][debug][加载疏散区域信息]
[2017-03-02 19:06:58][info][数据库连接成功]
[2017-03-02 19:06:58][debug][向数据库检索所有的疏散区域]
[2017-03-02 19:06:58][debug][绘制疏散区域]
[2017-03-02 19:06:58][debug][设置疏散区域名称对象]
[2017-03-02 19:06:58][debug][设置疏散区域名称文字对齐方式]
[2017-03-02 19:06:58][debug][从数据库加载巡逻方案的数据]
[2017-03-02 19:06:58][info][数据库连接成功]
[2017-03-02 19:06:58][debug][按ID升序检索所有视频巡航方案记录。检索件数：2]
[2017-03-02 19:07:00][debug][将客流统计数据存入数据库]
[2017-03-02 19:07:00][debug][关闭与服务器的连接]
[2017-03-02 19:12:08][debug][打开log文件]
[2017-03-02 19:12:08][debug][从数据库加载巡逻方案的数据]
[2017-03-02 19:12:08][info][数据库连接成功]
[2017-03-02 19:12:08][debug][按ID升序检索所有视频巡航方案记录。检索件数：2]
[2017-03-02 19:12:09][debug][关闭与服务器的连接]
[2017-03-02 19:12:10][debug][连接服务器失败 由于目标计算机积极拒绝，无法连接。
]
[2017-03-02 19:12:10][debug][加载摄像头的信息]
[2017-03-02 19:12:10][info][数据库连接成功]
[2017-03-02 19:12:10][debug][向数据库检索所有设备数据]
[2017-03-02 19:12:10][debug][从数据库加载巡逻方案的数据]
[2017-03-02 19:12:10][info][数据库连接成功]
[2017-03-02 19:12:10][debug][按ID升序检索所有视频巡航方案记录。检索件数：2]
[2017-03-02 19:12:10][debug][初始化疏散预案相关内容]
[2017-03-02 19:12:10][debug][加载客流统计区域，及加载当天最新统计信息]
[2017-03-02 19:12:10][debug][加载客流统计区域]
[2017-03-02 19:12:10][info][数据库连接成功]
[2017-03-02 19:12:10][debug][按ID升序检索所有的客流区域数据。检索件数：3]
[2017-03-02 19:12:10][debug][初始化客流统计信息]
[2017-03-02 19:12:10][debug][加载相关设备信息,用来初始化客流统计信息]
[2017-03-02 19:12:10][info][数据库连接成功]
[2017-03-02 19:12:10][debug][向数据库检索指定设备信息，检索条件：ID = ]
[2017-03-02 19:12:10][debug][初始化客流统计信息]
[2017-03-02 19:12:10][debug][加载相关设备信息,用来初始化客流统计信息]
[2017-03-02 19:12:10][info][数据库连接成功]
[2017-03-02 19:12:10][debug][向数据库检索指定设备信息，检索条件：ID = 1]
[2017-03-02 19:12:10][debug][初始化客流统计信息]
[2017-03-02 19:12:10][debug][加载相关设备信息,用来初始化客流统计信息]
[2017-03-02 19:12:10][info][数据库连接成功]
[2017-03-02 19:12:10][debug][向数据库检索指定设备信息，检索条件：ID = 1]
[2017-03-02 19:12:10][info][数据库连接成功]
[2017-03-02 19:12:10][debug][向数据库检索指定设备信息，检索条件：ID = 2]
[2017-03-02 19:12:10][debug][从数据库加载当天最新的客流统计信息]
[2017-03-02 19:12:10][info][数据库连接成功]
[2017-03-02 19:12:10][debug][从客流信息log表中查找大于或等于 datetime 的最新数据。检索件数：0,检索条件：DATETIME = 20170302000000]
[2017-03-02 19:12:10][debug][场景中的摄像机跟相对应的现实中实体摄像机的客流统计信息关联起来]
[2017-03-02 19:12:10][debug][从服务器接收客流统计信息]
[2017-03-02 19:12:10][debug][加载疏散预案信息]
[2017-03-02 19:12:10][info][数据库连接成功]
[2017-03-02 19:12:10][debug][向数据库检索所有的疏散预案]
[2017-03-02 19:12:10][debug][加载疏散区域信息]
[2017-03-02 19:12:10][info][数据库连接成功]
[2017-03-02 19:12:10][debug][向数据库检索所有的疏散区域]
[2017-03-02 19:12:10][debug][绘制疏散区域]
[2017-03-02 19:12:10][debug][设置疏散区域名称对象]
[2017-03-02 19:12:10][debug][设置疏散区域名称文字对齐方式]
[2017-03-02 19:12:10][debug][从数据库加载巡逻方案的数据]
[2017-03-02 19:12:10][info][数据库连接成功]
[2017-03-02 19:12:10][debug][按ID升序检索所有视频巡航方案记录。检索件数：2]
[2017-03-02 19:14:01][debug][显示个人信息面板]
[2017-03-02 19:14:18][debug][将客流统计数据存入数据库]
[2017-03-02 19:14:18][debug][关闭与服务器的连接]
[2017-03-02 19:14:43][debug][打开log文件]
[2017-03-02 19:14:43][debug][设置应用程序分辨率]
[2017-03-02 19:14:52][debug][开始登录]
[2017-03-02 19:14:52][info][数据库连接成功]
[2017-03-02 19:14:52][debug][根据用户名和密码检索数据。检索件数：1]
[2017-03-02 19:14:52][info][数据库连接成功]
[2017-03-02 19:14:52][debug][根据用户ID 查询所属组的ID。检索件数：1,检索条件：USERID = 1]
[2017-03-02 19:14:52][info][数据库连接成功]
[2017-03-02 19:14:52][debug][根据用户ID检索用户组信息。检索件数：1,检索条件：ID = 1]
[2017-03-02 19:14:52][info][数据库连接成功]
[2017-03-02 19:14:52][debug][根据组Id检索组与权限的关联表记录。检索条件：GROUPID:1]
[2017-03-02 19:14:52][info][数据库连接成功]
[2017-03-02 19:14:52][debug][检索所有权限数据]
[2017-03-02 19:14:52][debug][登录成功]
[2017-03-02 19:14:56][debug][从数据库加载巡逻方案的数据]
[2017-03-02 19:14:56][info][数据库连接成功]
[2017-03-02 19:14:56][debug][按ID升序检索所有视频巡航方案记录。检索件数：2]
[2017-03-02 19:14:57][debug][关闭与服务器的连接]
[2017-03-02 19:14:58][debug][连接服务器失败 由于目标计算机积极拒绝，无法连接。
]
[2017-03-02 19:14:58][debug][加载摄像头的信息]
[2017-03-02 19:14:58][info][数据库连接成功]
[2017-03-02 19:14:58][debug][向数据库检索所有设备数据]
[2017-03-02 19:14:58][debug][从数据库加载巡逻方案的数据]
[2017-03-02 19:14:58][info][数据库连接成功]
[2017-03-02 19:14:58][debug][按ID升序检索所有视频巡航方案记录。检索件数：2]
[2017-03-02 19:14:58][debug][初始化疏散预案相关内容]
[2017-03-02 19:14:58][debug][加载客流统计区域，及加载当天最新统计信息]
[2017-03-02 19:14:58][debug][加载客流统计区域]
[2017-03-02 19:14:58][info][数据库连接成功]
[2017-03-02 19:14:58][debug][按ID升序检索所有的客流区域数据。检索件数：3]
[2017-03-02 19:14:58][debug][初始化客流统计信息]
[2017-03-02 19:14:58][debug][加载相关设备信息,用来初始化客流统计信息]
[2017-03-02 19:14:58][info][数据库连接成功]
[2017-03-02 19:14:58][debug][向数据库检索指定设备信息，检索条件：ID = ]
[2017-03-02 19:14:58][debug][初始化客流统计信息]
[2017-03-02 19:14:58][debug][加载相关设备信息,用来初始化客流统计信息]
[2017-03-02 19:14:58][info][数据库连接成功]
[2017-03-02 19:14:58][debug][向数据库检索指定设备信息，检索条件：ID = 1]
[2017-03-02 19:14:58][debug][初始化客流统计信息]
[2017-03-02 19:14:58][debug][加载相关设备信息,用来初始化客流统计信息]
[2017-03-02 19:14:58][info][数据库连接成功]
[2017-03-02 19:14:58][debug][向数据库检索指定设备信息，检索条件：ID = 1]
[2017-03-02 19:14:58][info][数据库连接成功]
[2017-03-02 19:14:58][debug][向数据库检索指定设备信息，检索条件：ID = 2]
[2017-03-02 19:14:58][debug][从数据库加载当天最新的客流统计信息]
[2017-03-02 19:14:58][info][数据库连接成功]
[2017-03-02 19:14:58][debug][从客流信息log表中查找大于或等于 datetime 的最新数据。检索件数：0,检索条件：DATETIME = 20170302000000]
[2017-03-02 19:14:58][debug][场景中的摄像机跟相对应的现实中实体摄像机的客流统计信息关联起来]
[2017-03-02 19:14:58][debug][从服务器接收客流统计信息]
[2017-03-02 19:14:58][debug][切换到设备管理界面]
[2017-03-02 19:14:58][debug][加载设备信息]
[2017-03-02 19:14:58][info][数据库连接成功]
[2017-03-02 19:14:58][debug][向数据库检索所有设备数据]
[2017-03-02 19:14:58][debug][加载疏散预案信息]
[2017-03-02 19:14:58][info][数据库连接成功]
[2017-03-02 19:14:58][debug][向数据库检索所有的疏散预案]
[2017-03-02 19:14:58][debug][加载疏散区域信息]
[2017-03-02 19:14:58][info][数据库连接成功]
[2017-03-02 19:14:58][debug][向数据库检索所有的疏散区域]
[2017-03-02 19:14:58][debug][绘制疏散区域]
[2017-03-02 19:14:58][debug][设置疏散区域名称对象]
[2017-03-02 19:14:58][debug][设置疏散区域名称文字对齐方式]
[2017-03-02 19:14:58][debug][从数据库加载巡逻方案的数据]
[2017-03-02 19:14:58][info][数据库连接成功]
[2017-03-02 19:14:58][debug][按ID升序检索所有视频巡航方案记录。检索件数：2]
[2017-03-02 19:15:04][debug][切换用户]
[2017-03-02 19:15:08][debug][切换到设备管理界面]
[2017-03-02 19:15:08][debug][加载设备信息]
[2017-03-02 19:15:08][info][数据库连接成功]
[2017-03-02 19:15:08][debug][向数据库检索所有设备数据]
[2017-03-02 19:15:09][debug][切换到设备管理界面]
[2017-03-02 19:15:09][debug][加载设备信息]
[2017-03-02 19:15:09][info][数据库连接成功]
[2017-03-02 19:15:09][debug][向数据库检索所有设备数据]
[2017-03-02 19:15:09][debug][检索视频巡航日志]
[2017-03-02 19:15:09][info][数据库连接成功]
[2017-03-02 19:15:09][debug][检索指定条件的视频巡逻方案执行日志。检索件数：356]
[2017-03-02 19:15:09][debug][加载用户组信息]
[2017-03-02 19:15:09][info][数据库连接成功]
[2017-03-02 19:15:09][debug][检索所有不是超级管理员的用户组信息。检索件数：2]
[2017-03-02 19:15:09][debug][初始化用户组记录项目]
[2017-03-02 19:15:09][debug][初始化用户组信息]
[2017-03-02 19:15:09][debug][检索当前组的权限信息]
[2017-03-02 19:15:09][info][数据库连接成功]
[2017-03-02 19:15:09][debug][根据组Id检索组与权限的关联表记录。检索条件：GROUPID:2]
[2017-03-02 19:15:09][debug][检索所有权限信息]
[2017-03-02 19:15:09][info][数据库连接成功]
[2017-03-02 19:15:09][debug][检索所有权限数据]
[2017-03-02 19:15:09][debug][生成用户组权限的信息]
[2017-03-02 19:15:09][debug][添加权限组对象]
[2017-03-02 19:15:09][debug][生成用户组权限的信息]
[2017-03-02 19:15:09][debug][添加权限组对象]
[2017-03-02 19:15:09][debug][生成用户组权限的信息]
[2017-03-02 19:15:09][debug][添加权限组对象]
[2017-03-02 19:15:09][debug][生成用户组权限的信息]
[2017-03-02 19:15:09][debug][添加权限组对象]
[2017-03-02 19:15:09][debug][生成用户组权限的信息]
[2017-03-02 19:15:09][debug][添加权限组对象]
[2017-03-02 19:15:09][debug][生成用户组权限的信息]
[2017-03-02 19:15:09][debug][添加权限组对象]
[2017-03-02 19:15:09][debug][生成用户组权限的信息]
[2017-03-02 19:15:09][debug][添加权限组对象]
[2017-03-02 19:15:09][debug][生成用户组权限的信息]
[2017-03-02 19:15:09][debug][添加权限组对象]
[2017-03-02 19:15:09][debug][生成用户组权限的信息]
[2017-03-02 19:15:09][debug][添加权限组对象]
[2017-03-02 19:15:09][debug][初始化用户组记录项目]
[2017-03-02 19:15:09][debug][显示个人信息面板]
[2017-03-02 19:15:09][debug][切换到设备管理界面]
[2017-03-02 19:15:09][debug][加载设备信息]
[2017-03-02 19:15:09][info][数据库连接成功]
[2017-03-02 19:15:09][debug][向数据库检索所有设备数据]
[2017-03-02 19:15:10][debug][切换到设备管理界面]
[2017-03-02 19:15:10][debug][加载设备信息]
[2017-03-02 19:15:10][info][数据库连接成功]
[2017-03-02 19:15:10][debug][向数据库检索所有设备数据]
[2017-03-02 19:15:10][debug][检索视频巡航日志]
[2017-03-02 19:15:10][info][数据库连接成功]
[2017-03-02 19:15:10][debug][检索指定条件的视频巡逻方案执行日志。检索件数：356]
[2017-03-02 19:15:11][debug][切换到设备管理界面]
[2017-03-02 19:15:11][debug][加载设备信息]
[2017-03-02 19:15:11][info][数据库连接成功]
[2017-03-02 19:15:11][debug][向数据库检索所有设备数据]
[2017-03-02 19:15:11][debug][切换到设备管理界面]
[2017-03-02 19:15:12][debug][加载设备信息]
[2017-03-02 19:15:12][info][数据库连接成功]
[2017-03-02 19:15:12][debug][向数据库检索所有设备数据]
[2017-03-02 19:15:12][debug][加载疏散预案信息]
[2017-03-02 19:15:12][info][数据库连接成功]
[2017-03-02 19:15:12][debug][向数据库检索所有的疏散预案]
[2017-03-02 19:15:12][debug][加载疏散区域信息]
[2017-03-02 19:15:12][info][数据库连接成功]
[2017-03-02 19:15:12][debug][向数据库检索所有的疏散区域]
[2017-03-02 19:15:12][debug][绘制疏散区域]
[2017-03-02 19:15:12][debug][设置疏散区域名称对象]
[2017-03-02 19:15:12][debug][设置疏散区域名称文字对齐方式]
[2017-03-02 19:15:12][debug][从数据库加载巡逻方案的数据]
[2017-03-02 19:15:12][info][数据库连接成功]
[2017-03-02 19:15:12][debug][按ID升序检索所有视频巡航方案记录。检索件数：2]
[2017-03-02 19:15:12][debug][切换到设备管理界面]
[2017-03-02 19:15:12][debug][加载设备信息]
[2017-03-02 19:15:12][info][数据库连接成功]
[2017-03-02 19:15:12][debug][向数据库检索所有设备数据]
[2017-03-02 19:15:13][debug][切换到设备管理界面]
[2017-03-02 19:15:13][debug][加载设备信息]
[2017-03-02 19:15:13][info][数据库连接成功]
[2017-03-02 19:15:13][debug][向数据库检索所有设备数据]
[2017-03-02 19:15:13][debug][检索视频巡航日志]
[2017-03-02 19:15:13][info][数据库连接成功]
[2017-03-02 19:15:13][debug][检索指定条件的视频巡逻方案执行日志。检索件数：356]
[2017-03-02 19:15:13][debug][显示个人信息面板]
[2017-03-02 19:15:13][debug][切换到设备管理界面]
[2017-03-02 19:15:13][debug][加载设备信息]
[2017-03-02 19:15:13][info][数据库连接成功]
[2017-03-02 19:15:13][debug][向数据库检索所有设备数据]
[2017-03-02 19:15:14][debug][切换到设备管理界面]
[2017-03-02 19:15:14][debug][加载设备信息]
[2017-03-02 19:15:14][info][数据库连接成功]
[2017-03-02 19:15:14][debug][向数据库检索所有设备数据]
[2017-03-02 19:15:14][debug][检索视频巡航日志]
[2017-03-02 19:15:14][info][数据库连接成功]
[2017-03-02 19:15:14][debug][检索指定条件的视频巡逻方案执行日志。检索件数：356]
[2017-03-02 19:15:15][debug][加载用户信息]
[2017-03-02 19:15:15][info][数据库连接成功]
[2017-03-02 19:15:15][debug][检索所有用户信息。检索件数：2]
[2017-03-02 19:15:15][info][数据库连接成功]
[2017-03-02 19:15:15][debug][根据用户ID 查询所属组的ID。检索件数：1,检索条件：USERID = 1]
[2017-03-02 19:15:15][info][数据库连接成功]
[2017-03-02 19:15:15][debug][根据用户ID检索用户组信息。检索件数：1,检索条件：ID = 1]
[2017-03-02 19:15:15][debug][初始化用户记录项目]
[2017-03-02 19:15:15][debug][显示用户相关信息]
[2017-03-02 19:15:15][info][数据库连接成功]
[2017-03-02 19:15:15][debug][检索所有不是超级管理员的用户组信息。检索件数：2]
[2017-03-02 19:15:15][info][数据库连接成功]
[2017-03-02 19:15:15][debug][根据用户ID 查询所属组的ID。检索件数：1,检索条件：USERID = 2]
[2017-03-02 19:15:15][info][数据库连接成功]
[2017-03-02 19:15:15][debug][根据用户ID检索用户组信息。检索件数：1,检索条件：ID = 2]
[2017-03-02 19:15:15][debug][初始化用户记录项目]
[2017-03-02 19:15:15][debug][检索视频巡航日志]
[2017-03-02 19:15:15][info][数据库连接成功]
[2017-03-02 19:15:15][debug][检索指定条件的视频巡逻方案执行日志。检索件数：356]
[2017-03-02 19:15:17][debug][切换到设备管理界面]
[2017-03-02 19:15:18][debug][加载设备信息]
[2017-03-02 19:15:18][info][数据库连接成功]
[2017-03-02 19:15:18][debug][向数据库检索所有设备数据]
[2017-03-02 19:15:18][debug][加载疏散预案信息]
[2017-03-02 19:15:18][info][数据库连接成功]
[2017-03-02 19:15:18][debug][向数据库检索所有的疏散预案]
[2017-03-02 19:15:18][debug][加载疏散区域信息]
[2017-03-02 19:15:18][info][数据库连接成功]
[2017-03-02 19:15:18][debug][向数据库检索所有的疏散区域]
[2017-03-02 19:15:18][debug][绘制疏散区域]
[2017-03-02 19:15:18][debug][设置疏散区域名称对象]
[2017-03-02 19:15:18][debug][设置疏散区域名称文字对齐方式]
[2017-03-02 19:15:18][debug][从数据库加载巡逻方案的数据]
[2017-03-02 19:15:18][info][数据库连接成功]
[2017-03-02 19:15:18][debug][按ID升序检索所有视频巡航方案记录。检索件数：2]
[2017-03-02 19:15:26][debug][将客流统计数据存入数据库]
[2017-03-02 19:15:26][debug][关闭与服务器的连接]
[2017-03-02 19:15:30][debug][打开log文件]
[2017-03-02 19:15:30][debug][设置应用程序分辨率]
[2017-03-02 19:15:40][debug][开始登录]
[2017-03-02 19:15:40][info][数据库连接成功]
[2017-03-02 19:15:40][debug][根据用户名和密码检索数据。检索件数：1]
[2017-03-02 19:15:40][info][数据库连接成功]
[2017-03-02 19:15:40][debug][根据用户ID 查询所属组的ID。检索件数：1,检索条件：USERID = 1]
[2017-03-02 19:15:40][info][数据库连接成功]
[2017-03-02 19:15:40][debug][根据用户ID检索用户组信息。检索件数：1,检索条件：ID = 1]
[2017-03-02 19:15:40][info][数据库连接成功]
[2017-03-02 19:15:41][debug][根据组Id检索组与权限的关联表记录。检索条件：GROUPID:1]
[2017-03-02 19:15:41][info][数据库连接成功]
[2017-03-02 19:15:41][debug][检索所有权限数据]
[2017-03-02 19:15:41][debug][登录成功]
[2017-03-02 19:15:44][debug][从数据库加载巡逻方案的数据]
[2017-03-02 19:15:44][info][数据库连接成功]
[2017-03-02 19:15:44][debug][按ID升序检索所有视频巡航方案记录。检索件数：2]
[2017-03-02 19:15:45][debug][关闭与服务器的连接]
[2017-03-02 19:15:46][debug][连接服务器失败 由于目标计算机积极拒绝，无法连接。
]
[2017-03-02 19:15:46][debug][加载摄像头的信息]
[2017-03-02 19:15:46][info][数据库连接成功]
[2017-03-02 19:15:46][debug][向数据库检索所有设备数据]
[2017-03-02 19:15:46][debug][从数据库加载巡逻方案的数据]
[2017-03-02 19:15:46][info][数据库连接成功]
[2017-03-02 19:15:46][debug][按ID升序检索所有视频巡航方案记录。检索件数：2]
[2017-03-02 19:15:46][debug][初始化疏散预案相关内容]
[2017-03-02 19:15:46][debug][加载客流统计区域，及加载当天最新统计信息]
[2017-03-02 19:15:46][debug][加载客流统计区域]
[2017-03-02 19:15:46][info][数据库连接成功]
[2017-03-02 19:15:46][debug][按ID升序检索所有的客流区域数据。检索件数：3]
[2017-03-02 19:15:46][debug][初始化客流统计信息]
[2017-03-02 19:15:46][debug][加载相关设备信息,用来初始化客流统计信息]
[2017-03-02 19:15:46][info][数据库连接成功]
[2017-03-02 19:15:46][debug][向数据库检索指定设备信息，检索条件：ID = ]
[2017-03-02 19:15:46][debug][初始化客流统计信息]
[2017-03-02 19:15:46][debug][加载相关设备信息,用来初始化客流统计信息]
[2017-03-02 19:15:46][info][数据库连接成功]
[2017-03-02 19:15:46][debug][向数据库检索指定设备信息，检索条件：ID = 1]
[2017-03-02 19:15:46][debug][初始化客流统计信息]
[2017-03-02 19:15:46][debug][加载相关设备信息,用来初始化客流统计信息]
[2017-03-02 19:15:46][info][数据库连接成功]
[2017-03-02 19:15:46][debug][向数据库检索指定设备信息，检索条件：ID = 1]
[2017-03-02 19:15:46][info][数据库连接成功]
[2017-03-02 19:15:46][debug][向数据库检索指定设备信息，检索条件：ID = 2]
[2017-03-02 19:15:46][debug][从数据库加载当天最新的客流统计信息]
[2017-03-02 19:15:46][info][数据库连接成功]
[2017-03-02 19:15:46][debug][从客流信息log表中查找大于或等于 datetime 的最新数据。检索件数：0,检索条件：DATETIME = 20170302000000]
[2017-03-02 19:15:46][debug][场景中的摄像机跟相对应的现实中实体摄像机的客流统计信息关联起来]
[2017-03-02 19:15:46][debug][从服务器接收客流统计信息]
[2017-03-02 19:15:46][debug][切换到设备管理界面]
[2017-03-02 19:15:47][debug][加载设备信息]
[2017-03-02 19:15:47][info][数据库连接成功]
[2017-03-02 19:15:47][debug][向数据库检索所有设备数据]
[2017-03-02 19:15:47][debug][加载疏散预案信息]
[2017-03-02 19:15:47][info][数据库连接成功]
[2017-03-02 19:15:47][debug][向数据库检索所有的疏散预案]
[2017-03-02 19:15:47][debug][加载疏散区域信息]
[2017-03-02 19:15:47][info][数据库连接成功]
[2017-03-02 19:15:47][debug][向数据库检索所有的疏散区域]
[2017-03-02 19:15:47][debug][绘制疏散区域]
[2017-03-02 19:15:47][debug][设置疏散区域名称对象]
[2017-03-02 19:15:47][debug][设置疏散区域名称文字对齐方式]
[2017-03-02 19:15:47][debug][从数据库加载巡逻方案的数据]
[2017-03-02 19:15:47][info][数据库连接成功]
[2017-03-02 19:15:47][debug][按ID升序检索所有视频巡航方案记录。检索件数：2]
[2017-03-02 19:15:57][debug][运行当前选择的巡逻方案]
[2017-03-02 19:15:57][info][数据库连接成功]
[2017-03-02 19:15:57][debug][向数据库检索所有设备数据]
[2017-03-02 19:15:57][debug][播放下一个摄像监控]
[2017-03-02 19:15:57][debug][播放视频巡航视频]
[2017-03-02 19:15:57][debug][请求打开摄像头]
[2017-03-02 19:15:57][debug][请求打开摄像头失败, CameraId:1]
[2017-03-02 19:15:57][debug][将视角移动到指定位置]
[2017-03-02 19:15:57][info][数据库连接成功]
[2017-03-02 19:15:57][info][数据库连接成功]
[2017-03-02 19:15:57][info][数据库连接成功]
[2017-03-02 19:15:57][info][数据库连接成功]
[2017-03-02 19:15:57][debug][插入视频巡逻方案执行日志。插入件数：1]
[2017-03-02 19:15:57][info][数据库连接成功]
[2017-03-02 19:15:57][info][数据库连接成功]
[2017-03-02 19:15:57][info][数据库连接成功]
[2017-03-02 19:15:59][debug][角移动完成]
[2017-03-02 19:15:59][debug][退出视频巡航窗口，并关闭相关的摄像头]
[2017-03-02 19:15:59][debug][保存视频巡逻图片]
[2017-03-02 19:15:59][debug][把视频巡逻方案操作记录写到数据库中]
[2017-03-02 19:15:59][info][数据库连接成功]
[2017-03-02 19:15:59][info][数据库连接成功]
[2017-03-02 19:15:59][debug][插入视频巡逻详细log数据。插入件数：1]
[2017-03-02 19:15:59][debug][停止视频巡逻方案]
[2017-03-02 19:15:59][debug][请求关闭摄像头]
[2017-03-02 19:15:59][debug][请求关闭摄像头失败。CameraId:1]
[2017-03-02 19:16:32][debug][显示个人信息面板]
[2017-03-02 19:16:32][debug][切换到设备管理界面]
[2017-03-02 19:16:32][debug][加载设备信息]
[2017-03-02 19:16:32][info][数据库连接成功]
[2017-03-02 19:16:32][debug][向数据库检索所有设备数据]
[2017-03-02 19:16:33][debug][切换到设备管理界面]
[2017-03-02 19:16:33][debug][加载设备信息]
[2017-03-02 19:16:33][info][数据库连接成功]
[2017-03-02 19:16:33][debug][向数据库检索所有设备数据]
[2017-03-02 19:16:33][debug][检索视频巡航日志]
[2017-03-02 19:16:33][info][数据库连接成功]
[2017-03-02 19:16:33][debug][检索指定条件的视频巡逻方案执行日志。检索件数：357]
[2017-03-02 19:16:33][debug][加载用户组信息]
[2017-03-02 19:16:33][info][数据库连接成功]
[2017-03-02 19:16:33][debug][检索所有不是超级管理员的用户组信息。检索件数：2]
[2017-03-02 19:16:33][debug][初始化用户组记录项目]
[2017-03-02 19:16:33][debug][初始化用户组信息]
[2017-03-02 19:16:33][debug][检索当前组的权限信息]
[2017-03-02 19:16:33][info][数据库连接成功]
[2017-03-02 19:16:33][debug][根据组Id检索组与权限的关联表记录。检索条件：GROUPID:2]
[2017-03-02 19:16:33][debug][检索所有权限信息]
[2017-03-02 19:16:33][info][数据库连接成功]
[2017-03-02 19:16:33][debug][检索所有权限数据]
[2017-03-02 19:16:33][debug][生成用户组权限的信息]
[2017-03-02 19:16:33][debug][添加权限组对象]
[2017-03-02 19:16:33][debug][生成用户组权限的信息]
[2017-03-02 19:16:33][debug][添加权限组对象]
[2017-03-02 19:16:33][debug][生成用户组权限的信息]
[2017-03-02 19:16:33][debug][添加权限组对象]
[2017-03-02 19:16:33][debug][生成用户组权限的信息]
[2017-03-02 19:16:33][debug][添加权限组对象]
[2017-03-02 19:16:33][debug][生成用户组权限的信息]
[2017-03-02 19:16:33][debug][添加权限组对象]
[2017-03-02 19:16:33][debug][生成用户组权限的信息]
[2017-03-02 19:16:33][debug][添加权限组对象]
[2017-03-02 19:16:33][debug][生成用户组权限的信息]
[2017-03-02 19:16:33][debug][添加权限组对象]
[2017-03-02 19:16:33][debug][生成用户组权限的信息]
[2017-03-02 19:16:33][debug][添加权限组对象]
[2017-03-02 19:16:33][debug][生成用户组权限的信息]
[2017-03-02 19:16:33][debug][添加权限组对象]
[2017-03-02 19:16:33][debug][初始化用户组记录项目]
[2017-03-02 19:16:34][debug][切换到设备管理界面]
[2017-03-02 19:16:34][debug][加载设备信息]
[2017-03-02 19:16:34][info][数据库连接成功]
[2017-03-02 19:16:34][debug][向数据库检索所有设备数据]
[2017-03-02 19:16:34][debug][切换到设备管理界面]
[2017-03-02 19:16:34][debug][加载设备信息]
[2017-03-02 19:16:34][info][数据库连接成功]
[2017-03-02 19:16:34][debug][向数据库检索所有设备数据]
[2017-03-02 19:16:34][debug][加载疏散预案信息]
[2017-03-02 19:16:34][info][数据库连接成功]
[2017-03-02 19:16:34][debug][向数据库检索所有的疏散预案]
[2017-03-02 19:16:34][debug][加载疏散区域信息]
[2017-03-02 19:16:35][info][数据库连接成功]
[2017-03-02 19:16:35][debug][向数据库检索所有的疏散区域]
[2017-03-02 19:16:35][debug][绘制疏散区域]
[2017-03-02 19:16:35][debug][设置疏散区域名称对象]
[2017-03-02 19:16:35][debug][设置疏散区域名称文字对齐方式]
[2017-03-02 19:16:35][debug][从数据库加载巡逻方案的数据]
[2017-03-02 19:16:35][info][数据库连接成功]
[2017-03-02 19:16:35][debug][按ID升序检索所有视频巡航方案记录。检索件数：2]
[2017-03-02 19:16:36][debug][切换到设备管理界面]
[2017-03-02 19:16:36][debug][加载设备信息]
[2017-03-02 19:16:36][info][数据库连接成功]
[2017-03-02 19:16:36][debug][向数据库检索所有设备数据]
[2017-03-02 19:16:37][debug][切换到设备管理界面]
[2017-03-02 19:16:37][debug][加载设备信息]
[2017-03-02 19:16:37][info][数据库连接成功]
[2017-03-02 19:16:37][debug][向数据库检索所有设备数据]
[2017-03-02 19:16:37][debug][加载疏散预案信息]
[2017-03-02 19:16:37][info][数据库连接成功]
[2017-03-02 19:16:37][debug][向数据库检索所有的疏散预案]
[2017-03-02 19:16:37][debug][加载疏散区域信息]
[2017-03-02 19:16:37][info][数据库连接成功]
[2017-03-02 19:16:37][debug][向数据库检索所有的疏散区域]
[2017-03-02 19:16:37][debug][绘制疏散区域]
[2017-03-02 19:16:37][debug][设置疏散区域名称对象]
[2017-03-02 19:16:37][debug][设置疏散区域名称文字对齐方式]
[2017-03-02 19:16:37][debug][从数据库加载巡逻方案的数据]
[2017-03-02 19:16:37][info][数据库连接成功]
[2017-03-02 19:16:37][debug][按ID升序检索所有视频巡航方案记录。检索件数：2]
[2017-03-02 19:18:56][debug][将客流统计数据存入数据库]
[2017-03-02 19:18:56][debug][关闭与服务器的连接]
[2017-03-02 19:19:03][debug][打开log文件]
[2017-03-02 19:19:03][debug][设置应用程序分辨率]
[2017-03-02 19:19:17][debug][开始登录]
[2017-03-02 19:19:17][info][数据库连接成功]
[2017-03-02 19:19:17][debug][根据用户名和密码检索数据。检索件数：1]
[2017-03-02 19:19:17][info][数据库连接成功]
[2017-03-02 19:19:17][debug][根据用户ID 查询所属组的ID。检索件数：1,检索条件：USERID = 1]
[2017-03-02 19:19:17][info][数据库连接成功]
[2017-03-02 19:19:17][debug][根据用户ID检索用户组信息。检索件数：1,检索条件：ID = 1]
[2017-03-02 19:19:17][info][数据库连接成功]
[2017-03-02 19:19:17][debug][根据组Id检索组与权限的关联表记录。检索条件：GROUPID:1]
[2017-03-02 19:19:17][info][数据库连接成功]
[2017-03-02 19:19:17][debug][检索所有权限数据]
[2017-03-02 19:19:17][debug][登录成功]
[2017-03-02 19:19:21][debug][从数据库加载巡逻方案的数据]
[2017-03-02 19:19:21][info][数据库连接成功]
[2017-03-02 19:19:21][debug][按ID升序检索所有视频巡航方案记录。检索件数：2]
[2017-03-02 19:19:22][debug][关闭与服务器的连接]
[2017-03-02 19:19:22][debug][连接服务器成功]
[2017-03-02 19:19:22][debug][请求登陆监控服务器]
[2017-03-02 19:19:22][debug][请求登陆监控服务器成功]
[2017-03-02 19:19:22][debug][加载摄像头的信息]
[2017-03-02 19:19:22][info][数据库连接成功]
[2017-03-02 19:19:22][debug][向数据库检索所有设备数据]
[2017-03-02 19:19:22][debug][从数据库加载巡逻方案的数据]
[2017-03-02 19:19:22][info][数据库连接成功]
[2017-03-02 19:19:22][debug][按ID升序检索所有视频巡航方案记录。检索件数：2]
[2017-03-02 19:19:22][debug][初始化疏散预案相关内容]
[2017-03-02 19:19:22][debug][加载客流统计区域，及加载当天最新统计信息]
[2017-03-02 19:19:22][debug][加载客流统计区域]
[2017-03-02 19:19:22][info][数据库连接成功]
[2017-03-02 19:19:22][debug][按ID升序检索所有的客流区域数据。检索件数：3]
[2017-03-02 19:19:22][debug][初始化客流统计信息]
[2017-03-02 19:19:22][debug][加载相关设备信息,用来初始化客流统计信息]
[2017-03-02 19:19:22][info][数据库连接成功]
[2017-03-02 19:19:22][debug][向数据库检索指定设备信息，检索条件：ID = ]
[2017-03-02 19:19:22][debug][初始化客流统计信息]
[2017-03-02 19:19:22][debug][加载相关设备信息,用来初始化客流统计信息]
[2017-03-02 19:19:22][info][数据库连接成功]
[2017-03-02 19:19:22][debug][向数据库检索指定设备信息，检索条件：ID = 1]
[2017-03-02 19:19:22][debug][初始化客流统计信息]
[2017-03-02 19:19:22][debug][加载相关设备信息,用来初始化客流统计信息]
[2017-03-02 19:19:22][info][数据库连接成功]
[2017-03-02 19:19:22][debug][向数据库检索指定设备信息，检索条件：ID = 1]
[2017-03-02 19:19:22][info][数据库连接成功]
[2017-03-02 19:19:22][debug][向数据库检索指定设备信息，检索条件：ID = 2]
[2017-03-02 19:19:22][debug][从数据库加载当天最新的客流统计信息]
[2017-03-02 19:19:22][info][数据库连接成功]
[2017-03-02 19:19:22][debug][从客流信息log表中查找大于或等于 datetime 的最新数据。检索件数：0,检索条件：DATETIME = 20170302000000]
[2017-03-02 19:19:22][debug][场景中的摄像机跟相对应的现实中实体摄像机的客流统计信息关联起来]
[2017-03-02 19:19:22][debug][从服务器接收客流统计信息]
[2017-03-02 19:19:22][debug][切换到设备管理界面]
[2017-03-02 19:19:22][debug][加载设备信息]
[2017-03-02 19:19:22][info][数据库连接成功]
[2017-03-02 19:19:22][debug][向数据库检索所有设备数据]
[2017-03-02 19:19:22][debug][加载疏散预案信息]
[2017-03-02 19:19:22][info][数据库连接成功]
[2017-03-02 19:19:22][debug][向数据库检索所有的疏散预案]
[2017-03-02 19:19:22][debug][加载疏散区域信息]
[2017-03-02 19:19:22][info][数据库连接成功]
[2017-03-02 19:19:22][debug][向数据库检索所有的疏散区域]
[2017-03-02 19:19:22][debug][绘制疏散区域]
[2017-03-02 19:19:22][debug][设置疏散区域名称对象]
[2017-03-02 19:19:22][debug][设置疏散区域名称文字对齐方式]
[2017-03-02 19:19:22][debug][从数据库加载巡逻方案的数据]
[2017-03-02 19:19:22][info][数据库连接成功]
[2017-03-02 19:19:22][debug][按ID升序检索所有视频巡航方案记录。检索件数：2]
[2017-03-02 19:19:24][debug][登陆监控服务器成功]
[2017-03-02 19:19:24][debug][获取物理摄像机列表]
[2017-03-02 19:19:45][debug][receive error :   at System.Net.Sockets.Socket+SocketAsyncResult.CheckIfThrowDelayedException () [0x00000] in <filename unknown>:0 
  at System.Net.Sockets.Socket.EndReceive (IAsyncResult asyncResult, System.Net.Sockets.SocketError& errorCode) [0x00000] in <filename unknown>:0 
  at NetworkClient.ReceiveCallBack (IAsyncResult asyn) [0x0000a] in D:\work\SVN\chenyunguju\trunk\branches\ChenYunProject\Assets\YF_Scripts\Network\NetworkClient.cs:122  ; 远程主机强迫关闭了一个现有的连接。
]
[2017-03-02 19:19:45][debug][ConnectionReset]
[2017-03-02 19:19:45][debug][重新连接服务器]
[2017-03-02 19:19:45][debug][关闭与服务器的连接]
[2017-03-02 19:19:45][debug][连接服务器成功]
[2017-03-02 19:19:45][debug][重新请求登陆监控服务器成功]
[2017-03-02 19:19:47][debug][receive error :   at System.Net.Sockets.Socket+SocketAsyncResult.CheckIfThrowDelayedException () [0x00000] in <filename unknown>:0 
  at System.Net.Sockets.Socket.EndReceive (IAsyncResult asyncResult, System.Net.Sockets.SocketError& errorCode) [0x00000] in <filename unknown>:0 
  at NetworkClient.ReceiveCallBack (IAsyncResult asyn) [0x0000a] in D:\work\SVN\chenyunguju\trunk\branches\ChenYunProject\Assets\YF_Scripts\Network\NetworkClient.cs:122  ; 远程主机强迫关闭了一个现有的连接。
]
[2017-03-02 19:19:47][debug][ConnectionReset]
[2017-03-02 19:19:47][debug][重新连接服务器]
[2017-03-02 19:19:47][debug][关闭与服务器的连接]
[2017-03-02 19:19:48][debug][连接服务器失败 由于目标计算机积极拒绝，无法连接。
]
[2017-03-02 20:17:10][debug][将客流统计数据存入数据库]
[2017-03-02 20:17:10][debug][关闭与服务器的连接]
