

【日志创建时间***********】【日志内容******************************************************PDF】



【  3/6/2017 9:02:34 AM  】【  ReturnDataSet成功,param is 4!  】


【  3/6/2017 9:02:34 AM  】【  数据库Close成功  】


【  3/6/2017 9:02:34 AM  】【  ReturnDataSet成功,param is 2!  】


【  3/6/2017 9:02:34 AM  】【  数据库Close成功  】


【  3/6/2017 9:02:34 AM  】【  ReturnDataSet成功,param is 2!  】


【  3/6/2017 9:02:34 AM  】【  数据库Close成功  】


【  3/6/2017 9:02:34 AM  】【  ReturnDataSet成功,param is 2!  】


【  3/6/2017 9:02:34 AM  】【  数据库Close成功  】


【  3/6/2017 9:02:34 AM  】【  ReturnDataSet成功,param is 2!  】


【  3/6/2017 9:02:39 AM  】【  数据库Close成功  】


【  3/6/2017 9:02:39 AM  】【  ReturnDataSet成功,param is 2!  】


【  3/6/2017 9:02:40 AM  】【  数据库Close成功  】


【  3/6/2017 9:02:40 AM  】【  ReturnDataSet成功,param is 2!  】


【  3/6/2017 9:02:40 AM  】【  数据库Close成功  】


【  3/6/2017 9:02:40 AM  】【  ReturnDataSet成功,param is 2!  】


【  3/6/2017 9:02:40 AM  】【  数据库Close成功  】


【  3/6/2017 9:02:40 AM  】【  ReturnDataSet成功,param is 2!  】


【  3/6/2017 9:02:40 AM  】【  数据库Close成功  】


【  3/6/2017 9:02:40 AM  】【  ReturnDataSet成功,param is 2!  】


【  3/6/2017 9:02:40 AM  】【  数据库Close成功  】


【  3/6/2017 9:02:40 AM  】【  ReturnDataSet成功,param is 2!  】


【  3/6/2017 9:02:40 AM  】【  数据库Close成功  】


【  3/6/2017 9:02:40 AM  】【  ReturnDataSet成功,param is 2!  】


【  3/6/2017 9:02:40 AM  】【  数据库Close成功  】


【  3/6/2017 9:02:40 AM  】【  ReturnDataSet成功,param is 2!  】


【  3/6/2017 9:02:40 AM  】【  数据库Close成功  】


【  3/6/2017 9:02:40 AM  】【  ReturnDataSet成功,param is 2!  】


【  3/6/2017 9:02:40 AM  】【  数据库Close成功  】


【  3/6/2017 9:02:40 AM  】【  ReturnDataSet成功,param is 2!  】


【  3/6/2017 9:02:40 AM  】【  数据库Close成功  】


【  3/6/2017 9:02:40 AM  】【  ReturnDataSet成功,param is 2!  】


【  3/6/2017 9:02:40 AM  】【  数据库Close成功  】


【  3/6/2017 9:02:40 AM  】【  ReturnDataSet成功,param is 2!  】


【  3/6/2017 9:02:40 AM  】【  数据库Close成功  】


【  3/6/2017 9:02:40 AM  】【  ReturnDataSet成功,param is 2!  】


【  3/6/2017 9:38:11 AM  】【  ReturnDataSet成功,param is 4!  】


【  3/6/2017 9:38:11 AM  】【  数据库Close成功  】


【  3/6/2017 9:38:11 AM  】【  ReturnDataSet成功,param is 2!  】


【  3/6/2017 9:38:11 AM  】【  数据库Close成功  】


【  3/6/2017 9:38:11 AM  】【  ReturnDataSet成功,param is 2!  】


【  3/6/2017 9:38:11 AM  】【  数据库Close成功  】


【  3/6/2017 9:38:11 AM  】【  ReturnDataSet成功,param is 2!  】


【  3/6/2017 9:38:11 AM  】【  数据库Close成功  】


【  3/6/2017 9:38:11 AM  】【  ReturnDataSet成功,param is 2!  】


【  3/6/2017 9:38:15 AM  】【  数据库Close成功  】


【  3/6/2017 9:38:15 AM  】【  ReturnDataSet成功,param is 2!  】


【  3/6/2017 9:38:16 AM  】【  数据库Close成功  】


【  3/6/2017 9:38:16 AM  】【  ReturnDataSet成功,param is 2!  】


【  3/6/2017 9:38:16 AM  】【  数据库Close成功  】


【  3/6/2017 9:38:16 AM  】【  ReturnDataSet成功,param is 2!  】


【  3/6/2017 9:38:16 AM  】【  数据库Close成功  】


【  3/6/2017 9:38:16 AM  】【  ReturnDataSet成功,param is 2!  】


【  3/6/2017 9:38:16 AM  】【  数据库Close成功  】


【  3/6/2017 9:38:17 AM  】【  ReturnDataSet成功,param is 2!  】


【  3/6/2017 9:38:17 AM  】【  数据库Close成功  】


【  3/6/2017 9:38:17 AM  】【  ReturnDataSet成功,param is 2!  】


【  3/6/2017 9:38:17 AM  】【  数据库Close成功  】


【  3/6/2017 9:38:17 AM  】【  ReturnDataSet成功,param is 2!  】


【  3/6/2017 9:38:17 AM  】【  数据库Close成功  】


【  3/6/2017 9:38:17 AM  】【  ReturnDataSet成功,param is 2!  】


【  3/6/2017 9:38:17 AM  】【  数据库Close成功  】


【  3/6/2017 9:38:17 AM  】【  ReturnDataSet成功,param is 2!  】


【  3/6/2017 9:38:17 AM  】【  数据库Close成功  】


【  3/6/2017 9:38:17 AM  】【  ReturnDataSet成功,param is 2!  】


【  3/6/2017 9:38:17 AM  】【  数据库Close成功  】


【  3/6/2017 9:38:17 AM  】【  ReturnDataSet成功,param is 2!  】


【  3/6/2017 9:38:17 AM  】【  数据库Close成功  】


【  3/6/2017 9:38:17 AM  】【  ReturnDataSet成功,param is 2!  】


【  3/6/2017 9:38:17 AM  】【  数据库Close成功  】


【  3/6/2017 9:38:17 AM  】【  ReturnDataSet成功,param is 2!  】


【  3/6/2017 9:41:34 AM  】【  ReturnDataSet成功,param is 2!  】


【  3/6/2017 9:51:52 AM  】【  数据库Close成功  】


【  3/6/2017 9:51:54 AM  】【  ReturnDataSet成功,param is 2!  】


【  3/6/2017 9:54:36 AM  】【  数据库Close成功  】


【  3/6/2017 9:54:38 AM  】【  ReturnDataSet成功,param is 2!  】


【  3/6/2017 9:55:10 AM  】【  数据库Close成功  】


【  3/6/2017 9:55:17 AM  】【  ReturnDataSet成功,param is 4!  】


【  3/6/2017 9:55:17 AM  】【  数据库Close成功  】


【  3/6/2017 9:55:17 AM  】【  ReturnDataSet成功,param is 2!  】


【  3/6/2017 9:55:17 AM  】【  数据库Close成功  】


【  3/6/2017 9:55:17 AM  】【  ReturnDataSet成功,param is 2!  】


【  3/6/2017 9:55:17 AM  】【  数据库Close成功  】


【  3/6/2017 9:55:17 AM  】【  ReturnDataSet成功,param is 2!  】


【  3/6/2017 9:55:17 AM  】【  数据库Close成功  】


【  3/6/2017 9:55:17 AM  】【  ReturnDataSet成功,param is 2!  】


【  3/6/2017 9:55:21 AM  】【  数据库Close成功  】


【  3/6/2017 9:55:21 AM  】【  ReturnDataSet成功,param is 2!  】


【  3/6/2017 9:55:22 AM  】【  数据库Close成功  】


【  3/6/2017 9:55:22 AM  】【  ReturnDataSet成功,param is 2!  】


【  3/6/2017 9:55:22 AM  】【  数据库Close成功  】


【  3/6/2017 9:55:22 AM  】【  ReturnDataSet成功,param is 2!  】


【  3/6/2017 9:55:22 AM  】【  数据库Close成功  】


【  3/6/2017 9:55:22 AM  】【  ReturnDataSet成功,param is 2!  】


【  3/6/2017 9:55:22 AM  】【  数据库Close成功  】


【  3/6/2017 9:55:22 AM  】【  ReturnDataSet成功,param is 2!  】


【  3/6/2017 9:55:22 AM  】【  数据库Close成功  】


【  3/6/2017 9:55:22 AM  】【  ReturnDataSet成功,param is 2!  】


【  3/6/2017 9:55:22 AM  】【  数据库Close成功  】


【  3/6/2017 9:55:22 AM  】【  ReturnDataSet成功,param is 2!  】


【  3/6/2017 9:55:22 AM  】【  数据库Close成功  】


【  3/6/2017 9:55:22 AM  】【  ReturnDataSet成功,param is 2!  】


【  3/6/2017 9:55:22 AM  】【  数据库Close成功  】


【  3/6/2017 9:55:22 AM  】【  ReturnDataSet成功,param is 2!  】


【  3/6/2017 9:55:22 AM  】【  数据库Close成功  】


【  3/6/2017 9:55:22 AM  】【  ReturnDataSet成功,param is 2!  】


【  3/6/2017 9:55:22 AM  】【  数据库Close成功  】


【  3/6/2017 9:55:22 AM  】【  ReturnDataSet成功,param is 2!  】


【  3/6/2017 9:55:22 AM  】【  数据库Close成功  】


【  3/6/2017 9:55:22 AM  】【  ReturnDataSet成功,param is 2!  】


【  3/6/2017 9:55:22 AM  】【  数据库Close成功  】


【  3/6/2017 9:55:22 AM  】【  ReturnDataSet成功,param is 2!  】


【  3/6/2017 10:00:17 AM  】【  数据库Close成功  】


【  3/6/2017 10:00:19 AM  】【  ReturnDataSet成功,param is 2!  】


【  3/6/2017 10:08:57 AM  】【  数据库Close成功  】


【  3/6/2017 10:09:03 AM  】【  ReturnDataSet成功,param is 4!  】


【  3/6/2017 10:09:03 AM  】【  数据库Close成功  】


【  3/6/2017 10:09:03 AM  】【  ReturnDataSet成功,param is 2!  】


【  3/6/2017 10:09:03 AM  】【  数据库Close成功  】


【  3/6/2017 10:09:03 AM  】【  ReturnDataSet成功,param is 2!  】


【  3/6/2017 10:09:03 AM  】【  数据库Close成功  】


【  3/6/2017 10:09:03 AM  】【  ReturnDataSet成功,param is 2!  】


【  3/6/2017 10:09:03 AM  】【  数据库Close成功  】


【  3/6/2017 10:09:03 AM  】【  ReturnDataSet成功,param is 2!  】


【  3/6/2017 10:09:06 AM  】【  数据库Close成功  】


【  3/6/2017 10:09:07 AM  】【  ReturnDataSet成功,param is 2!  】


【  3/6/2017 10:09:07 AM  】【  数据库Close成功  】


【  3/6/2017 10:09:07 AM  】【  ReturnDataSet成功,param is 2!  】


【  3/6/2017 10:09:08 AM  】【  数据库Close成功  】


【  3/6/2017 10:09:08 AM  】【  ReturnDataSet成功,param is 2!  】


【  3/6/2017 10:09:08 AM  】【  数据库Close成功  】


【  3/6/2017 10:09:08 AM  】【  ReturnDataSet成功,param is 2!  】


【  3/6/2017 10:09:08 AM  】【  数据库Close成功  】


【  3/6/2017 10:09:08 AM  】【  ReturnDataSet成功,param is 2!  】


【  3/6/2017 10:09:08 AM  】【  数据库Close成功  】


【  3/6/2017 10:09:08 AM  】【  ReturnDataSet成功,param is 2!  】


【  3/6/2017 10:09:08 AM  】【  数据库Close成功  】


【  3/6/2017 10:09:08 AM  】【  ReturnDataSet成功,param is 2!  】


【  3/6/2017 10:09:08 AM  】【  数据库Close成功  】


【  3/6/2017 10:09:08 AM  】【  ReturnDataSet成功,param is 2!  】


【  3/6/2017 10:09:08 AM  】【  数据库Close成功  】


【  3/6/2017 10:09:08 AM  】【  ReturnDataSet成功,param is 2!  】


【  3/6/2017 10:09:08 AM  】【  数据库Close成功  】


【  3/6/2017 10:09:08 AM  】【  ReturnDataSet成功,param is 2!  】


【  3/6/2017 10:09:08 AM  】【  数据库Close成功  】


【  3/6/2017 10:09:08 AM  】【  ReturnDataSet成功,param is 2!  】


【  3/6/2017 10:09:08 AM  】【  数据库Close成功  】


【  3/6/2017 10:09:08 AM  】【  ReturnDataSet成功,param is 2!  】


【  3/6/2017 10:09:08 AM  】【  数据库Close成功  】


【  3/6/2017 10:09:08 AM  】【  ReturnDataSet成功,param is 2!  】


【  3/6/2017 10:17:24 AM  】【  数据库Close成功  】


【  3/6/2017 10:17:30 AM  】【  ReturnDataSet成功,param is 4!  】


【  3/6/2017 10:17:30 AM  】【  数据库Close成功  】


【  3/6/2017 10:17:30 AM  】【  ReturnDataSet成功,param is 2!  】


【  3/6/2017 10:17:30 AM  】【  数据库Close成功  】


【  3/6/2017 10:17:30 AM  】【  ReturnDataSet成功,param is 2!  】


【  3/6/2017 10:17:30 AM  】【  数据库Close成功  】


【  3/6/2017 10:17:30 AM  】【  ReturnDataSet成功,param is 2!  】


【  3/6/2017 10:17:30 AM  】【  数据库Close成功  】


【  3/6/2017 10:17:30 AM  】【  ReturnDataSet成功,param is 2!  】


【  3/6/2017 10:17:33 AM  】【  数据库Close成功  】


【  3/6/2017 10:17:33 AM  】【  ReturnDataSet成功,param is 2!  】


【  3/6/2017 10:17:34 AM  】【  数据库Close成功  】


【  3/6/2017 10:17:34 AM  】【  ReturnDataSet成功,param is 2!  】


【  3/6/2017 10:17:34 AM  】【  数据库Close成功  】


【  3/6/2017 10:17:34 AM  】【  ReturnDataSet成功,param is 2!  】


【  3/6/2017 10:17:34 AM  】【  数据库Close成功  】


【  3/6/2017 10:17:34 AM  】【  ReturnDataSet成功,param is 2!  】


【  3/6/2017 10:17:34 AM  】【  数据库Close成功  】


【  3/6/2017 10:17:34 AM  】【  ReturnDataSet成功,param is 2!  】


【  3/6/2017 10:17:34 AM  】【  数据库Close成功  】


【  3/6/2017 10:17:34 AM  】【  ReturnDataSet成功,param is 2!  】


【  3/6/2017 10:17:34 AM  】【  数据库Close成功  】


【  3/6/2017 10:17:34 AM  】【  ReturnDataSet成功,param is 2!  】


【  3/6/2017 10:17:34 AM  】【  数据库Close成功  】


【  3/6/2017 10:17:34 AM  】【  ReturnDataSet成功,param is 2!  】


【  3/6/2017 10:17:34 AM  】【  数据库Close成功  】


【  3/6/2017 10:17:34 AM  】【  ReturnDataSet成功,param is 2!  】


【  3/6/2017 10:17:34 AM  】【  数据库Close成功  】


【  3/6/2017 10:17:34 AM  】【  ReturnDataSet成功,param is 2!  】


【  3/6/2017 10:17:34 AM  】【  数据库Close成功  】


【  3/6/2017 10:17:34 AM  】【  ReturnDataSet成功,param is 2!  】


【  3/6/2017 10:17:34 AM  】【  数据库Close成功  】


【  3/6/2017 10:17:34 AM  】【  ReturnDataSet成功,param is 2!  】


【  3/6/2017 10:17:34 AM  】【  数据库Close成功  】


【  3/6/2017 10:17:34 AM  】【  ReturnDataSet成功,param is 2!  】


【  3/6/2017 10:22:54 AM  】【  数据库Close成功  】


【  3/6/2017 10:23:03 AM  】【  ReturnDataSet成功,param is 4!  】


【  3/6/2017 10:23:03 AM  】【  数据库Close成功  】


【  3/6/2017 10:23:03 AM  】【  ReturnDataSet成功,param is 2!  】


【  3/6/2017 10:23:03 AM  】【  数据库Close成功  】


【  3/6/2017 10:23:04 AM  】【  ReturnDataSet成功,param is 2!  】


【  3/6/2017 10:23:04 AM  】【  数据库Close成功  】


【  3/6/2017 10:23:04 AM  】【  ReturnDataSet成功,param is 2!  】


【  3/6/2017 10:23:04 AM  】【  数据库Close成功  】


【  3/6/2017 10:23:04 AM  】【  ReturnDataSet成功,param is 2!  】


【  3/6/2017 10:23:07 AM  】【  数据库Close成功  】


【  3/6/2017 10:23:07 AM  】【  ReturnDataSet成功,param is 2!  】


【  3/6/2017 10:23:08 AM  】【  数据库Close成功  】


【  3/6/2017 10:23:08 AM  】【  ReturnDataSet成功,param is 2!  】


【  3/6/2017 10:23:08 AM  】【  数据库Close成功  】


【  3/6/2017 10:23:08 AM  】【  ReturnDataSet成功,param is 2!  】


【  3/6/2017 10:23:08 AM  】【  数据库Close成功  】


【  3/6/2017 10:23:08 AM  】【  ReturnDataSet成功,param is 2!  】


【  3/6/2017 10:23:08 AM  】【  数据库Close成功  】


【  3/6/2017 10:23:08 AM  】【  ReturnDataSet成功,param is 2!  】


【  3/6/2017 10:23:08 AM  】【  数据库Close成功  】


【  3/6/2017 10:23:08 AM  】【  ReturnDataSet成功,param is 2!  】


【  3/6/2017 10:23:08 AM  】【  数据库Close成功  】


【  3/6/2017 10:23:08 AM  】【  ReturnDataSet成功,param is 2!  】


【  3/6/2017 10:23:08 AM  】【  数据库Close成功  】


【  3/6/2017 10:23:08 AM  】【  ReturnDataSet成功,param is 2!  】


【  3/6/2017 10:23:08 AM  】【  数据库Close成功  】


【  3/6/2017 10:23:08 AM  】【  ReturnDataSet成功,param is 2!  】


【  3/6/2017 10:23:08 AM  】【  数据库Close成功  】


【  3/6/2017 10:23:08 AM  】【  ReturnDataSet成功,param is 2!  】


【  3/6/2017 10:23:08 AM  】【  数据库Close成功  】


【  3/6/2017 10:23:08 AM  】【  ReturnDataSet成功,param is 2!  】


【  3/6/2017 10:23:08 AM  】【  数据库Close成功  】


【  3/6/2017 10:23:08 AM  】【  ReturnDataSet成功,param is 2!  】


【  3/6/2017 10:23:08 AM  】【  数据库Close成功  】


【  3/6/2017 10:23:08 AM  】【  ReturnDataSet成功,param is 2!  】


【  3/6/2017 10:30:04 AM  】【  ReturnDataSet成功,param is 2!  】


【  3/6/2017 10:31:58 AM  】【  数据库Close成功  】


【  3/6/2017 10:32:04 AM  】【  ReturnDataSet成功,param is 4!  】


【  3/6/2017 10:32:04 AM  】【  数据库Close成功  】


【  3/6/2017 10:32:04 AM  】【  ReturnDataSet成功,param is 2!  】


【  3/6/2017 10:32:04 AM  】【  数据库Close成功  】


【  3/6/2017 10:32:04 AM  】【  ReturnDataSet成功,param is 2!  】


【  3/6/2017 10:32:04 AM  】【  数据库Close成功  】


【  3/6/2017 10:32:04 AM  】【  ReturnDataSet成功,param is 2!  】


【  3/6/2017 10:32:04 AM  】【  数据库Close成功  】


【  3/6/2017 10:32:04 AM  】【  ReturnDataSet成功,param is 2!  】


【  3/6/2017 10:32:08 AM  】【  数据库Close成功  】


【  3/6/2017 10:32:08 AM  】【  ReturnDataSet成功,param is 2!  】


【  3/6/2017 10:32:08 AM  】【  数据库Close成功  】


【  3/6/2017 10:32:08 AM  】【  ReturnDataSet成功,param is 2!  】


【  3/6/2017 10:32:08 AM  】【  数据库Close成功  】


【  3/6/2017 10:32:09 AM  】【  ReturnDataSet成功,param is 2!  】


【  3/6/2017 10:32:09 AM  】【  数据库Close成功  】


【  3/6/2017 10:32:09 AM  】【  ReturnDataSet成功,param is 2!  】


【  3/6/2017 10:32:09 AM  】【  数据库Close成功  】


【  3/6/2017 10:32:09 AM  】【  ReturnDataSet成功,param is 2!  】


【  3/6/2017 10:32:09 AM  】【  数据库Close成功  】


【  3/6/2017 10:32:09 AM  】【  ReturnDataSet成功,param is 2!  】


【  3/6/2017 10:32:09 AM  】【  数据库Close成功  】


【  3/6/2017 10:32:09 AM  】【  ReturnDataSet成功,param is 2!  】


【  3/6/2017 10:32:09 AM  】【  数据库Close成功  】


【  3/6/2017 10:32:09 AM  】【  ReturnDataSet成功,param is 2!  】


【  3/6/2017 10:32:09 AM  】【  数据库Close成功  】


【  3/6/2017 10:32:09 AM  】【  ReturnDataSet成功,param is 2!  】


【  3/6/2017 10:32:09 AM  】【  数据库Close成功  】


【  3/6/2017 10:32:09 AM  】【  ReturnDataSet成功,param is 2!  】


【  3/6/2017 10:32:09 AM  】【  数据库Close成功  】


【  3/6/2017 10:32:09 AM  】【  ReturnDataSet成功,param is 2!  】


【  3/6/2017 10:32:09 AM  】【  数据库Close成功  】


【  3/6/2017 10:32:09 AM  】【  ReturnDataSet成功,param is 2!  】


【  3/6/2017 10:32:09 AM  】【  数据库Close成功  】


【  3/6/2017 10:32:09 AM  】【  ReturnDataSet成功,param is 2!  】


【  3/6/2017 10:35:20 AM  】【  ReturnDataSet成功,param is 2!  】


【  3/6/2017 10:35:31 AM  】【  ReturnDataSet成功,param is 4!  】


【  3/6/2017 10:35:31 AM  】【  数据库Close成功  】


【  3/6/2017 10:35:31 AM  】【  ReturnDataSet成功,param is 2!  】


【  3/6/2017 10:35:31 AM  】【  数据库Close成功  】


【  3/6/2017 10:35:31 AM  】【  ReturnDataSet成功,param is 2!  】


【  3/6/2017 10:35:31 AM  】【  数据库Close成功  】


【  3/6/2017 10:35:31 AM  】【  ReturnDataSet成功,param is 2!  】


【  3/6/2017 10:35:31 AM  】【  数据库Close成功  】


【  3/6/2017 10:35:32 AM  】【  ReturnDataSet成功,param is 2!  】


【  3/6/2017 10:35:35 AM  】【  数据库Close成功  】


【  3/6/2017 10:35:35 AM  】【  ReturnDataSet成功,param is 2!  】


【  3/6/2017 10:35:36 AM  】【  数据库Close成功  】


【  3/6/2017 10:35:36 AM  】【  ReturnDataSet成功,param is 2!  】


【  3/6/2017 10:35:36 AM  】【  数据库Close成功  】


【  3/6/2017 10:35:36 AM  】【  ReturnDataSet成功,param is 2!  】


【  3/6/2017 10:35:36 AM  】【  数据库Close成功  】


【  3/6/2017 10:35:36 AM  】【  ReturnDataSet成功,param is 2!  】


【  3/6/2017 10:35:36 AM  】【  数据库Close成功  】


【  3/6/2017 10:35:36 AM  】【  ReturnDataSet成功,param is 2!  】


【  3/6/2017 10:35:36 AM  】【  数据库Close成功  】


【  3/6/2017 10:35:36 AM  】【  ReturnDataSet成功,param is 2!  】


【  3/6/2017 10:35:36 AM  】【  数据库Close成功  】


【  3/6/2017 10:35:36 AM  】【  ReturnDataSet成功,param is 2!  】


【  3/6/2017 10:35:36 AM  】【  数据库Close成功  】


【  3/6/2017 10:35:36 AM  】【  ReturnDataSet成功,param is 2!  】


【  3/6/2017 10:35:36 AM  】【  数据库Close成功  】


【  3/6/2017 10:35:36 AM  】【  ReturnDataSet成功,param is 2!  】


【  3/6/2017 10:35:36 AM  】【  数据库Close成功  】


【  3/6/2017 10:35:36 AM  】【  ReturnDataSet成功,param is 2!  】


【  3/6/2017 10:35:36 AM  】【  数据库Close成功  】


【  3/6/2017 10:35:36 AM  】【  ReturnDataSet成功,param is 2!  】


【  3/6/2017 10:35:36 AM  】【  数据库Close成功  】


【  3/6/2017 10:35:36 AM  】【  ReturnDataSet成功,param is 2!  】


【  3/6/2017 10:35:36 AM  】【  数据库Close成功  】


【  3/6/2017 10:35:36 AM  】【  ReturnDataSet成功,param is 2!  】


【  3/6/2017 10:42:49 AM  】【  数据库Close成功  】


【  3/6/2017 10:42:50 AM  】【  ReturnDataSet成功,param is 2!  】


【  3/6/2017 10:43:26 AM  】【  ReturnDataSet成功,param is 4!  】


【  3/6/2017 10:43:26 AM  】【  数据库Close成功  】


【  3/6/2017 10:43:26 AM  】【  ReturnDataSet成功,param is 2!  】


【  3/6/2017 10:43:26 AM  】【  数据库Close成功  】


【  3/6/2017 10:43:26 AM  】【  ReturnDataSet成功,param is 2!  】


【  3/6/2017 10:43:26 AM  】【  数据库Close成功  】


【  3/6/2017 10:43:26 AM  】【  ReturnDataSet成功,param is 2!  】


【  3/6/2017 10:43:26 AM  】【  数据库Close成功  】


【  3/6/2017 10:43:26 AM  】【  ReturnDataSet成功,param is 2!  】


【  3/6/2017 10:43:29 AM  】【  数据库Close成功  】


【  3/6/2017 10:43:29 AM  】【  ReturnDataSet成功,param is 2!  】


【  3/6/2017 10:43:30 AM  】【  数据库Close成功  】


【  3/6/2017 10:43:30 AM  】【  ReturnDataSet成功,param is 2!  】


【  3/6/2017 10:43:30 AM  】【  数据库Close成功  】


【  3/6/2017 10:43:30 AM  】【  ReturnDataSet成功,param is 2!  】


【  3/6/2017 10:43:30 AM  】【  数据库Close成功  】


【  3/6/2017 10:43:30 AM  】【  ReturnDataSet成功,param is 2!  】


【  3/6/2017 10:43:30 AM  】【  数据库Close成功  】


【  3/6/2017 10:43:30 AM  】【  ReturnDataSet成功,param is 2!  】


【  3/6/2017 10:43:30 AM  】【  数据库Close成功  】


【  3/6/2017 10:43:30 AM  】【  ReturnDataSet成功,param is 2!  】


【  3/6/2017 10:43:30 AM  】【  数据库Close成功  】


【  3/6/2017 10:43:30 AM  】【  ReturnDataSet成功,param is 2!  】


【  3/6/2017 10:43:30 AM  】【  数据库Close成功  】


【  3/6/2017 10:43:30 AM  】【  ReturnDataSet成功,param is 2!  】


【  3/6/2017 10:43:30 AM  】【  数据库Close成功  】


【  3/6/2017 10:43:30 AM  】【  ReturnDataSet成功,param is 2!  】


【  3/6/2017 10:43:30 AM  】【  数据库Close成功  】


【  3/6/2017 10:43:30 AM  】【  ReturnDataSet成功,param is 2!  】


【  3/6/2017 10:43:30 AM  】【  数据库Close成功  】


【  3/6/2017 10:43:30 AM  】【  ReturnDataSet成功,param is 2!  】


【  3/6/2017 10:43:30 AM  】【  数据库Close成功  】


【  3/6/2017 10:43:30 AM  】【  ReturnDataSet成功,param is 2!  】


【  3/6/2017 10:43:30 AM  】【  数据库Close成功  】


【  3/6/2017 10:43:30 AM  】【  ReturnDataSet成功,param is 2!  】


【  3/6/2017 10:46:54 AM  】【  ReturnDataSet成功,param is 2!  】


【  3/6/2017 10:47:07 AM  】【  ReturnDataSet成功,param is 4!  】


【  3/6/2017 10:47:07 AM  】【  数据库Close成功  】


【  3/6/2017 10:47:07 AM  】【  ReturnDataSet成功,param is 2!  】


【  3/6/2017 10:47:07 AM  】【  数据库Close成功  】


【  3/6/2017 10:47:07 AM  】【  ReturnDataSet成功,param is 2!  】


【  3/6/2017 10:47:07 AM  】【  数据库Close成功  】


【  3/6/2017 10:47:07 AM  】【  ReturnDataSet成功,param is 2!  】


【  3/6/2017 10:47:07 AM  】【  数据库Close成功  】


【  3/6/2017 10:47:07 AM  】【  ReturnDataSet成功,param is 2!  】


【  3/6/2017 10:47:10 AM  】【  数据库Close成功  】


【  3/6/2017 10:47:10 AM  】【  ReturnDataSet成功,param is 2!  】


【  3/6/2017 10:47:11 AM  】【  数据库Close成功  】


【  3/6/2017 10:47:11 AM  】【  ReturnDataSet成功,param is 2!  】


【  3/6/2017 10:47:11 AM  】【  数据库Close成功  】


【  3/6/2017 10:47:11 AM  】【  ReturnDataSet成功,param is 2!  】


【  3/6/2017 10:47:11 AM  】【  数据库Close成功  】


【  3/6/2017 10:47:11 AM  】【  ReturnDataSet成功,param is 2!  】


【  3/6/2017 10:47:11 AM  】【  数据库Close成功  】


【  3/6/2017 10:47:11 AM  】【  ReturnDataSet成功,param is 2!  】


【  3/6/2017 10:47:11 AM  】【  数据库Close成功  】


【  3/6/2017 10:47:11 AM  】【  ReturnDataSet成功,param is 2!  】


【  3/6/2017 10:47:11 AM  】【  数据库Close成功  】


【  3/6/2017 10:47:11 AM  】【  ReturnDataSet成功,param is 2!  】


【  3/6/2017 10:47:11 AM  】【  数据库Close成功  】


【  3/6/2017 10:47:11 AM  】【  ReturnDataSet成功,param is 2!  】


【  3/6/2017 10:47:11 AM  】【  数据库Close成功  】


【  3/6/2017 10:47:11 AM  】【  ReturnDataSet成功,param is 2!  】


【  3/6/2017 10:47:12 AM  】【  数据库Close成功  】


【  3/6/2017 10:47:12 AM  】【  ReturnDataSet成功,param is 2!  】


【  3/6/2017 10:47:12 AM  】【  数据库Close成功  】


【  3/6/2017 10:47:12 AM  】【  ReturnDataSet成功,param is 2!  】


【  3/6/2017 10:47:12 AM  】【  数据库Close成功  】


【  3/6/2017 10:47:12 AM  】【  ReturnDataSet成功,param is 2!  】


【  3/6/2017 10:47:12 AM  】【  数据库Close成功  】


【  3/6/2017 10:47:12 AM  】【  ReturnDataSet成功,param is 2!  】


【  3/6/2017 10:48:39 AM  】【  数据库Close成功  】


【  3/6/2017 10:48:41 AM  】【  ReturnDataSet成功,param is 2!  】


【  3/6/2017 10:48:53 AM  】【  ReturnDataSet成功,param is 4!  】


【  3/6/2017 10:48:53 AM  】【  数据库Close成功  】


【  3/6/2017 10:48:53 AM  】【  ReturnDataSet成功,param is 2!  】


【  3/6/2017 10:48:53 AM  】【  数据库Close成功  】


【  3/6/2017 10:48:53 AM  】【  ReturnDataSet成功,param is 2!  】


【  3/6/2017 10:48:53 AM  】【  数据库Close成功  】


【  3/6/2017 10:48:53 AM  】【  ReturnDataSet成功,param is 2!  】


【  3/6/2017 10:48:53 AM  】【  数据库Close成功  】


【  3/6/2017 10:48:53 AM  】【  ReturnDataSet成功,param is 2!  】


【  3/6/2017 10:48:56 AM  】【  数据库Close成功  】


【  3/6/2017 10:48:56 AM  】【  ReturnDataSet成功,param is 2!  】


【  3/6/2017 10:48:57 AM  】【  数据库Close成功  】


【  3/6/2017 10:48:57 AM  】【  ReturnDataSet成功,param is 2!  】


【  3/6/2017 10:48:57 AM  】【  数据库Close成功  】


【  3/6/2017 10:48:57 AM  】【  ReturnDataSet成功,param is 2!  】


【  3/6/2017 10:48:57 AM  】【  数据库Close成功  】


【  3/6/2017 10:48:57 AM  】【  ReturnDataSet成功,param is 2!  】


【  3/6/2017 10:48:57 AM  】【  数据库Close成功  】


【  3/6/2017 10:48:57 AM  】【  ReturnDataSet成功,param is 2!  】


【  3/6/2017 10:48:57 AM  】【  数据库Close成功  】


【  3/6/2017 10:48:57 AM  】【  ReturnDataSet成功,param is 2!  】


【  3/6/2017 10:48:57 AM  】【  数据库Close成功  】


【  3/6/2017 10:48:57 AM  】【  ReturnDataSet成功,param is 2!  】


【  3/6/2017 10:48:57 AM  】【  数据库Close成功  】


【  3/6/2017 10:48:57 AM  】【  ReturnDataSet成功,param is 2!  】


【  3/6/2017 10:48:57 AM  】【  数据库Close成功  】


【  3/6/2017 10:48:57 AM  】【  ReturnDataSet成功,param is 2!  】


【  3/6/2017 10:48:57 AM  】【  数据库Close成功  】


【  3/6/2017 10:48:57 AM  】【  ReturnDataSet成功,param is 2!  】


【  3/6/2017 10:48:57 AM  】【  数据库Close成功  】


【  3/6/2017 10:48:57 AM  】【  ReturnDataSet成功,param is 2!  】


【  3/6/2017 10:48:57 AM  】【  数据库Close成功  】


【  3/6/2017 10:48:57 AM  】【  ReturnDataSet成功,param is 2!  】


【  3/6/2017 10:48:57 AM  】【  数据库Close成功  】


【  3/6/2017 10:48:57 AM  】【  ReturnDataSet成功,param is 2!  】


【  3/6/2017 10:51:04 AM  】【  ReturnDataSet成功,param is 2!  】


【  3/6/2017 10:51:11 AM  】【  数据库Close成功  】


【  3/6/2017 10:51:19 AM  】【  ReturnDataSet成功,param is 4!  】


【  3/6/2017 10:51:19 AM  】【  数据库Close成功  】


【  3/6/2017 10:51:19 AM  】【  ReturnDataSet成功,param is 2!  】


【  3/6/2017 10:51:19 AM  】【  数据库Close成功  】


【  3/6/2017 10:51:19 AM  】【  ReturnDataSet成功,param is 2!  】


【  3/6/2017 10:51:19 AM  】【  数据库Close成功  】


【  3/6/2017 10:51:19 AM  】【  ReturnDataSet成功,param is 2!  】


【  3/6/2017 10:51:19 AM  】【  数据库Close成功  】


【  3/6/2017 10:51:19 AM  】【  ReturnDataSet成功,param is 2!  】


【  3/6/2017 10:51:22 AM  】【  数据库Close成功  】


【  3/6/2017 10:51:22 AM  】【  ReturnDataSet成功,param is 2!  】


【  3/6/2017 10:51:23 AM  】【  数据库Close成功  】


【  3/6/2017 10:51:23 AM  】【  ReturnDataSet成功,param is 2!  】


【  3/6/2017 10:51:23 AM  】【  数据库Close成功  】


【  3/6/2017 10:51:23 AM  】【  ReturnDataSet成功,param is 2!  】


【  3/6/2017 10:51:23 AM  】【  数据库Close成功  】


【  3/6/2017 10:51:23 AM  】【  ReturnDataSet成功,param is 2!  】


【  3/6/2017 10:51:23 AM  】【  数据库Close成功  】


【  3/6/2017 10:51:23 AM  】【  ReturnDataSet成功,param is 2!  】


【  3/6/2017 10:51:23 AM  】【  数据库Close成功  】


【  3/6/2017 10:51:23 AM  】【  ReturnDataSet成功,param is 2!  】


【  3/6/2017 10:51:23 AM  】【  数据库Close成功  】


【  3/6/2017 10:51:23 AM  】【  ReturnDataSet成功,param is 2!  】


【  3/6/2017 10:51:23 AM  】【  数据库Close成功  】


【  3/6/2017 10:51:23 AM  】【  ReturnDataSet成功,param is 2!  】


【  3/6/2017 10:51:23 AM  】【  数据库Close成功  】


【  3/6/2017 10:51:24 AM  】【  ReturnDataSet成功,param is 2!  】


【  3/6/2017 10:51:24 AM  】【  数据库Close成功  】


【  3/6/2017 10:51:24 AM  】【  ReturnDataSet成功,param is 2!  】


【  3/6/2017 10:51:24 AM  】【  数据库Close成功  】


【  3/6/2017 10:51:24 AM  】【  ReturnDataSet成功,param is 2!  】


【  3/6/2017 10:51:24 AM  】【  数据库Close成功  】


【  3/6/2017 10:51:24 AM  】【  ReturnDataSet成功,param is 2!  】


【  3/6/2017 10:51:24 AM  】【  数据库Close成功  】


【  3/6/2017 10:51:24 AM  】【  ReturnDataSet成功,param is 2!  】


【  3/6/2017 11:08:20 AM  】【  数据库Close成功  】


【  3/6/2017 11:08:22 AM  】【  ReturnDataSet成功,param is 2!  】


【  3/6/2017 11:13:13 AM  】【  ReturnDataSet成功,param is 4!  】


【  3/6/2017 11:13:13 AM  】【  数据库Close成功  】


【  3/6/2017 11:13:13 AM  】【  ReturnDataSet成功,param is 2!  】


【  3/6/2017 11:13:13 AM  】【  数据库Close成功  】


【  3/6/2017 11:13:13 AM  】【  ReturnDataSet成功,param is 2!  】


【  3/6/2017 11:13:13 AM  】【  数据库Close成功  】


【  3/6/2017 11:13:13 AM  】【  ReturnDataSet成功,param is 2!  】


【  3/6/2017 11:13:13 AM  】【  数据库Close成功  】


【  3/6/2017 11:13:13 AM  】【  ReturnDataSet成功,param is 2!  】


【  3/6/2017 11:13:17 AM  】【  数据库Close成功  】


【  3/6/2017 11:13:17 AM  】【  ReturnDataSet成功,param is 2!  】


【  3/6/2017 11:13:18 AM  】【  数据库Close成功  】


【  3/6/2017 11:13:18 AM  】【  ReturnDataSet成功,param is 2!  】


【  3/6/2017 11:13:18 AM  】【  数据库Close成功  】


【  3/6/2017 11:13:18 AM  】【  ReturnDataSet成功,param is 2!  】


【  3/6/2017 11:13:18 AM  】【  数据库Close成功  】


【  3/6/2017 11:13:18 AM  】【  ReturnDataSet成功,param is 2!  】


【  3/6/2017 11:13:18 AM  】【  数据库Close成功  】


【  3/6/2017 11:13:18 AM  】【  ReturnDataSet成功,param is 2!  】


【  3/6/2017 11:13:18 AM  】【  数据库Close成功  】


【  3/6/2017 11:13:18 AM  】【  ReturnDataSet成功,param is 2!  】


【  3/6/2017 11:13:18 AM  】【  数据库Close成功  】


【  3/6/2017 11:13:18 AM  】【  ReturnDataSet成功,param is 2!  】


【  3/6/2017 11:13:18 AM  】【  数据库Close成功  】


【  3/6/2017 11:13:18 AM  】【  ReturnDataSet成功,param is 2!  】


【  3/6/2017 11:13:18 AM  】【  数据库Close成功  】


【  3/6/2017 11:13:18 AM  】【  ReturnDataSet成功,param is 2!  】


【  3/6/2017 11:13:18 AM  】【  数据库Close成功  】


【  3/6/2017 11:13:18 AM  】【  ReturnDataSet成功,param is 2!  】


【  3/6/2017 11:13:18 AM  】【  数据库Close成功  】


【  3/6/2017 11:13:18 AM  】【  ReturnDataSet成功,param is 2!  】


【  3/6/2017 11:13:18 AM  】【  数据库Close成功  】


【  3/6/2017 11:13:18 AM  】【  ReturnDataSet成功,param is 2!  】


【  3/6/2017 11:13:18 AM  】【  数据库Close成功  】


【  3/6/2017 11:13:18 AM  】【  ReturnDataSet成功,param is 2!  】


【  3/6/2017 11:41:36 AM  】【  ReturnDataSet成功,param is 2!  】


【  3/6/2017 11:47:15 AM  】【  ReturnDataSet成功,param is 4!  】


【  3/6/2017 11:47:15 AM  】【  数据库Close成功  】


【  3/6/2017 11:47:15 AM  】【  ReturnDataSet成功,param is 2!  】


【  3/6/2017 11:47:15 AM  】【  数据库Close成功  】


【  3/6/2017 11:47:15 AM  】【  ReturnDataSet成功,param is 2!  】


【  3/6/2017 11:47:15 AM  】【  数据库Close成功  】


【  3/6/2017 11:47:15 AM  】【  ReturnDataSet成功,param is 2!  】


【  3/6/2017 11:47:15 AM  】【  数据库Close成功  】


【  3/6/2017 11:47:15 AM  】【  ReturnDataSet成功,param is 2!  】


【  3/6/2017 11:47:18 AM  】【  数据库Close成功  】


【  3/6/2017 11:47:18 AM  】【  ReturnDataSet成功,param is 2!  】


【  3/6/2017 11:47:19 AM  】【  数据库Close成功  】


【  3/6/2017 11:47:19 AM  】【  ReturnDataSet成功,param is 2!  】


【  3/6/2017 11:47:19 AM  】【  数据库Close成功  】


【  3/6/2017 11:47:19 AM  】【  ReturnDataSet成功,param is 2!  】


【  3/6/2017 11:47:19 AM  】【  数据库Close成功  】


【  3/6/2017 11:47:19 AM  】【  ReturnDataSet成功,param is 2!  】


【  3/6/2017 11:47:19 AM  】【  数据库Close成功  】


【  3/6/2017 11:47:19 AM  】【  ReturnDataSet成功,param is 2!  】


【  3/6/2017 11:47:19 AM  】【  数据库Close成功  】


【  3/6/2017 11:47:19 AM  】【  ReturnDataSet成功,param is 2!  】


【  3/6/2017 11:47:19 AM  】【  数据库Close成功  】


【  3/6/2017 11:47:19 AM  】【  ReturnDataSet成功,param is 2!  】


【  3/6/2017 11:47:19 AM  】【  数据库Close成功  】


【  3/6/2017 11:47:19 AM  】【  ReturnDataSet成功,param is 2!  】


【  3/6/2017 11:47:19 AM  】【  数据库Close成功  】


【  3/6/2017 11:47:19 AM  】【  ReturnDataSet成功,param is 2!  】


【  3/6/2017 11:47:19 AM  】【  数据库Close成功  】


【  3/6/2017 11:47:19 AM  】【  ReturnDataSet成功,param is 2!  】


【  3/6/2017 11:47:19 AM  】【  数据库Close成功  】


【  3/6/2017 11:47:19 AM  】【  ReturnDataSet成功,param is 2!  】


【  3/6/2017 11:47:19 AM  】【  数据库Close成功  】


【  3/6/2017 11:47:19 AM  】【  ReturnDataSet成功,param is 2!  】


【  3/6/2017 11:47:19 AM  】【  数据库Close成功  】


【  3/6/2017 11:47:19 AM  】【  ReturnDataSet成功,param is 2!  】


【  3/6/2017 11:49:01 AM  】【  数据库Close成功  】


【  3/6/2017 11:49:02 AM  】【  ReturnDataSet成功,param is 2!  】


【  3/6/2017 11:49:13 AM  】【  ReturnDataSet成功,param is 4!  】


【  3/6/2017 11:49:13 AM  】【  数据库Close成功  】


【  3/6/2017 11:49:13 AM  】【  ReturnDataSet成功,param is 2!  】


【  3/6/2017 11:49:13 AM  】【  数据库Close成功  】


【  3/6/2017 11:49:13 AM  】【  ReturnDataSet成功,param is 2!  】


【  3/6/2017 11:49:13 AM  】【  数据库Close成功  】


【  3/6/2017 11:49:13 AM  】【  ReturnDataSet成功,param is 2!  】


【  3/6/2017 11:49:13 AM  】【  数据库Close成功  】


【  3/6/2017 11:49:13 AM  】【  ReturnDataSet成功,param is 2!  】


【  3/6/2017 11:49:16 AM  】【  数据库Close成功  】


【  3/6/2017 11:49:16 AM  】【  ReturnDataSet成功,param is 2!  】


【  3/6/2017 11:49:17 AM  】【  数据库Close成功  】


【  3/6/2017 11:49:17 AM  】【  ReturnDataSet成功,param is 2!  】


【  3/6/2017 11:49:17 AM  】【  数据库Close成功  】


【  3/6/2017 11:49:17 AM  】【  ReturnDataSet成功,param is 2!  】


【  3/6/2017 11:49:17 AM  】【  数据库Close成功  】


【  3/6/2017 11:49:17 AM  】【  ReturnDataSet成功,param is 2!  】


【  3/6/2017 11:49:17 AM  】【  数据库Close成功  】


【  3/6/2017 11:49:17 AM  】【  ReturnDataSet成功,param is 2!  】


【  3/6/2017 11:49:17 AM  】【  数据库Close成功  】


【  3/6/2017 11:49:17 AM  】【  ReturnDataSet成功,param is 2!  】


【  3/6/2017 11:49:17 AM  】【  数据库Close成功  】


【  3/6/2017 11:49:17 AM  】【  ReturnDataSet成功,param is 2!  】


【  3/6/2017 11:49:17 AM  】【  数据库Close成功  】


【  3/6/2017 11:49:17 AM  】【  ReturnDataSet成功,param is 2!  】


【  3/6/2017 11:49:17 AM  】【  数据库Close成功  】


【  3/6/2017 11:49:17 AM  】【  ReturnDataSet成功,param is 2!  】


【  3/6/2017 11:49:17 AM  】【  数据库Close成功  】


【  3/6/2017 11:49:17 AM  】【  ReturnDataSet成功,param is 2!  】


【  3/6/2017 11:49:17 AM  】【  数据库Close成功  】


【  3/6/2017 11:49:17 AM  】【  ReturnDataSet成功,param is 2!  】


【  3/6/2017 11:49:17 AM  】【  数据库Close成功  】


【  3/6/2017 11:49:17 AM  】【  ReturnDataSet成功,param is 2!  】


【  3/6/2017 11:49:17 AM  】【  数据库Close成功  】


【  3/6/2017 11:49:17 AM  】【  ReturnDataSet成功,param is 2!  】


【  3/6/2017 11:50:44 AM  】【  数据库Close成功  】


【  3/6/2017 11:50:45 AM  】【  ReturnDataSet成功,param is 2!  】


【  3/6/2017 11:50:53 AM  】【  数据库Close成功  】


【  3/6/2017 11:51:00 AM  】【  ReturnDataSet成功,param is 4!  】


【  3/6/2017 11:51:00 AM  】【  数据库Close成功  】


【  3/6/2017 11:51:00 AM  】【  ReturnDataSet成功,param is 2!  】


【  3/6/2017 11:51:00 AM  】【  数据库Close成功  】


【  3/6/2017 11:51:00 AM  】【  ReturnDataSet成功,param is 2!  】


【  3/6/2017 11:51:00 AM  】【  数据库Close成功  】


【  3/6/2017 11:51:00 AM  】【  ReturnDataSet成功,param is 2!  】


【  3/6/2017 11:51:00 AM  】【  数据库Close成功  】


【  3/6/2017 11:51:00 AM  】【  ReturnDataSet成功,param is 2!  】


【  3/6/2017 11:51:03 AM  】【  数据库Close成功  】


【  3/6/2017 11:51:03 AM  】【  ReturnDataSet成功,param is 2!  】


【  3/6/2017 11:51:04 AM  】【  数据库Close成功  】


【  3/6/2017 11:51:04 AM  】【  ReturnDataSet成功,param is 2!  】


【  3/6/2017 11:51:04 AM  】【  数据库Close成功  】


【  3/6/2017 11:51:04 AM  】【  ReturnDataSet成功,param is 2!  】


【  3/6/2017 11:51:04 AM  】【  数据库Close成功  】


【  3/6/2017 11:51:04 AM  】【  ReturnDataSet成功,param is 2!  】


【  3/6/2017 11:51:04 AM  】【  数据库Close成功  】


【  3/6/2017 11:51:04 AM  】【  ReturnDataSet成功,param is 2!  】


【  3/6/2017 11:51:04 AM  】【  数据库Close成功  】


【  3/6/2017 11:51:04 AM  】【  ReturnDataSet成功,param is 2!  】


【  3/6/2017 11:51:04 AM  】【  数据库Close成功  】


【  3/6/2017 11:51:04 AM  】【  ReturnDataSet成功,param is 2!  】


【  3/6/2017 11:51:04 AM  】【  数据库Close成功  】


【  3/6/2017 11:51:04 AM  】【  ReturnDataSet成功,param is 2!  】


【  3/6/2017 11:51:04 AM  】【  数据库Close成功  】


【  3/6/2017 11:51:04 AM  】【  ReturnDataSet成功,param is 2!  】


【  3/6/2017 11:51:04 AM  】【  数据库Close成功  】


【  3/6/2017 11:51:04 AM  】【  ReturnDataSet成功,param is 2!  】


【  3/6/2017 11:51:04 AM  】【  数据库Close成功  】


【  3/6/2017 11:51:04 AM  】【  ReturnDataSet成功,param is 2!  】


【  3/6/2017 11:51:04 AM  】【  数据库Close成功  】


【  3/6/2017 11:51:04 AM  】【  ReturnDataSet成功,param is 2!  】


【  3/6/2017 11:51:04 AM  】【  数据库Close成功  】


【  3/6/2017 11:51:04 AM  】【  ReturnDataSet成功,param is 2!  】


【  3/6/2017 12:36:53 PM  】【  数据库Close成功  】


【  3/6/2017 12:36:54 PM  】【  ReturnDataSet成功,param is 2!  】


【  3/6/2017 12:36:58 PM  】【  数据库Close成功  】


【  3/6/2017 12:37:04 PM  】【  ReturnDataSet成功,param is 4!  】


【  3/6/2017 12:37:04 PM  】【  数据库Close成功  】


【  3/6/2017 12:37:04 PM  】【  ReturnDataSet成功,param is 2!  】


【  3/6/2017 12:37:04 PM  】【  数据库Close成功  】


【  3/6/2017 12:37:04 PM  】【  ReturnDataSet成功,param is 2!  】


【  3/6/2017 12:37:04 PM  】【  数据库Close成功  】


【  3/6/2017 12:37:04 PM  】【  ReturnDataSet成功,param is 2!  】


【  3/6/2017 12:37:04 PM  】【  数据库Close成功  】


【  3/6/2017 12:37:04 PM  】【  ReturnDataSet成功,param is 2!  】


【  3/6/2017 12:37:07 PM  】【  数据库Close成功  】


【  3/6/2017 12:37:07 PM  】【  ReturnDataSet成功,param is 2!  】


【  3/6/2017 12:37:08 PM  】【  数据库Close成功  】


【  3/6/2017 12:37:08 PM  】【  ReturnDataSet成功,param is 2!  】


【  3/6/2017 12:37:08 PM  】【  数据库Close成功  】


【  3/6/2017 12:37:08 PM  】【  ReturnDataSet成功,param is 2!  】


【  3/6/2017 12:37:08 PM  】【  数据库Close成功  】


【  3/6/2017 12:37:08 PM  】【  ReturnDataSet成功,param is 2!  】


【  3/6/2017 12:37:08 PM  】【  数据库Close成功  】


【  3/6/2017 12:37:08 PM  】【  ReturnDataSet成功,param is 2!  】


【  3/6/2017 12:37:08 PM  】【  数据库Close成功  】


【  3/6/2017 12:37:08 PM  】【  ReturnDataSet成功,param is 2!  】


【  3/6/2017 12:37:08 PM  】【  数据库Close成功  】


【  3/6/2017 12:37:08 PM  】【  ReturnDataSet成功,param is 2!  】


【  3/6/2017 12:37:08 PM  】【  数据库Close成功  】


【  3/6/2017 12:37:08 PM  】【  ReturnDataSet成功,param is 2!  】


【  3/6/2017 12:37:08 PM  】【  数据库Close成功  】


【  3/6/2017 12:37:08 PM  】【  ReturnDataSet成功,param is 2!  】


【  3/6/2017 12:37:08 PM  】【  数据库Close成功  】


【  3/6/2017 12:37:08 PM  】【  ReturnDataSet成功,param is 2!  】


【  3/6/2017 12:37:08 PM  】【  数据库Close成功  】


【  3/6/2017 12:37:08 PM  】【  ReturnDataSet成功,param is 2!  】


【  3/6/2017 12:37:08 PM  】【  数据库Close成功  】


【  3/6/2017 12:37:08 PM  】【  ReturnDataSet成功,param is 2!  】


【  3/6/2017 12:37:08 PM  】【  数据库Close成功  】


【  3/6/2017 12:37:08 PM  】【  ReturnDataSet成功,param is 2!  】


【  3/6/2017 12:39:11 PM  】【  数据库Close成功  】


【  3/6/2017 12:39:11 PM  】【  ReturnDataSet成功,param is 2!  】


【  3/6/2017 1:08:38 PM  】【  ReturnDataSet成功,param is 4!  】


【  3/6/2017 1:08:38 PM  】【  数据库Close成功  】


【  3/6/2017 1:08:38 PM  】【  ReturnDataSet成功,param is 2!  】


【  3/6/2017 1:08:38 PM  】【  数据库Close成功  】


【  3/6/2017 1:08:38 PM  】【  ReturnDataSet成功,param is 2!  】


【  3/6/2017 1:08:38 PM  】【  数据库Close成功  】


【  3/6/2017 1:08:38 PM  】【  ReturnDataSet成功,param is 2!  】


【  3/6/2017 1:08:38 PM  】【  数据库Close成功  】


【  3/6/2017 1:08:38 PM  】【  ReturnDataSet成功,param is 2!  】


【  3/6/2017 1:08:41 PM  】【  数据库Close成功  】


【  3/6/2017 1:08:41 PM  】【  ReturnDataSet成功,param is 2!  】


【  3/6/2017 1:08:42 PM  】【  数据库Close成功  】


【  3/6/2017 1:08:42 PM  】【  ReturnDataSet成功,param is 2!  】


【  3/6/2017 1:08:42 PM  】【  数据库Close成功  】


【  3/6/2017 1:08:42 PM  】【  ReturnDataSet成功,param is 2!  】


【  3/6/2017 1:08:42 PM  】【  数据库Close成功  】


【  3/6/2017 1:08:42 PM  】【  ReturnDataSet成功,param is 2!  】


【  3/6/2017 1:08:42 PM  】【  数据库Close成功  】


【  3/6/2017 1:08:42 PM  】【  ReturnDataSet成功,param is 2!  】


【  3/6/2017 1:08:42 PM  】【  数据库Close成功  】


【  3/6/2017 1:08:42 PM  】【  ReturnDataSet成功,param is 2!  】


【  3/6/2017 1:08:42 PM  】【  数据库Close成功  】


【  3/6/2017 1:08:42 PM  】【  ReturnDataSet成功,param is 2!  】


【  3/6/2017 1:08:42 PM  】【  数据库Close成功  】


【  3/6/2017 1:08:42 PM  】【  ReturnDataSet成功,param is 2!  】


【  3/6/2017 1:08:42 PM  】【  数据库Close成功  】


【  3/6/2017 1:08:42 PM  】【  ReturnDataSet成功,param is 2!  】


【  3/6/2017 1:08:43 PM  】【  数据库Close成功  】


【  3/6/2017 1:08:43 PM  】【  ReturnDataSet成功,param is 2!  】


【  3/6/2017 1:08:43 PM  】【  数据库Close成功  】


【  3/6/2017 1:08:43 PM  】【  ReturnDataSet成功,param is 2!  】


【  3/6/2017 1:08:43 PM  】【  数据库Close成功  】


【  3/6/2017 1:08:43 PM  】【  ReturnDataSet成功,param is 2!  】


【  3/6/2017 1:08:43 PM  】【  数据库Close成功  】


【  3/6/2017 1:08:43 PM  】【  ReturnDataSet成功,param is 2!  】


【  3/6/2017 1:14:45 PM  】【  ReturnDataSet成功,param is 2!  】


【  3/6/2017 1:14:52 PM  】【  数据库Close成功  】


【  3/6/2017 1:14:58 PM  】【  ReturnDataSet成功,param is 4!  】


【  3/6/2017 1:14:58 PM  】【  数据库Close成功  】


【  3/6/2017 1:14:58 PM  】【  ReturnDataSet成功,param is 2!  】


【  3/6/2017 1:14:58 PM  】【  数据库Close成功  】


【  3/6/2017 1:14:58 PM  】【  ReturnDataSet成功,param is 2!  】


【  3/6/2017 1:14:58 PM  】【  数据库Close成功  】


【  3/6/2017 1:14:58 PM  】【  ReturnDataSet成功,param is 2!  】


【  3/6/2017 1:14:58 PM  】【  数据库Close成功  】


【  3/6/2017 1:14:58 PM  】【  ReturnDataSet成功,param is 2!  】


【  3/6/2017 1:15:02 PM  】【  数据库Close成功  】


【  3/6/2017 1:15:02 PM  】【  ReturnDataSet成功,param is 2!  】


【  3/6/2017 1:15:03 PM  】【  数据库Close成功  】


【  3/6/2017 1:15:03 PM  】【  ReturnDataSet成功,param is 2!  】


【  3/6/2017 1:15:03 PM  】【  数据库Close成功  】


【  3/6/2017 1:15:03 PM  】【  ReturnDataSet成功,param is 2!  】


【  3/6/2017 1:15:03 PM  】【  数据库Close成功  】


【  3/6/2017 1:15:03 PM  】【  ReturnDataSet成功,param is 2!  】


【  3/6/2017 1:15:03 PM  】【  数据库Close成功  】


【  3/6/2017 1:15:03 PM  】【  ReturnDataSet成功,param is 2!  】


【  3/6/2017 1:15:03 PM  】【  数据库Close成功  】


【  3/6/2017 1:15:03 PM  】【  ReturnDataSet成功,param is 2!  】


【  3/6/2017 1:15:03 PM  】【  数据库Close成功  】


【  3/6/2017 1:15:03 PM  】【  ReturnDataSet成功,param is 2!  】


【  3/6/2017 1:15:03 PM  】【  数据库Close成功  】


【  3/6/2017 1:15:03 PM  】【  ReturnDataSet成功,param is 2!  】


【  3/6/2017 1:15:03 PM  】【  数据库Close成功  】


【  3/6/2017 1:15:03 PM  】【  ReturnDataSet成功,param is 2!  】


【  3/6/2017 1:15:03 PM  】【  数据库Close成功  】


【  3/6/2017 1:15:03 PM  】【  ReturnDataSet成功,param is 2!  】


【  3/6/2017 1:15:03 PM  】【  数据库Close成功  】


【  3/6/2017 1:15:03 PM  】【  ReturnDataSet成功,param is 2!  】


【  3/6/2017 1:15:03 PM  】【  数据库Close成功  】


【  3/6/2017 1:15:03 PM  】【  ReturnDataSet成功,param is 2!  】


【  3/6/2017 1:15:03 PM  】【  数据库Close成功  】


【  3/6/2017 1:15:03 PM  】【  ReturnDataSet成功,param is 2!  】


【  3/6/2017 1:39:05 PM  】【  ReturnDataSet成功,param is 2!  】


【  3/6/2017 1:39:14 PM  】【  数据库Close成功  】


【  3/6/2017 1:40:46 PM  】【  ReturnDataSet成功,param is 4!  】


【  3/6/2017 1:40:46 PM  】【  数据库Close成功  】


【  3/6/2017 1:40:46 PM  】【  ReturnDataSet成功,param is 2!  】


【  3/6/2017 1:40:46 PM  】【  数据库Close成功  】


【  3/6/2017 1:40:46 PM  】【  ReturnDataSet成功,param is 2!  】


【  3/6/2017 1:40:46 PM  】【  数据库Close成功  】


【  3/6/2017 1:40:46 PM  】【  ReturnDataSet成功,param is 2!  】


【  3/6/2017 1:40:46 PM  】【  数据库Close成功  】


【  3/6/2017 1:40:46 PM  】【  ReturnDataSet成功,param is 2!  】


【  3/6/2017 1:40:49 PM  】【  数据库Close成功  】


【  3/6/2017 1:40:49 PM  】【  ReturnDataSet成功,param is 2!  】


【  3/6/2017 1:40:50 PM  】【  数据库Close成功  】


【  3/6/2017 1:40:50 PM  】【  ReturnDataSet成功,param is 2!  】


【  3/6/2017 1:40:50 PM  】【  数据库Close成功  】


【  3/6/2017 1:40:50 PM  】【  ReturnDataSet成功,param is 2!  】


【  3/6/2017 1:40:50 PM  】【  数据库Close成功  】


【  3/6/2017 1:40:50 PM  】【  ReturnDataSet成功,param is 2!  】


【  3/6/2017 1:40:50 PM  】【  数据库Close成功  】


【  3/6/2017 1:40:50 PM  】【  ReturnDataSet成功,param is 2!  】


【  3/6/2017 1:40:50 PM  】【  数据库Close成功  】


【  3/6/2017 1:40:50 PM  】【  ReturnDataSet成功,param is 2!  】


【  3/6/2017 1:40:50 PM  】【  数据库Close成功  】


【  3/6/2017 1:40:50 PM  】【  ReturnDataSet成功,param is 2!  】


【  3/6/2017 1:40:50 PM  】【  数据库Close成功  】


【  3/6/2017 1:40:50 PM  】【  ReturnDataSet成功,param is 2!  】


【  3/6/2017 1:40:50 PM  】【  数据库Close成功  】


【  3/6/2017 1:40:50 PM  】【  ReturnDataSet成功,param is 2!  】


【  3/6/2017 1:40:50 PM  】【  数据库Close成功  】


【  3/6/2017 1:40:50 PM  】【  ReturnDataSet成功,param is 2!  】


【  3/6/2017 1:40:50 PM  】【  数据库Close成功  】


【  3/6/2017 1:40:50 PM  】【  ReturnDataSet成功,param is 2!  】


【  3/6/2017 1:40:50 PM  】【  数据库Close成功  】


【  3/6/2017 1:40:50 PM  】【  ReturnDataSet成功,param is 2!  】


【  3/6/2017 1:40:50 PM  】【  数据库Close成功  】


【  3/6/2017 1:40:50 PM  】【  ReturnDataSet成功,param is 2!  】


【  3/6/2017 1:47:35 PM  】【  ReturnDataSet成功,param is 4!  】


【  3/6/2017 1:47:35 PM  】【  数据库Close成功  】


【  3/6/2017 1:47:35 PM  】【  ReturnDataSet成功,param is 2!  】


【  3/6/2017 1:47:35 PM  】【  数据库Close成功  】


【  3/6/2017 1:47:35 PM  】【  ReturnDataSet成功,param is 2!  】


【  3/6/2017 1:47:35 PM  】【  数据库Close成功  】


【  3/6/2017 1:47:35 PM  】【  ReturnDataSet成功,param is 2!  】


【  3/6/2017 1:47:35 PM  】【  数据库Close成功  】


【  3/6/2017 1:47:35 PM  】【  ReturnDataSet成功,param is 2!  】


【  3/6/2017 1:47:38 PM  】【  数据库Close成功  】


【  3/6/2017 1:47:38 PM  】【  ReturnDataSet成功,param is 2!  】


【  3/6/2017 1:47:39 PM  】【  数据库Close成功  】


【  3/6/2017 1:47:39 PM  】【  ReturnDataSet成功,param is 2!  】


【  3/6/2017 1:47:39 PM  】【  数据库Close成功  】


【  3/6/2017 1:47:39 PM  】【  ReturnDataSet成功,param is 2!  】


【  3/6/2017 1:47:39 PM  】【  数据库Close成功  】


【  3/6/2017 1:47:39 PM  】【  ReturnDataSet成功,param is 2!  】


【  3/6/2017 1:47:39 PM  】【  数据库Close成功  】


【  3/6/2017 1:47:39 PM  】【  ReturnDataSet成功,param is 2!  】


【  3/6/2017 1:47:39 PM  】【  数据库Close成功  】


【  3/6/2017 1:47:39 PM  】【  ReturnDataSet成功,param is 2!  】


【  3/6/2017 1:47:39 PM  】【  数据库Close成功  】


【  3/6/2017 1:47:39 PM  】【  ReturnDataSet成功,param is 2!  】


【  3/6/2017 1:47:39 PM  】【  数据库Close成功  】


【  3/6/2017 1:47:40 PM  】【  ReturnDataSet成功,param is 2!  】


【  3/6/2017 1:47:40 PM  】【  数据库Close成功  】


【  3/6/2017 1:47:40 PM  】【  ReturnDataSet成功,param is 2!  】


【  3/6/2017 1:47:40 PM  】【  数据库Close成功  】


【  3/6/2017 1:47:40 PM  】【  ReturnDataSet成功,param is 2!  】


【  3/6/2017 1:47:40 PM  】【  数据库Close成功  】


【  3/6/2017 1:47:40 PM  】【  ReturnDataSet成功,param is 2!  】


【  3/6/2017 1:47:40 PM  】【  数据库Close成功  】


【  3/6/2017 1:47:40 PM  】【  ReturnDataSet成功,param is 2!  】


【  3/6/2017 1:47:40 PM  】【  数据库Close成功  】


【  3/6/2017 1:47:40 PM  】【  ReturnDataSet成功,param is 2!  】


【  3/6/2017 2:20:07 PM  】【  数据库Close成功  】


【  3/6/2017 2:20:16 PM  】【  ReturnDataSet成功,param is 4!  】


【  3/6/2017 2:20:16 PM  】【  数据库Close成功  】


【  3/6/2017 2:20:16 PM  】【  ReturnDataSet成功,param is 2!  】


【  3/6/2017 2:20:16 PM  】【  数据库Close成功  】


【  3/6/2017 2:20:16 PM  】【  ReturnDataSet成功,param is 2!  】


【  3/6/2017 2:20:16 PM  】【  数据库Close成功  】


【  3/6/2017 2:20:16 PM  】【  ReturnDataSet成功,param is 2!  】


【  3/6/2017 2:20:16 PM  】【  数据库Close成功  】


【  3/6/2017 2:20:16 PM  】【  ReturnDataSet成功,param is 2!  】


【  3/6/2017 2:20:19 PM  】【  数据库Close成功  】


【  3/6/2017 2:20:19 PM  】【  ReturnDataSet成功,param is 2!  】


【  3/6/2017 2:20:20 PM  】【  数据库Close成功  】


【  3/6/2017 2:20:20 PM  】【  ReturnDataSet成功,param is 2!  】


【  3/6/2017 2:20:20 PM  】【  数据库Close成功  】


【  3/6/2017 2:20:20 PM  】【  ReturnDataSet成功,param is 2!  】


【  3/6/2017 2:20:20 PM  】【  数据库Close成功  】


【  3/6/2017 2:20:20 PM  】【  ReturnDataSet成功,param is 2!  】


【  3/6/2017 2:20:20 PM  】【  数据库Close成功  】


【  3/6/2017 2:20:20 PM  】【  ReturnDataSet成功,param is 2!  】


【  3/6/2017 2:20:20 PM  】【  数据库Close成功  】


【  3/6/2017 2:20:20 PM  】【  ReturnDataSet成功,param is 2!  】


【  3/6/2017 2:20:20 PM  】【  数据库Close成功  】


【  3/6/2017 2:20:20 PM  】【  ReturnDataSet成功,param is 2!  】


【  3/6/2017 2:20:20 PM  】【  数据库Close成功  】


【  3/6/2017 2:20:20 PM  】【  ReturnDataSet成功,param is 2!  】


【  3/6/2017 2:20:20 PM  】【  数据库Close成功  】


【  3/6/2017 2:20:20 PM  】【  ReturnDataSet成功,param is 2!  】


【  3/6/2017 2:20:20 PM  】【  数据库Close成功  】


【  3/6/2017 2:20:20 PM  】【  ReturnDataSet成功,param is 2!  】


【  3/6/2017 2:20:20 PM  】【  数据库Close成功  】


【  3/6/2017 2:20:20 PM  】【  ReturnDataSet成功,param is 2!  】


【  3/6/2017 2:20:20 PM  】【  数据库Close成功  】


【  3/6/2017 2:20:20 PM  】【  ReturnDataSet成功,param is 2!  】


【  3/6/2017 2:20:20 PM  】【  数据库Close成功  】


【  3/6/2017 2:20:20 PM  】【  ReturnDataSet成功,param is 2!  】


【  3/6/2017 2:23:56 PM  】【  数据库Close成功  】


【  3/6/2017 2:24:03 PM  】【  ReturnDataSet成功,param is 4!  】


【  3/6/2017 2:24:03 PM  】【  数据库Close成功  】


【  3/6/2017 2:24:03 PM  】【  ReturnDataSet成功,param is 2!  】


【  3/6/2017 2:24:03 PM  】【  数据库Close成功  】


【  3/6/2017 2:24:03 PM  】【  ReturnDataSet成功,param is 2!  】


【  3/6/2017 2:24:03 PM  】【  数据库Close成功  】


【  3/6/2017 2:24:03 PM  】【  ReturnDataSet成功,param is 2!  】


【  3/6/2017 2:24:03 PM  】【  数据库Close成功  】


【  3/6/2017 2:24:03 PM  】【  ReturnDataSet成功,param is 2!  】


【  3/6/2017 2:24:06 PM  】【  数据库Close成功  】


【  3/6/2017 2:24:06 PM  】【  ReturnDataSet成功,param is 2!  】


【  3/6/2017 2:24:07 PM  】【  数据库Close成功  】


【  3/6/2017 2:24:07 PM  】【  ReturnDataSet成功,param is 2!  】


【  3/6/2017 2:24:07 PM  】【  数据库Close成功  】


【  3/6/2017 2:24:07 PM  】【  ReturnDataSet成功,param is 2!  】


【  3/6/2017 2:24:07 PM  】【  数据库Close成功  】


【  3/6/2017 2:24:07 PM  】【  ReturnDataSet成功,param is 2!  】


【  3/6/2017 2:24:07 PM  】【  数据库Close成功  】


【  3/6/2017 2:24:07 PM  】【  ReturnDataSet成功,param is 2!  】


【  3/6/2017 2:24:07 PM  】【  数据库Close成功  】


【  3/6/2017 2:24:07 PM  】【  ReturnDataSet成功,param is 2!  】


【  3/6/2017 2:24:07 PM  】【  数据库Close成功  】


【  3/6/2017 2:24:07 PM  】【  ReturnDataSet成功,param is 2!  】


【  3/6/2017 2:24:07 PM  】【  数据库Close成功  】


【  3/6/2017 2:24:07 PM  】【  ReturnDataSet成功,param is 2!  】


【  3/6/2017 2:24:07 PM  】【  数据库Close成功  】


【  3/6/2017 2:24:07 PM  】【  ReturnDataSet成功,param is 2!  】


【  3/6/2017 2:24:08 PM  】【  数据库Close成功  】


【  3/6/2017 2:24:08 PM  】【  ReturnDataSet成功,param is 2!  】


【  3/6/2017 2:24:08 PM  】【  数据库Close成功  】


【  3/6/2017 2:24:08 PM  】【  ReturnDataSet成功,param is 2!  】


【  3/6/2017 2:24:08 PM  】【  数据库Close成功  】


【  3/6/2017 2:24:08 PM  】【  ReturnDataSet成功,param is 2!  】


【  3/6/2017 2:24:08 PM  】【  数据库Close成功  】


【  3/6/2017 2:24:08 PM  】【  ReturnDataSet成功,param is 2!  】


【  3/6/2017 2:33:54 PM  】【  数据库Close成功  】


【  3/6/2017 2:33:54 PM  】【  ReturnDataSet成功,param is 2!  】


【  3/6/2017 2:33:56 PM  】【  数据库Close成功  】


【  3/6/2017 2:33:56 PM  】【  ReturnDataSet成功,param is 2!  】


【  3/6/2017 2:33:56 PM  】【  数据库Close成功  】


【  3/6/2017 2:33:56 PM  】【  ReturnDataSet成功,param is 2!  】


【  3/6/2017 2:33:56 PM  】【  数据库Close成功  】


【  3/6/2017 2:33:56 PM  】【  ReturnDataSet成功,param is 2!  】


【  3/6/2017 2:33:56 PM  】【  数据库Close成功  】


【  3/6/2017 2:33:56 PM  】【  ReturnDataSet成功,param is 2!  】


【  3/6/2017 2:33:59 PM  】【  数据库Close成功  】


【  3/6/2017 2:34:01 PM  】【  ReturnDataSet成功,param is 2!  】


【  3/6/2017 2:34:41 PM  】【  ReturnDataSet成功,param is 4!  】


【  3/6/2017 2:34:41 PM  】【  数据库Close成功  】


【  3/6/2017 2:34:41 PM  】【  ReturnDataSet成功,param is 2!  】


【  3/6/2017 2:34:41 PM  】【  数据库Close成功  】


【  3/6/2017 2:34:41 PM  】【  ReturnDataSet成功,param is 2!  】


【  3/6/2017 2:34:41 PM  】【  数据库Close成功  】


【  3/6/2017 2:34:41 PM  】【  ReturnDataSet成功,param is 2!  】


【  3/6/2017 2:34:41 PM  】【  数据库Close成功  】


【  3/6/2017 2:34:41 PM  】【  ReturnDataSet成功,param is 2!  】


【  3/6/2017 2:34:45 PM  】【  数据库Close成功  】


【  3/6/2017 2:34:45 PM  】【  ReturnDataSet成功,param is 2!  】


【  3/6/2017 2:34:46 PM  】【  数据库Close成功  】


【  3/6/2017 2:34:46 PM  】【  ReturnDataSet成功,param is 2!  】


【  3/6/2017 2:34:46 PM  】【  数据库Close成功  】


【  3/6/2017 2:34:46 PM  】【  ReturnDataSet成功,param is 2!  】


【  3/6/2017 2:34:46 PM  】【  数据库Close成功  】


【  3/6/2017 2:34:46 PM  】【  ReturnDataSet成功,param is 2!  】


【  3/6/2017 2:34:46 PM  】【  数据库Close成功  】


【  3/6/2017 2:34:46 PM  】【  ReturnDataSet成功,param is 2!  】


【  3/6/2017 2:34:46 PM  】【  数据库Close成功  】


【  3/6/2017 2:34:46 PM  】【  ReturnDataSet成功,param is 2!  】


【  3/6/2017 2:34:46 PM  】【  数据库Close成功  】


【  3/6/2017 2:34:46 PM  】【  ReturnDataSet成功,param is 2!  】


【  3/6/2017 2:34:46 PM  】【  数据库Close成功  】


【  3/6/2017 2:34:46 PM  】【  ReturnDataSet成功,param is 2!  】


【  3/6/2017 2:34:46 PM  】【  数据库Close成功  】


【  3/6/2017 2:34:46 PM  】【  ReturnDataSet成功,param is 2!  】


【  3/6/2017 2:34:46 PM  】【  数据库Close成功  】


【  3/6/2017 2:34:46 PM  】【  ReturnDataSet成功,param is 2!  】


【  3/6/2017 2:34:46 PM  】【  数据库Close成功  】


【  3/6/2017 2:34:46 PM  】【  ReturnDataSet成功,param is 2!  】


【  3/6/2017 2:34:46 PM  】【  数据库Close成功  】


【  3/6/2017 2:34:46 PM  】【  ReturnDataSet成功,param is 2!  】


【  3/6/2017 2:34:46 PM  】【  数据库Close成功  】


【  3/6/2017 2:34:46 PM  】【  ReturnDataSet成功,param is 2!  】


【  3/6/2017 2:35:34 PM  】【  数据库Close成功  】


【  3/6/2017 2:35:43 PM  】【  ReturnDataSet成功,param is 4!  】


【  3/6/2017 2:35:43 PM  】【  数据库Close成功  】


【  3/6/2017 2:35:43 PM  】【  ReturnDataSet成功,param is 2!  】


【  3/6/2017 2:35:43 PM  】【  数据库Close成功  】


【  3/6/2017 2:35:43 PM  】【  ReturnDataSet成功,param is 2!  】


【  3/6/2017 2:35:43 PM  】【  数据库Close成功  】


【  3/6/2017 2:35:43 PM  】【  ReturnDataSet成功,param is 2!  】


【  3/6/2017 2:35:43 PM  】【  数据库Close成功  】


【  3/6/2017 2:35:43 PM  】【  ReturnDataSet成功,param is 2!  】


【  3/6/2017 2:35:46 PM  】【  数据库Close成功  】


【  3/6/2017 2:35:46 PM  】【  ReturnDataSet成功,param is 2!  】


【  3/6/2017 2:35:47 PM  】【  数据库Close成功  】


【  3/6/2017 2:35:47 PM  】【  ReturnDataSet成功,param is 2!  】


【  3/6/2017 2:35:47 PM  】【  数据库Close成功  】


【  3/6/2017 2:35:47 PM  】【  ReturnDataSet成功,param is 2!  】


【  3/6/2017 2:35:47 PM  】【  数据库Close成功  】


【  3/6/2017 2:35:47 PM  】【  ReturnDataSet成功,param is 2!  】


【  3/6/2017 2:35:47 PM  】【  数据库Close成功  】


【  3/6/2017 2:35:47 PM  】【  ReturnDataSet成功,param is 2!  】


【  3/6/2017 2:35:47 PM  】【  数据库Close成功  】


【  3/6/2017 2:35:47 PM  】【  ReturnDataSet成功,param is 2!  】


【  3/6/2017 2:35:47 PM  】【  数据库Close成功  】


【  3/6/2017 2:35:47 PM  】【  ReturnDataSet成功,param is 2!  】


【  3/6/2017 2:35:47 PM  】【  数据库Close成功  】


【  3/6/2017 2:35:47 PM  】【  ReturnDataSet成功,param is 2!  】


【  3/6/2017 2:35:47 PM  】【  数据库Close成功  】


【  3/6/2017 2:35:47 PM  】【  ReturnDataSet成功,param is 2!  】


【  3/6/2017 2:35:47 PM  】【  数据库Close成功  】


【  3/6/2017 2:35:47 PM  】【  ReturnDataSet成功,param is 2!  】


【  3/6/2017 2:35:47 PM  】【  数据库Close成功  】


【  3/6/2017 2:35:47 PM  】【  ReturnDataSet成功,param is 2!  】


【  3/6/2017 2:35:47 PM  】【  数据库Close成功  】


【  3/6/2017 2:35:47 PM  】【  ReturnDataSet成功,param is 2!  】


【  3/6/2017 2:35:47 PM  】【  数据库Close成功  】


【  3/6/2017 2:35:47 PM  】【  ReturnDataSet成功,param is 2!  】


【  3/6/2017 2:37:53 PM  】【  数据库Close成功  】


【  3/6/2017 2:37:55 PM  】【  ReturnDataSet成功,param is 2!  】


【  3/6/2017 2:38:14 PM  】【  ReturnDataSet成功,param is 4!  】


【  3/6/2017 2:38:14 PM  】【  数据库Close成功  】


【  3/6/2017 2:38:14 PM  】【  ReturnDataSet成功,param is 2!  】


【  3/6/2017 2:38:14 PM  】【  数据库Close成功  】


【  3/6/2017 2:38:14 PM  】【  ReturnDataSet成功,param is 2!  】


【  3/6/2017 2:38:14 PM  】【  数据库Close成功  】


【  3/6/2017 2:38:14 PM  】【  ReturnDataSet成功,param is 2!  】


【  3/6/2017 2:38:14 PM  】【  数据库Close成功  】


【  3/6/2017 2:38:14 PM  】【  ReturnDataSet成功,param is 2!  】


【  3/6/2017 2:38:18 PM  】【  数据库Close成功  】


【  3/6/2017 2:38:18 PM  】【  ReturnDataSet成功,param is 2!  】


【  3/6/2017 2:38:19 PM  】【  数据库Close成功  】


【  3/6/2017 2:38:19 PM  】【  ReturnDataSet成功,param is 2!  】


【  3/6/2017 2:38:19 PM  】【  数据库Close成功  】


【  3/6/2017 2:38:19 PM  】【  ReturnDataSet成功,param is 2!  】


【  3/6/2017 2:38:19 PM  】【  数据库Close成功  】


【  3/6/2017 2:38:19 PM  】【  ReturnDataSet成功,param is 2!  】


【  3/6/2017 2:38:19 PM  】【  数据库Close成功  】


【  3/6/2017 2:38:19 PM  】【  ReturnDataSet成功,param is 2!  】


【  3/6/2017 2:38:19 PM  】【  数据库Close成功  】


【  3/6/2017 2:38:19 PM  】【  ReturnDataSet成功,param is 2!  】


【  3/6/2017 2:38:19 PM  】【  数据库Close成功  】


【  3/6/2017 2:38:19 PM  】【  ReturnDataSet成功,param is 2!  】


【  3/6/2017 2:38:19 PM  】【  数据库Close成功  】


【  3/6/2017 2:38:19 PM  】【  ReturnDataSet成功,param is 2!  】


【  3/6/2017 2:38:19 PM  】【  数据库Close成功  】


【  3/6/2017 2:38:19 PM  】【  ReturnDataSet成功,param is 2!  】


【  3/6/2017 2:38:19 PM  】【  数据库Close成功  】


【  3/6/2017 2:38:19 PM  】【  ReturnDataSet成功,param is 2!  】


【  3/6/2017 2:38:19 PM  】【  数据库Close成功  】


【  3/6/2017 2:38:19 PM  】【  ReturnDataSet成功,param is 2!  】


【  3/6/2017 2:38:19 PM  】【  数据库Close成功  】


【  3/6/2017 2:38:19 PM  】【  ReturnDataSet成功,param is 2!  】


【  3/6/2017 2:38:19 PM  】【  数据库Close成功  】


【  3/6/2017 2:38:19 PM  】【  ReturnDataSet成功,param is 2!  】


【  3/6/2017 2:39:32 PM  】【  ReturnDataSet成功,param is 2!  】


【  3/6/2017 2:39:43 PM  】【  ReturnDataSet成功,param is 4!  】


【  3/6/2017 2:39:43 PM  】【  数据库Close成功  】


【  3/6/2017 2:39:43 PM  】【  ReturnDataSet成功,param is 2!  】


【  3/6/2017 2:39:43 PM  】【  数据库Close成功  】


【  3/6/2017 2:39:43 PM  】【  ReturnDataSet成功,param is 2!  】


【  3/6/2017 2:39:43 PM  】【  数据库Close成功  】


【  3/6/2017 2:39:43 PM  】【  ReturnDataSet成功,param is 2!  】


【  3/6/2017 2:39:43 PM  】【  数据库Close成功  】


【  3/6/2017 2:39:43 PM  】【  ReturnDataSet成功,param is 2!  】


【  3/6/2017 2:39:46 PM  】【  数据库Close成功  】


【  3/6/2017 2:39:46 PM  】【  ReturnDataSet成功,param is 2!  】


【  3/6/2017 2:39:47 PM  】【  数据库Close成功  】


【  3/6/2017 2:39:47 PM  】【  ReturnDataSet成功,param is 2!  】


【  3/6/2017 2:39:47 PM  】【  数据库Close成功  】


【  3/6/2017 2:39:47 PM  】【  ReturnDataSet成功,param is 2!  】


【  3/6/2017 2:39:47 PM  】【  数据库Close成功  】


【  3/6/2017 2:39:47 PM  】【  ReturnDataSet成功,param is 2!  】


【  3/6/2017 2:39:47 PM  】【  数据库Close成功  】


【  3/6/2017 2:39:47 PM  】【  ReturnDataSet成功,param is 2!  】


【  3/6/2017 2:39:47 PM  】【  数据库Close成功  】


【  3/6/2017 2:39:47 PM  】【  ReturnDataSet成功,param is 2!  】


【  3/6/2017 2:39:47 PM  】【  数据库Close成功  】


【  3/6/2017 2:39:47 PM  】【  ReturnDataSet成功,param is 2!  】


【  3/6/2017 2:39:47 PM  】【  数据库Close成功  】


【  3/6/2017 2:39:47 PM  】【  ReturnDataSet成功,param is 2!  】


【  3/6/2017 2:39:47 PM  】【  数据库Close成功  】


【  3/6/2017 2:39:47 PM  】【  ReturnDataSet成功,param is 2!  】


【  3/6/2017 2:39:47 PM  】【  数据库Close成功  】


【  3/6/2017 2:39:47 PM  】【  ReturnDataSet成功,param is 2!  】


【  3/6/2017 2:39:47 PM  】【  数据库Close成功  】


【  3/6/2017 2:39:47 PM  】【  ReturnDataSet成功,param is 2!  】


【  3/6/2017 2:39:47 PM  】【  数据库Close成功  】


【  3/6/2017 2:39:47 PM  】【  ReturnDataSet成功,param is 2!  】


【  3/6/2017 2:39:47 PM  】【  数据库Close成功  】


【  3/6/2017 2:39:47 PM  】【  ReturnDataSet成功,param is 2!  】


【  3/6/2017 2:40:12 PM  】【  数据库Close成功  】


【  3/6/2017 2:40:12 PM  】【  ReturnDataSet成功,param is 2!  】


【  3/6/2017 2:41:33 PM  】【  ReturnDataSet成功,param is 4!  】


【  3/6/2017 2:41:33 PM  】【  数据库Close成功  】


【  3/6/2017 2:41:33 PM  】【  ReturnDataSet成功,param is 2!  】


【  3/6/2017 2:41:33 PM  】【  数据库Close成功  】


【  3/6/2017 2:41:33 PM  】【  ReturnDataSet成功,param is 2!  】


【  3/6/2017 2:41:33 PM  】【  数据库Close成功  】


【  3/6/2017 2:41:33 PM  】【  ReturnDataSet成功,param is 2!  】


【  3/6/2017 2:41:33 PM  】【  数据库Close成功  】


【  3/6/2017 2:41:33 PM  】【  ReturnDataSet成功,param is 2!  】


【  3/6/2017 2:41:38 PM  】【  数据库Close成功  】


【  3/6/2017 2:41:38 PM  】【  ReturnDataSet成功,param is 2!  】


【  3/6/2017 2:41:39 PM  】【  数据库Close成功  】


【  3/6/2017 2:41:39 PM  】【  ReturnDataSet成功,param is 2!  】


【  3/6/2017 2:41:39 PM  】【  数据库Close成功  】


【  3/6/2017 2:41:39 PM  】【  ReturnDataSet成功,param is 2!  】


【  3/6/2017 2:41:39 PM  】【  数据库Close成功  】


【  3/6/2017 2:41:39 PM  】【  ReturnDataSet成功,param is 2!  】


【  3/6/2017 2:41:39 PM  】【  数据库Close成功  】


【  3/6/2017 2:41:39 PM  】【  ReturnDataSet成功,param is 2!  】


【  3/6/2017 2:41:39 PM  】【  数据库Close成功  】


【  3/6/2017 2:41:39 PM  】【  ReturnDataSet成功,param is 2!  】


【  3/6/2017 2:41:39 PM  】【  数据库Close成功  】


【  3/6/2017 2:41:39 PM  】【  ReturnDataSet成功,param is 2!  】


【  3/6/2017 2:41:39 PM  】【  数据库Close成功  】


【  3/6/2017 2:41:39 PM  】【  ReturnDataSet成功,param is 2!  】


【  3/6/2017 2:41:39 PM  】【  数据库Close成功  】


【  3/6/2017 2:41:39 PM  】【  ReturnDataSet成功,param is 2!  】


【  3/6/2017 2:41:39 PM  】【  数据库Close成功  】


【  3/6/2017 2:41:39 PM  】【  ReturnDataSet成功,param is 2!  】


【  3/6/2017 2:41:39 PM  】【  数据库Close成功  】


【  3/6/2017 2:41:39 PM  】【  ReturnDataSet成功,param is 2!  】


【  3/6/2017 2:41:39 PM  】【  数据库Close成功  】


【  3/6/2017 2:41:39 PM  】【  ReturnDataSet成功,param is 2!  】


【  3/6/2017 2:41:39 PM  】【  数据库Close成功  】


【  3/6/2017 2:41:39 PM  】【  ReturnDataSet成功,param is 2!  】


【  3/6/2017 2:47:40 PM  】【  ReturnDataSet成功,param is 2!  】


【  3/6/2017 2:47:51 PM  】【  ReturnDataSet成功,param is 4!  】


【  3/6/2017 2:47:51 PM  】【  数据库Close成功  】


【  3/6/2017 2:47:51 PM  】【  ReturnDataSet成功,param is 2!  】


【  3/6/2017 2:47:51 PM  】【  数据库Close成功  】


【  3/6/2017 2:47:51 PM  】【  ReturnDataSet成功,param is 2!  】


【  3/6/2017 2:47:51 PM  】【  数据库Close成功  】


【  3/6/2017 2:47:51 PM  】【  ReturnDataSet成功,param is 2!  】


【  3/6/2017 2:47:51 PM  】【  数据库Close成功  】


【  3/6/2017 2:47:51 PM  】【  ReturnDataSet成功,param is 2!  】


【  3/6/2017 2:48:00 PM  】【  数据库Close成功  】


【  3/6/2017 2:48:00 PM  】【  ReturnDataSet成功,param is 2!  】


【  3/6/2017 2:48:01 PM  】【  数据库Close成功  】


【  3/6/2017 2:48:01 PM  】【  ReturnDataSet成功,param is 2!  】


【  3/6/2017 2:48:01 PM  】【  数据库Close成功  】


【  3/6/2017 2:48:01 PM  】【  ReturnDataSet成功,param is 2!  】


【  3/6/2017 2:48:01 PM  】【  数据库Close成功  】


【  3/6/2017 2:48:01 PM  】【  ReturnDataSet成功,param is 2!  】


【  3/6/2017 2:48:01 PM  】【  数据库Close成功  】


【  3/6/2017 2:48:01 PM  】【  ReturnDataSet成功,param is 2!  】


【  3/6/2017 2:48:01 PM  】【  数据库Close成功  】


【  3/6/2017 2:48:01 PM  】【  ReturnDataSet成功,param is 2!  】


【  3/6/2017 2:48:01 PM  】【  数据库Close成功  】


【  3/6/2017 2:48:01 PM  】【  ReturnDataSet成功,param is 2!  】


【  3/6/2017 2:48:01 PM  】【  数据库Close成功  】


【  3/6/2017 2:48:01 PM  】【  ReturnDataSet成功,param is 2!  】


【  3/6/2017 2:48:01 PM  】【  数据库Close成功  】


【  3/6/2017 2:48:01 PM  】【  ReturnDataSet成功,param is 2!  】


【  3/6/2017 2:48:01 PM  】【  数据库Close成功  】


【  3/6/2017 2:48:01 PM  】【  ReturnDataSet成功,param is 2!  】


【  3/6/2017 2:48:01 PM  】【  数据库Close成功  】


【  3/6/2017 2:48:01 PM  】【  ReturnDataSet成功,param is 2!  】


【  3/6/2017 2:48:01 PM  】【  数据库Close成功  】


【  3/6/2017 2:48:01 PM  】【  ReturnDataSet成功,param is 2!  】


【  3/6/2017 2:48:01 PM  】【  数据库Close成功  】


【  3/6/2017 2:48:01 PM  】【  ReturnDataSet成功,param is 2!  】


【  3/6/2017 2:49:00 PM  】【  数据库Close成功  】


【  3/6/2017 2:49:01 PM  】【  ReturnDataSet成功,param is 2!  】


【  3/6/2017 2:49:14 PM  】【  ReturnDataSet成功,param is 4!  】


【  3/6/2017 2:49:14 PM  】【  数据库Close成功  】


【  3/6/2017 2:49:14 PM  】【  ReturnDataSet成功,param is 2!  】


【  3/6/2017 2:49:14 PM  】【  数据库Close成功  】


【  3/6/2017 2:49:14 PM  】【  ReturnDataSet成功,param is 2!  】


【  3/6/2017 2:49:14 PM  】【  数据库Close成功  】


【  3/6/2017 2:49:14 PM  】【  ReturnDataSet成功,param is 2!  】


【  3/6/2017 2:49:14 PM  】【  数据库Close成功  】


【  3/6/2017 2:49:14 PM  】【  ReturnDataSet成功,param is 2!  】


【  3/6/2017 2:49:17 PM  】【  数据库Close成功  】


【  3/6/2017 2:49:17 PM  】【  ReturnDataSet成功,param is 2!  】


【  3/6/2017 2:49:18 PM  】【  数据库Close成功  】


【  3/6/2017 2:49:18 PM  】【  ReturnDataSet成功,param is 2!  】


【  3/6/2017 2:49:18 PM  】【  数据库Close成功  】


【  3/6/2017 2:49:18 PM  】【  ReturnDataSet成功,param is 2!  】


【  3/6/2017 2:49:18 PM  】【  数据库Close成功  】


【  3/6/2017 2:49:18 PM  】【  ReturnDataSet成功,param is 2!  】


【  3/6/2017 2:49:18 PM  】【  数据库Close成功  】


【  3/6/2017 2:49:18 PM  】【  ReturnDataSet成功,param is 2!  】


【  3/6/2017 2:49:18 PM  】【  数据库Close成功  】


【  3/6/2017 2:49:18 PM  】【  ReturnDataSet成功,param is 2!  】


【  3/6/2017 2:49:18 PM  】【  数据库Close成功  】


【  3/6/2017 2:49:18 PM  】【  ReturnDataSet成功,param is 2!  】


【  3/6/2017 2:49:18 PM  】【  数据库Close成功  】


【  3/6/2017 2:49:18 PM  】【  ReturnDataSet成功,param is 2!  】


【  3/6/2017 2:49:18 PM  】【  数据库Close成功  】


【  3/6/2017 2:49:18 PM  】【  ReturnDataSet成功,param is 2!  】


【  3/6/2017 2:49:18 PM  】【  数据库Close成功  】


【  3/6/2017 2:49:19 PM  】【  ReturnDataSet成功,param is 2!  】


【  3/6/2017 2:49:19 PM  】【  数据库Close成功  】


【  3/6/2017 2:49:19 PM  】【  ReturnDataSet成功,param is 2!  】


【  3/6/2017 2:49:19 PM  】【  数据库Close成功  】


【  3/6/2017 2:49:19 PM  】【  ReturnDataSet成功,param is 2!  】


【  3/6/2017 2:49:19 PM  】【  数据库Close成功  】


【  3/6/2017 2:49:19 PM  】【  ReturnDataSet成功,param is 2!  】


【  3/6/2017 2:59:59 PM  】【  ReturnDataSet成功,param is 2!  】


【  3/6/2017 3:00:06 PM  】【  数据库Close成功  】


【  3/6/2017 3:00:12 PM  】【  ReturnDataSet成功,param is 4!  】


【  3/6/2017 3:00:12 PM  】【  数据库Close成功  】


【  3/6/2017 3:00:12 PM  】【  ReturnDataSet成功,param is 2!  】


【  3/6/2017 3:00:12 PM  】【  数据库Close成功  】


【  3/6/2017 3:00:12 PM  】【  ReturnDataSet成功,param is 2!  】


【  3/6/2017 3:00:12 PM  】【  数据库Close成功  】


【  3/6/2017 3:00:12 PM  】【  ReturnDataSet成功,param is 2!  】


【  3/6/2017 3:00:12 PM  】【  数据库Close成功  】


【  3/6/2017 3:00:12 PM  】【  ReturnDataSet成功,param is 2!  】


【  3/6/2017 3:00:16 PM  】【  数据库Close成功  】


【  3/6/2017 3:00:16 PM  】【  ReturnDataSet成功,param is 2!  】


【  3/6/2017 3:00:17 PM  】【  数据库Close成功  】


【  3/6/2017 3:00:17 PM  】【  ReturnDataSet成功,param is 2!  】


【  3/6/2017 3:00:17 PM  】【  数据库Close成功  】


【  3/6/2017 3:00:17 PM  】【  ReturnDataSet成功,param is 2!  】


【  3/6/2017 3:00:17 PM  】【  数据库Close成功  】


【  3/6/2017 3:00:17 PM  】【  ReturnDataSet成功,param is 2!  】


【  3/6/2017 3:00:17 PM  】【  数据库Close成功  】


【  3/6/2017 3:00:17 PM  】【  ReturnDataSet成功,param is 2!  】


【  3/6/2017 3:00:17 PM  】【  数据库Close成功  】


【  3/6/2017 3:00:17 PM  】【  ReturnDataSet成功,param is 2!  】


【  3/6/2017 3:00:17 PM  】【  数据库Close成功  】


【  3/6/2017 3:00:17 PM  】【  ReturnDataSet成功,param is 2!  】


【  3/6/2017 3:00:17 PM  】【  数据库Close成功  】


【  3/6/2017 3:00:17 PM  】【  ReturnDataSet成功,param is 2!  】


【  3/6/2017 3:00:17 PM  】【  数据库Close成功  】


【  3/6/2017 3:00:17 PM  】【  ReturnDataSet成功,param is 2!  】


【  3/6/2017 3:00:17 PM  】【  数据库Close成功  】


【  3/6/2017 3:00:17 PM  】【  ReturnDataSet成功,param is 2!  】


【  3/6/2017 3:00:17 PM  】【  数据库Close成功  】


【  3/6/2017 3:00:17 PM  】【  ReturnDataSet成功,param is 2!  】


【  3/6/2017 3:00:17 PM  】【  数据库Close成功  】


【  3/6/2017 3:00:17 PM  】【  ReturnDataSet成功,param is 2!  】


【  3/6/2017 3:00:17 PM  】【  数据库Close成功  】


【  3/6/2017 3:00:17 PM  】【  ReturnDataSet成功,param is 2!  】


【  3/6/2017 3:12:02 PM  】【  数据库Close成功  】


【  3/6/2017 3:12:02 PM  】【  ReturnDataSet成功,param is 2!  】


【  3/6/2017 3:12:08 PM  】【  数据库Close成功  】


【  3/6/2017 3:12:09 PM  】【  ReturnDataSet成功,param is 2!  】


【  3/6/2017 3:12:14 PM  】【  数据库Close成功  】


【  3/6/2017 3:12:20 PM  】【  ReturnDataSet成功,param is 4!  】


【  3/6/2017 3:12:20 PM  】【  数据库Close成功  】


【  3/6/2017 3:12:20 PM  】【  ReturnDataSet成功,param is 2!  】


【  3/6/2017 3:12:20 PM  】【  数据库Close成功  】


【  3/6/2017 3:12:20 PM  】【  ReturnDataSet成功,param is 2!  】


【  3/6/2017 3:12:20 PM  】【  数据库Close成功  】


【  3/6/2017 3:12:20 PM  】【  ReturnDataSet成功,param is 2!  】


【  3/6/2017 3:12:20 PM  】【  数据库Close成功  】


【  3/6/2017 3:12:20 PM  】【  ReturnDataSet成功,param is 2!  】


【  3/6/2017 3:12:24 PM  】【  数据库Close成功  】


【  3/6/2017 3:12:24 PM  】【  ReturnDataSet成功,param is 2!  】


【  3/6/2017 3:12:25 PM  】【  数据库Close成功  】


【  3/6/2017 3:12:25 PM  】【  ReturnDataSet成功,param is 2!  】


【  3/6/2017 3:12:25 PM  】【  数据库Close成功  】


【  3/6/2017 3:12:25 PM  】【  ReturnDataSet成功,param is 2!  】


【  3/6/2017 3:12:25 PM  】【  数据库Close成功  】


【  3/6/2017 3:12:25 PM  】【  ReturnDataSet成功,param is 2!  】


【  3/6/2017 3:12:25 PM  】【  数据库Close成功  】


【  3/6/2017 3:12:25 PM  】【  ReturnDataSet成功,param is 2!  】


【  3/6/2017 3:12:25 PM  】【  数据库Close成功  】


【  3/6/2017 3:12:25 PM  】【  ReturnDataSet成功,param is 2!  】


【  3/6/2017 3:12:25 PM  】【  数据库Close成功  】


【  3/6/2017 3:12:25 PM  】【  ReturnDataSet成功,param is 2!  】


【  3/6/2017 3:12:25 PM  】【  数据库Close成功  】


【  3/6/2017 3:12:25 PM  】【  ReturnDataSet成功,param is 2!  】


【  3/6/2017 3:12:25 PM  】【  数据库Close成功  】


【  3/6/2017 3:12:25 PM  】【  ReturnDataSet成功,param is 2!  】


【  3/6/2017 3:12:25 PM  】【  数据库Close成功  】


【  3/6/2017 3:12:25 PM  】【  ReturnDataSet成功,param is 2!  】


【  3/6/2017 3:12:25 PM  】【  数据库Close成功  】


【  3/6/2017 3:12:25 PM  】【  ReturnDataSet成功,param is 2!  】


【  3/6/2017 3:12:25 PM  】【  数据库Close成功  】


【  3/6/2017 3:12:25 PM  】【  ReturnDataSet成功,param is 2!  】


【  3/6/2017 3:12:25 PM  】【  数据库Close成功  】


【  3/6/2017 3:12:25 PM  】【  ReturnDataSet成功,param is 2!  】


【  3/6/2017 3:19:32 PM  】【  ReturnDataSet成功,param is 2!  】


【  3/6/2017 3:34:19 PM  】【  数据库Close成功  】


【  3/6/2017 3:34:27 PM  】【  ReturnDataSet成功,param is 4!  】


【  3/6/2017 3:34:27 PM  】【  数据库Close成功  】


【  3/6/2017 3:34:27 PM  】【  ReturnDataSet成功,param is 2!  】


【  3/6/2017 3:34:27 PM  】【  数据库Close成功  】


【  3/6/2017 3:34:27 PM  】【  ReturnDataSet成功,param is 2!  】


【  3/6/2017 3:34:27 PM  】【  数据库Close成功  】


【  3/6/2017 3:34:27 PM  】【  ReturnDataSet成功,param is 2!  】


【  3/6/2017 3:34:27 PM  】【  数据库Close成功  】


【  3/6/2017 3:34:27 PM  】【  ReturnDataSet成功,param is 2!  】


【  3/6/2017 3:34:30 PM  】【  数据库Close成功  】


【  3/6/2017 3:34:30 PM  】【  ReturnDataSet成功,param is 2!  】


【  3/6/2017 3:34:31 PM  】【  数据库Close成功  】


【  3/6/2017 3:34:31 PM  】【  ReturnDataSet成功,param is 2!  】


【  3/6/2017 3:34:31 PM  】【  数据库Close成功  】


【  3/6/2017 3:34:31 PM  】【  ReturnDataSet成功,param is 2!  】


【  3/6/2017 3:34:31 PM  】【  数据库Close成功  】


【  3/6/2017 3:34:31 PM  】【  ReturnDataSet成功,param is 2!  】


【  3/6/2017 3:34:31 PM  】【  数据库Close成功  】


【  3/6/2017 3:34:31 PM  】【  ReturnDataSet成功,param is 2!  】


【  3/6/2017 3:34:31 PM  】【  数据库Close成功  】


【  3/6/2017 3:34:31 PM  】【  ReturnDataSet成功,param is 2!  】


【  3/6/2017 3:34:31 PM  】【  数据库Close成功  】


【  3/6/2017 3:34:31 PM  】【  ReturnDataSet成功,param is 2!  】


【  3/6/2017 3:34:31 PM  】【  数据库Close成功  】


【  3/6/2017 3:34:31 PM  】【  ReturnDataSet成功,param is 2!  】


【  3/6/2017 3:34:31 PM  】【  数据库Close成功  】


【  3/6/2017 3:34:31 PM  】【  ReturnDataSet成功,param is 2!  】


【  3/6/2017 3:34:31 PM  】【  数据库Close成功  】


【  3/6/2017 3:34:31 PM  】【  ReturnDataSet成功,param is 2!  】


【  3/6/2017 3:34:31 PM  】【  数据库Close成功  】


【  3/6/2017 3:34:31 PM  】【  ReturnDataSet成功,param is 2!  】


【  3/6/2017 3:34:31 PM  】【  数据库Close成功  】


【  3/6/2017 3:34:31 PM  】【  ReturnDataSet成功,param is 2!  】


【  3/6/2017 3:34:31 PM  】【  数据库Close成功  】


【  3/6/2017 3:34:31 PM  】【  ReturnDataSet成功,param is 2!  】


【  3/6/2017 3:46:29 PM  】【  ReturnDataSet成功,param is 2!  】


【  3/6/2017 3:46:38 PM  】【  ReturnDataSet成功,param is 4!  】


【  3/6/2017 3:46:38 PM  】【  数据库Close成功  】


【  3/6/2017 3:46:38 PM  】【  ReturnDataSet成功,param is 2!  】


【  3/6/2017 3:46:38 PM  】【  数据库Close成功  】


【  3/6/2017 3:46:38 PM  】【  ReturnDataSet成功,param is 2!  】


【  3/6/2017 3:46:38 PM  】【  数据库Close成功  】


【  3/6/2017 3:46:38 PM  】【  ReturnDataSet成功,param is 2!  】


【  3/6/2017 3:46:38 PM  】【  数据库Close成功  】


【  3/6/2017 3:46:38 PM  】【  ReturnDataSet成功,param is 2!  】


【  3/6/2017 3:46:41 PM  】【  数据库Close成功  】


【  3/6/2017 3:46:41 PM  】【  ReturnDataSet成功,param is 2!  】


【  3/6/2017 3:46:42 PM  】【  数据库Close成功  】


【  3/6/2017 3:46:42 PM  】【  ReturnDataSet成功,param is 2!  】


【  3/6/2017 3:46:42 PM  】【  数据库Close成功  】


【  3/6/2017 3:46:42 PM  】【  ReturnDataSet成功,param is 2!  】


【  3/6/2017 3:46:42 PM  】【  数据库Close成功  】


【  3/6/2017 3:46:42 PM  】【  ReturnDataSet成功,param is 2!  】


【  3/6/2017 3:46:42 PM  】【  数据库Close成功  】


【  3/6/2017 3:46:42 PM  】【  ReturnDataSet成功,param is 2!  】


【  3/6/2017 3:46:42 PM  】【  数据库Close成功  】


【  3/6/2017 3:46:42 PM  】【  ReturnDataSet成功,param is 2!  】


【  3/6/2017 3:46:42 PM  】【  数据库Close成功  】


【  3/6/2017 3:46:42 PM  】【  ReturnDataSet成功,param is 2!  】


【  3/6/2017 3:46:42 PM  】【  数据库Close成功  】


【  3/6/2017 3:46:42 PM  】【  ReturnDataSet成功,param is 2!  】


【  3/6/2017 3:46:42 PM  】【  数据库Close成功  】


【  3/6/2017 3:46:42 PM  】【  ReturnDataSet成功,param is 2!  】


【  3/6/2017 3:46:42 PM  】【  数据库Close成功  】


【  3/6/2017 3:46:42 PM  】【  ReturnDataSet成功,param is 2!  】


【  3/6/2017 3:46:42 PM  】【  数据库Close成功  】


【  3/6/2017 3:46:42 PM  】【  ReturnDataSet成功,param is 2!  】


【  3/6/2017 3:46:42 PM  】【  数据库Close成功  】


【  3/6/2017 3:46:42 PM  】【  ReturnDataSet成功,param is 2!  】


【  3/6/2017 3:46:42 PM  】【  数据库Close成功  】


【  3/6/2017 3:46:42 PM  】【  ReturnDataSet成功,param is 2!  】


【  3/6/2017 3:48:14 PM  】【  ReturnDataSet成功,param is 2!  】


【  3/6/2017 3:48:17 PM  】【  数据库Close成功  】


【  3/6/2017 3:48:23 PM  】【  ReturnDataSet成功,param is 4!  】


【  3/6/2017 3:48:23 PM  】【  数据库Close成功  】


【  3/6/2017 3:48:23 PM  】【  ReturnDataSet成功,param is 2!  】


【  3/6/2017 3:48:23 PM  】【  数据库Close成功  】


【  3/6/2017 3:48:23 PM  】【  ReturnDataSet成功,param is 2!  】


【  3/6/2017 3:48:23 PM  】【  数据库Close成功  】


【  3/6/2017 3:48:23 PM  】【  ReturnDataSet成功,param is 2!  】


【  3/6/2017 3:48:23 PM  】【  数据库Close成功  】


【  3/6/2017 3:48:23 PM  】【  ReturnDataSet成功,param is 2!  】


【  3/6/2017 3:48:26 PM  】【  数据库Close成功  】


【  3/6/2017 3:48:26 PM  】【  ReturnDataSet成功,param is 2!  】


【  3/6/2017 3:48:27 PM  】【  数据库Close成功  】


【  3/6/2017 3:48:27 PM  】【  ReturnDataSet成功,param is 2!  】


【  3/6/2017 3:48:27 PM  】【  数据库Close成功  】


【  3/6/2017 3:48:27 PM  】【  ReturnDataSet成功,param is 2!  】


【  3/6/2017 3:48:27 PM  】【  数据库Close成功  】


【  3/6/2017 3:48:27 PM  】【  ReturnDataSet成功,param is 2!  】


【  3/6/2017 3:48:27 PM  】【  数据库Close成功  】


【  3/6/2017 3:48:27 PM  】【  ReturnDataSet成功,param is 2!  】


【  3/6/2017 3:48:27 PM  】【  数据库Close成功  】


【  3/6/2017 3:48:27 PM  】【  ReturnDataSet成功,param is 2!  】


【  3/6/2017 3:48:27 PM  】【  数据库Close成功  】


【  3/6/2017 3:48:27 PM  】【  ReturnDataSet成功,param is 2!  】


【  3/6/2017 3:48:27 PM  】【  数据库Close成功  】


【  3/6/2017 3:48:27 PM  】【  ReturnDataSet成功,param is 2!  】


【  3/6/2017 3:48:27 PM  】【  数据库Close成功  】


【  3/6/2017 3:48:27 PM  】【  ReturnDataSet成功,param is 2!  】


【  3/6/2017 3:48:27 PM  】【  数据库Close成功  】


【  3/6/2017 3:48:27 PM  】【  ReturnDataSet成功,param is 2!  】


【  3/6/2017 3:48:27 PM  】【  数据库Close成功  】


【  3/6/2017 3:48:27 PM  】【  ReturnDataSet成功,param is 2!  】


【  3/6/2017 3:48:27 PM  】【  数据库Close成功  】


【  3/6/2017 3:48:27 PM  】【  ReturnDataSet成功,param is 2!  】


【  3/6/2017 3:48:27 PM  】【  数据库Close成功  】


【  3/6/2017 3:48:27 PM  】【  ReturnDataSet成功,param is 2!  】


【  3/6/2017 4:10:17 PM  】【  数据库Close成功  】


【  3/6/2017 4:10:19 PM  】【  ReturnDataSet成功,param is 2!  】


【  3/6/2017 5:37:27 PM  】【  ReturnDataSet成功,param is 2!  】


【  3/6/2017 6:21:04 PM  】【  ReturnDataSet成功,param is 4!  】


【  3/6/2017 6:21:04 PM  】【  数据库Close成功  】


【  3/6/2017 6:21:04 PM  】【  ReturnDataSet成功,param is 2!  】


【  3/6/2017 6:21:04 PM  】【  数据库Close成功  】


【  3/6/2017 6:21:04 PM  】【  ReturnDataSet成功,param is 2!  】


【  3/6/2017 6:21:04 PM  】【  数据库Close成功  】


【  3/6/2017 6:21:04 PM  】【  ReturnDataSet成功,param is 2!  】


【  3/6/2017 6:21:04 PM  】【  数据库Close成功  】


【  3/6/2017 6:21:04 PM  】【  ReturnDataSet成功,param is 2!  】


【  3/6/2017 6:21:08 PM  】【  数据库Close成功  】


【  3/6/2017 6:21:08 PM  】【  ReturnDataSet成功,param is 2!  】


【  3/6/2017 6:21:09 PM  】【  数据库Close成功  】


【  3/6/2017 6:21:09 PM  】【  ReturnDataSet成功,param is 2!  】


【  3/6/2017 6:21:09 PM  】【  数据库Close成功  】


【  3/6/2017 6:21:09 PM  】【  ReturnDataSet成功,param is 2!  】


【  3/6/2017 6:21:09 PM  】【  数据库Close成功  】


【  3/6/2017 6:21:09 PM  】【  ReturnDataSet成功,param is 2!  】


【  3/6/2017 6:21:09 PM  】【  数据库Close成功  】


【  3/6/2017 6:21:09 PM  】【  ReturnDataSet成功,param is 2!  】


【  3/6/2017 6:21:09 PM  】【  数据库Close成功  】


【  3/6/2017 6:21:09 PM  】【  ReturnDataSet成功,param is 2!  】


【  3/6/2017 6:21:09 PM  】【  数据库Close成功  】


【  3/6/2017 6:21:09 PM  】【  ReturnDataSet成功,param is 2!  】


【  3/6/2017 6:21:09 PM  】【  数据库Close成功  】


【  3/6/2017 6:21:09 PM  】【  ReturnDataSet成功,param is 2!  】


【  3/6/2017 6:21:09 PM  】【  数据库Close成功  】


【  3/6/2017 6:21:09 PM  】【  ReturnDataSet成功,param is 2!  】


【  3/6/2017 6:21:09 PM  】【  数据库Close成功  】


【  3/6/2017 6:21:09 PM  】【  ReturnDataSet成功,param is 2!  】


【  3/6/2017 6:21:09 PM  】【  数据库Close成功  】


【  3/6/2017 6:21:09 PM  】【  ReturnDataSet成功,param is 2!  】


【  3/6/2017 6:21:09 PM  】【  数据库Close成功  】


【  3/6/2017 6:21:09 PM  】【  ReturnDataSet成功,param is 2!  】


【  3/6/2017 6:21:09 PM  】【  数据库Close成功  】


【  3/6/2017 6:21:09 PM  】【  ReturnDataSet成功,param is 2!  】


【  3/6/2017 6:46:39 PM  】【  ReturnDataSet成功,param is 2!  】


【  3/6/2017 7:30:49 PM  】【  数据库Close成功  】


【  3/6/2017 7:30:51 PM  】【  ReturnDataSet成功,param is 2!  】


【  3/6/2017 7:31:02 PM  】【  ReturnDataSet成功,param is 4!  】


【  3/6/2017 7:31:02 PM  】【  数据库Close成功  】


【  3/6/2017 7:31:02 PM  】【  ReturnDataSet成功,param is 2!  】


【  3/6/2017 7:31:02 PM  】【  数据库Close成功  】


【  3/6/2017 7:31:02 PM  】【  ReturnDataSet成功,param is 2!  】


【  3/6/2017 7:31:02 PM  】【  数据库Close成功  】


【  3/6/2017 7:31:02 PM  】【  ReturnDataSet成功,param is 2!  】


【  3/6/2017 7:31:02 PM  】【  数据库Close成功  】


【  3/6/2017 7:31:02 PM  】【  ReturnDataSet成功,param is 2!  】


【  3/6/2017 7:31:06 PM  】【  数据库Close成功  】


【  3/6/2017 7:31:06 PM  】【  ReturnDataSet成功,param is 2!  】


【  3/6/2017 7:31:07 PM  】【  数据库Close成功  】


【  3/6/2017 7:31:07 PM  】【  ReturnDataSet成功,param is 2!  】


【  3/6/2017 7:31:07 PM  】【  数据库Close成功  】


【  3/6/2017 7:31:07 PM  】【  ReturnDataSet成功,param is 2!  】


【  3/6/2017 7:31:07 PM  】【  数据库Close成功  】


【  3/6/2017 7:31:07 PM  】【  ReturnDataSet成功,param is 2!  】


【  3/6/2017 7:31:07 PM  】【  数据库Close成功  】


【  3/6/2017 7:31:07 PM  】【  ReturnDataSet成功,param is 2!  】


【  3/6/2017 7:31:07 PM  】【  数据库Close成功  】


【  3/6/2017 7:31:07 PM  】【  ReturnDataSet成功,param is 2!  】


【  3/6/2017 7:31:07 PM  】【  数据库Close成功  】


【  3/6/2017 7:31:07 PM  】【  ReturnDataSet成功,param is 2!  】


【  3/6/2017 7:31:07 PM  】【  数据库Close成功  】


【  3/6/2017 7:31:07 PM  】【  ReturnDataSet成功,param is 2!  】


【  3/6/2017 7:31:07 PM  】【  数据库Close成功  】


【  3/6/2017 7:31:07 PM  】【  ReturnDataSet成功,param is 2!  】


【  3/6/2017 7:31:07 PM  】【  数据库Close成功  】


【  3/6/2017 7:31:07 PM  】【  ReturnDataSet成功,param is 2!  】


【  3/6/2017 7:31:07 PM  】【  数据库Close成功  】


【  3/6/2017 7:31:07 PM  】【  ReturnDataSet成功,param is 2!  】


【  3/6/2017 7:31:07 PM  】【  数据库Close成功  】


【  3/6/2017 7:31:07 PM  】【  ReturnDataSet成功,param is 2!  】


【  3/6/2017 7:31:07 PM  】【  数据库Close成功  】


【  3/6/2017 7:31:07 PM  】【  ReturnDataSet成功,param is 2!  】


【  3/6/2017 8:29:19 PM  】【  ReturnDataSet成功,param is 4!  】


【  3/6/2017 8:29:19 PM  】【  数据库Close成功  】


【  3/6/2017 8:29:19 PM  】【  ReturnDataSet成功,param is 2!  】


【  3/6/2017 8:29:19 PM  】【  数据库Close成功  】


【  3/6/2017 8:29:19 PM  】【  ReturnDataSet成功,param is 2!  】


【  3/6/2017 8:29:19 PM  】【  数据库Close成功  】


【  3/6/2017 8:29:19 PM  】【  ReturnDataSet成功,param is 2!  】


【  3/6/2017 8:29:19 PM  】【  数据库Close成功  】


【  3/6/2017 8:29:19 PM  】【  ReturnDataSet成功,param is 2!  】


【  3/6/2017 8:29:22 PM  】【  数据库Close成功  】


【  3/6/2017 8:29:22 PM  】【  ReturnDataSet成功,param is 2!  】


【  3/6/2017 8:29:23 PM  】【  数据库Close成功  】


【  3/6/2017 8:29:23 PM  】【  ReturnDataSet成功,param is 2!  】


【  3/6/2017 8:29:23 PM  】【  数据库Close成功  】


【  3/6/2017 8:29:23 PM  】【  ReturnDataSet成功,param is 2!  】


【  3/6/2017 8:29:23 PM  】【  数据库Close成功  】


【  3/6/2017 8:29:23 PM  】【  ReturnDataSet成功,param is 2!  】


【  3/6/2017 8:29:23 PM  】【  数据库Close成功  】


【  3/6/2017 8:29:23 PM  】【  ReturnDataSet成功,param is 2!  】


【  3/6/2017 8:29:23 PM  】【  数据库Close成功  】


【  3/6/2017 8:29:23 PM  】【  ReturnDataSet成功,param is 2!  】


【  3/6/2017 8:29:23 PM  】【  数据库Close成功  】


【  3/6/2017 8:29:23 PM  】【  ReturnDataSet成功,param is 2!  】


【  3/6/2017 8:29:23 PM  】【  数据库Close成功  】


【  3/6/2017 8:29:23 PM  】【  ReturnDataSet成功,param is 2!  】


【  3/6/2017 8:29:23 PM  】【  数据库Close成功  】


【  3/6/2017 8:29:23 PM  】【  ReturnDataSet成功,param is 2!  】


【  3/6/2017 8:29:24 PM  】【  数据库Close成功  】


【  3/6/2017 8:29:24 PM  】【  ReturnDataSet成功,param is 2!  】


【  3/6/2017 8:29:24 PM  】【  数据库Close成功  】


【  3/6/2017 8:29:24 PM  】【  ReturnDataSet成功,param is 2!  】


【  3/6/2017 8:29:24 PM  】【  数据库Close成功  】


【  3/6/2017 8:29:24 PM  】【  ReturnDataSet成功,param is 2!  】


【  3/6/2017 8:29:24 PM  】【  数据库Close成功  】


【  3/6/2017 8:29:24 PM  】【  ReturnDataSet成功,param is 2!  】


【  3/6/2017 8:34:48 PM  】【  ReturnDataSet成功,param is 2!  】


【  3/6/2017 8:34:49 PM  】【  数据库Close成功  】


【  3/6/2017 8:34:49 PM  】【  ReturnDataSet成功,param is 2!  】


【  3/6/2017 8:34:49 PM  】【  数据库Close成功  】


【  3/6/2017 8:34:49 PM  】【  ReturnDataSet成功,param is 2!  】


【  3/6/2017 8:34:49 PM  】【  数据库Close成功  】


【  3/6/2017 8:34:49 PM  】【  ReturnDataSet成功,param is 2!  】


【  3/6/2017 8:34:49 PM  】【  数据库Close成功  】


【  3/6/2017 8:34:49 PM  】【  ReturnDataSet成功,param is 2!  】


【  3/6/2017 8:34:49 PM  】【  数据库Close成功  】


【  3/6/2017 8:34:49 PM  】【  ReturnDataSet成功,param is 2!  】


【  3/6/2017 8:34:49 PM  】【  数据库Close成功  】


【  3/6/2017 8:34:49 PM  】【  ReturnDataSet成功,param is 2!  】


【  3/6/2017 8:34:49 PM  】【  数据库Close成功  】


【  3/6/2017 8:34:49 PM  】【  ReturnDataSet成功,param is 2!  】


【  3/6/2017 8:34:49 PM  】【  数据库Close成功  】


【  3/6/2017 8:34:49 PM  】【  ReturnDataSet成功,param is 2!  】


【  3/6/2017 8:34:49 PM  】【  数据库Close成功  】


【  3/6/2017 8:34:49 PM  】【  ReturnDataSet成功,param is 2!  】


【  3/6/2017 8:34:49 PM  】【  数据库Close成功  】


【  3/6/2017 8:34:49 PM  】【  ReturnDataSet成功,param is 2!  】


【  3/6/2017 8:34:49 PM  】【  数据库Close成功  】


【  3/6/2017 8:34:49 PM  】【  ReturnDataSet成功,param is 2!  】

