

【日志创建时间***********】【日志内容******************************************************PDF】



【  3/4/2017 8:54:13 AM  】【  ReturnDataSet成功,param is 4!  】


【  3/4/2017 8:54:19 AM  】【  数据库Close成功  】


【  3/4/2017 8:54:19 AM  】【  ReturnDataSet成功,param is 4!  】


【  3/4/2017 8:54:19 AM  】【  数据库Close成功  】


【  3/4/2017 8:54:19 AM  】【  ReturnDataSet成功,param is 2!  】


【  3/4/2017 8:54:19 AM  】【  数据库Close成功  】


【  3/4/2017 8:54:19 AM  】【  ReturnDataSet成功,param is 2!  】


【  3/4/2017 8:54:19 AM  】【  数据库Close成功  】


【  3/4/2017 8:54:19 AM  】【  ReturnDataSet成功,param is 2!  】


【  3/4/2017 8:54:19 AM  】【  数据库Close成功  】


【  3/4/2017 8:54:19 AM  】【  ReturnDataSet成功,param is 2!  】


【  3/4/2017 8:54:29 AM  】【  数据库Close成功  】


【  3/4/2017 8:54:29 AM  】【  ReturnDataSet成功,param is 2!  】


【  3/4/2017 8:54:30 AM  】【  数据库Close成功  】


【  3/4/2017 8:54:30 AM  】【  ReturnDataSet成功,param is 2!  】


【  3/4/2017 8:54:30 AM  】【  数据库Close成功  】


【  3/4/2017 8:54:30 AM  】【  ReturnDataSet成功,param is 2!  】


【  3/4/2017 8:54:30 AM  】【  数据库Close成功  】


【  3/4/2017 8:54:30 AM  】【  ReturnDataSet成功,param is 2!  】


【  3/4/2017 8:54:30 AM  】【  数据库Close成功  】


【  3/4/2017 8:54:30 AM  】【  ReturnDataSet成功,param is 2!  】


【  3/4/2017 8:54:30 AM  】【  数据库Close成功  】


【  3/4/2017 8:54:30 AM  】【  ReturnDataSet成功,param is 2!  】


【  3/4/2017 8:54:30 AM  】【  数据库Close成功  】


【  3/4/2017 8:54:30 AM  】【  ReturnDataSet成功,param is 2!  】


【  3/4/2017 8:54:30 AM  】【  数据库Close成功  】


【  3/4/2017 8:54:30 AM  】【  ReturnDataSet成功,param is 2!  】


【  3/4/2017 8:54:30 AM  】【  数据库Close成功  】


【  3/4/2017 8:54:30 AM  】【  ReturnDataSet成功,param is 2!  】


【  3/4/2017 8:54:30 AM  】【  数据库Close成功  】


【  3/4/2017 8:54:30 AM  】【  ReturnDataSet成功,param is 2!  】


【  3/4/2017 8:54:30 AM  】【  数据库Close成功  】


【  3/4/2017 8:54:31 AM  】【  ReturnDataSet成功,param is 2!  】


【  3/4/2017 8:54:31 AM  】【  数据库Close成功  】


【  3/4/2017 8:54:31 AM  】【  ReturnDataSet成功,param is 2!  】


【  3/4/2017 8:54:31 AM  】【  数据库Close成功  】


【  3/4/2017 8:54:31 AM  】【  ReturnDataSet成功,param is 2!  】


【  3/4/2017 9:23:48 AM  】【  数据库Close成功  】


【  3/4/2017 9:23:48 AM  】【  ReturnDataSet成功,param is 2!  】


【  3/4/2017 9:23:59 AM  】【  数据库Close成功  】


【  3/4/2017 9:23:59 AM  】【  ReturnDataSet成功,param is 2!  】


【  3/4/2017 9:24:00 AM  】【  数据库Close成功  】


【  3/4/2017 9:24:00 AM  】【  ReturnDataSet成功,param is 2!  】


【  3/4/2017 9:24:00 AM  】【  数据库Close成功  】


【  3/4/2017 9:24:00 AM  】【  ReturnDataSet成功,param is 2!  】


【  3/4/2017 9:24:00 AM  】【  数据库Close成功  】


【  3/4/2017 9:24:00 AM  】【  ReturnDataSet成功,param is 2!  】


【  3/4/2017 9:24:00 AM  】【  数据库Close成功  】


【  3/4/2017 9:24:00 AM  】【  ReturnDataSet成功,param is 2!  】


【  3/4/2017 9:24:00 AM  】【  数据库Close成功  】


【  3/4/2017 9:24:00 AM  】【  ReturnDataSet成功,param is 2!  】


【  3/4/2017 9:24:03 AM  】【  数据库Close成功  】


【  3/4/2017 9:24:03 AM  】【  ReturnDataSet成功,param is 2!  】


【  3/4/2017 9:24:03 AM  】【  数据库Close成功  】


【  3/4/2017 9:24:03 AM  】【  ReturnDataSet成功,param is 2!  】


【  3/4/2017 9:24:03 AM  】【  数据库Close成功  】


【  3/4/2017 9:24:03 AM  】【  ReturnDataSet成功,param is 2!  】


【  3/4/2017 9:24:03 AM  】【  数据库Close成功  】


【  3/4/2017 9:24:03 AM  】【  ReturnDataSet成功,param is 2!  】


【  3/4/2017 9:24:19 AM  】【  数据库Close成功  】


【  3/4/2017 9:24:19 AM  】【  ReturnDataSet成功,param is 2!  】


【  3/4/2017 9:24:22 AM  】【  数据库Close成功  】


【  3/4/2017 9:24:22 AM  】【  ReturnDataSet成功,param is 2!  】


【  3/4/2017 9:24:22 AM  】【  数据库Close成功  】


【  3/4/2017 9:24:22 AM  】【  ReturnDataSet成功,param is 2!  】


【  3/4/2017 9:24:26 AM  】【  数据库Close成功  】


【  3/4/2017 9:24:26 AM  】【  ReturnDataSet成功,param is 2!  】


【  3/4/2017 9:24:28 AM  】【  数据库Close成功  】


【  3/4/2017 9:24:28 AM  】【  ReturnDataSet成功,param is 2!  】


【  3/4/2017 9:24:29 AM  】【  数据库Close成功  】


【  3/4/2017 9:24:29 AM  】【  ReturnDataSet成功,param is 2!  】


【  3/4/2017 9:24:29 AM  】【  数据库Close成功  】


【  3/4/2017 9:24:29 AM  】【  ReturnDataSet成功,param is 2!  】


【  3/4/2017 9:24:29 AM  】【  数据库Close成功  】


【  3/4/2017 9:24:29 AM  】【  ReturnDataSet成功,param is 2!  】


【  3/4/2017 9:47:31 AM  】【  数据库Close成功  】


【  3/4/2017 9:47:32 AM  】【  ReturnDataSet成功,param is 2!  】


【  3/4/2017 9:47:46 AM  】【  数据库Close成功  】


【  3/4/2017 9:47:55 AM  】【  ReturnDataSet成功,param is 4!  】


【  3/4/2017 9:47:55 AM  】【  数据库Close成功  】


【  3/4/2017 9:47:55 AM  】【  ReturnDataSet成功,param is 2!  】


【  3/4/2017 9:47:55 AM  】【  数据库Close成功  】


【  3/4/2017 9:47:55 AM  】【  ReturnDataSet成功,param is 2!  】


【  3/4/2017 9:47:55 AM  】【  数据库Close成功  】


【  3/4/2017 9:47:55 AM  】【  ReturnDataSet成功,param is 2!  】


【  3/4/2017 9:47:55 AM  】【  数据库Close成功  】


【  3/4/2017 9:47:55 AM  】【  ReturnDataSet成功,param is 2!  】


【  3/4/2017 9:47:58 AM  】【  数据库Close成功  】


【  3/4/2017 9:47:58 AM  】【  ReturnDataSet成功,param is 2!  】


【  3/4/2017 9:47:59 AM  】【  数据库Close成功  】


【  3/4/2017 9:47:59 AM  】【  ReturnDataSet成功,param is 2!  】


【  3/4/2017 9:47:59 AM  】【  数据库Close成功  】


【  3/4/2017 9:47:59 AM  】【  ReturnDataSet成功,param is 2!  】


【  3/4/2017 9:47:59 AM  】【  数据库Close成功  】


【  3/4/2017 9:47:59 AM  】【  ReturnDataSet成功,param is 2!  】


【  3/4/2017 9:47:59 AM  】【  数据库Close成功  】


【  3/4/2017 9:48:00 AM  】【  ReturnDataSet成功,param is 2!  】


【  3/4/2017 9:48:00 AM  】【  数据库Close成功  】


【  3/4/2017 9:48:00 AM  】【  ReturnDataSet成功,param is 2!  】


【  3/4/2017 9:48:00 AM  】【  数据库Close成功  】


【  3/4/2017 9:48:00 AM  】【  ReturnDataSet成功,param is 2!  】


【  3/4/2017 9:48:00 AM  】【  数据库Close成功  】


【  3/4/2017 9:48:00 AM  】【  ReturnDataSet成功,param is 2!  】


【  3/4/2017 9:48:00 AM  】【  数据库Close成功  】


【  3/4/2017 9:48:00 AM  】【  ReturnDataSet成功,param is 2!  】


【  3/4/2017 9:48:00 AM  】【  数据库Close成功  】


【  3/4/2017 9:48:00 AM  】【  ReturnDataSet成功,param is 2!  】


【  3/4/2017 9:48:00 AM  】【  数据库Close成功  】


【  3/4/2017 9:48:00 AM  】【  ReturnDataSet成功,param is 2!  】


【  3/4/2017 9:48:00 AM  】【  数据库Close成功  】


【  3/4/2017 9:48:00 AM  】【  ReturnDataSet成功,param is 2!  】


【  3/4/2017 9:48:00 AM  】【  数据库Close成功  】


【  3/4/2017 9:48:00 AM  】【  ReturnDataSet成功,param is 2!  】


【  3/4/2017 11:38:40 AM  】【  数据库Close成功  】


【  3/4/2017 11:38:42 AM  】【  ReturnDataSet成功,param is 2!  】


【  3/4/2017 12:01:04 PM  】【  数据库Close成功  】


【  3/4/2017 1:28:08 PM  】【  ReturnDataSet成功,param is 4!  】


【  3/4/2017 1:28:08 PM  】【  数据库Close成功  】


【  3/4/2017 1:28:08 PM  】【  ReturnDataSet成功,param is 2!  】


【  3/4/2017 1:28:08 PM  】【  数据库Close成功  】


【  3/4/2017 1:28:08 PM  】【  ReturnDataSet成功,param is 2!  】


【  3/4/2017 1:28:08 PM  】【  数据库Close成功  】


【  3/4/2017 1:28:08 PM  】【  ReturnDataSet成功,param is 2!  】


【  3/4/2017 1:28:08 PM  】【  数据库Close成功  】


【  3/4/2017 1:28:08 PM  】【  ReturnDataSet成功,param is 2!  】


【  3/4/2017 1:28:17 PM  】【  数据库Close成功  】


【  3/4/2017 1:28:17 PM  】【  ReturnDataSet成功,param is 2!  】


【  3/4/2017 1:28:19 PM  】【  数据库Close成功  】


【  3/4/2017 1:28:19 PM  】【  ReturnDataSet成功,param is 2!  】


【  3/4/2017 1:28:19 PM  】【  数据库Close成功  】


【  3/4/2017 1:28:19 PM  】【  ReturnDataSet成功,param is 2!  】


【  3/4/2017 1:28:19 PM  】【  数据库Close成功  】


【  3/4/2017 1:28:19 PM  】【  ReturnDataSet成功,param is 2!  】


【  3/4/2017 1:28:19 PM  】【  数据库Close成功  】


【  3/4/2017 1:28:19 PM  】【  ReturnDataSet成功,param is 2!  】


【  3/4/2017 1:28:19 PM  】【  数据库Close成功  】


【  3/4/2017 1:28:19 PM  】【  ReturnDataSet成功,param is 2!  】


【  3/4/2017 1:28:19 PM  】【  数据库Close成功  】


【  3/4/2017 1:28:19 PM  】【  ReturnDataSet成功,param is 2!  】


【  3/4/2017 1:28:19 PM  】【  数据库Close成功  】


【  3/4/2017 1:28:19 PM  】【  ReturnDataSet成功,param is 2!  】


【  3/4/2017 1:28:19 PM  】【  数据库Close成功  】


【  3/4/2017 1:28:19 PM  】【  ReturnDataSet成功,param is 2!  】


【  3/4/2017 1:28:19 PM  】【  数据库Close成功  】


【  3/4/2017 1:28:19 PM  】【  ReturnDataSet成功,param is 2!  】


【  3/4/2017 1:28:19 PM  】【  数据库Close成功  】


【  3/4/2017 1:28:19 PM  】【  ReturnDataSet成功,param is 2!  】


【  3/4/2017 1:28:19 PM  】【  数据库Close成功  】


【  3/4/2017 1:28:19 PM  】【  ReturnDataSet成功,param is 2!  】


【  3/4/2017 1:28:19 PM  】【  数据库Close成功  】


【  3/4/2017 1:28:19 PM  】【  ReturnDataSet成功,param is 2!  】


【  3/4/2017 2:10:27 PM  】【  数据库Close成功  】


【  3/4/2017 2:10:29 PM  】【  ReturnDataSet成功,param is 2!  】


【  3/4/2017 2:22:26 PM  】【  数据库Close成功  】


【  3/4/2017 2:22:28 PM  】【  ReturnDataSet成功,param is 2!  】


【  3/4/2017 2:34:48 PM  】【  数据库Close成功  】


【  3/4/2017 2:34:50 PM  】【  ReturnDataSet成功,param is 2!  】


【  3/4/2017 3:05:28 PM  】【  ReturnDataSet成功,param is 2!  】


【  3/4/2017 3:27:45 PM  】【  数据库Close成功  】


【  3/4/2017 3:27:46 PM  】【  ReturnDataSet成功,param is 2!  】


【  3/4/2017 3:27:48 PM  】【  数据库Close成功  】


【  3/4/2017 4:00:09 PM  】【  ReturnDataSet成功,param is 4!  】


【  3/4/2017 4:00:09 PM  】【  数据库Close成功  】


【  3/4/2017 4:00:09 PM  】【  ReturnDataSet成功,param is 2!  】


【  3/4/2017 4:00:09 PM  】【  数据库Close成功  】


【  3/4/2017 4:00:09 PM  】【  ReturnDataSet成功,param is 2!  】


【  3/4/2017 4:00:09 PM  】【  数据库Close成功  】


【  3/4/2017 4:00:09 PM  】【  ReturnDataSet成功,param is 2!  】


【  3/4/2017 4:00:09 PM  】【  数据库Close成功  】


【  3/4/2017 4:00:09 PM  】【  ReturnDataSet成功,param is 2!  】


【  3/4/2017 4:00:23 PM  】【  数据库Close成功  】


【  3/4/2017 4:00:23 PM  】【  ReturnDataSet成功,param is 2!  】


【  3/4/2017 4:00:25 PM  】【  数据库Close成功  】


【  3/4/2017 4:00:25 PM  】【  ReturnDataSet成功,param is 2!  】


【  3/4/2017 4:00:25 PM  】【  数据库Close成功  】


【  3/4/2017 4:00:25 PM  】【  ReturnDataSet成功,param is 2!  】


【  3/4/2017 4:00:25 PM  】【  数据库Close成功  】


【  3/4/2017 4:00:25 PM  】【  ReturnDataSet成功,param is 2!  】


【  3/4/2017 4:00:25 PM  】【  数据库Close成功  】


【  3/4/2017 4:00:25 PM  】【  ReturnDataSet成功,param is 2!  】


【  3/4/2017 4:00:25 PM  】【  数据库Close成功  】


【  3/4/2017 4:00:25 PM  】【  ReturnDataSet成功,param is 2!  】


【  3/4/2017 4:00:25 PM  】【  数据库Close成功  】


【  3/4/2017 4:00:25 PM  】【  ReturnDataSet成功,param is 2!  】


【  3/4/2017 4:00:25 PM  】【  数据库Close成功  】


【  3/4/2017 4:00:25 PM  】【  ReturnDataSet成功,param is 2!  】


【  3/4/2017 4:00:25 PM  】【  数据库Close成功  】


【  3/4/2017 4:00:25 PM  】【  ReturnDataSet成功,param is 2!  】


【  3/4/2017 4:00:25 PM  】【  数据库Close成功  】


【  3/4/2017 4:00:25 PM  】【  ReturnDataSet成功,param is 2!  】


【  3/4/2017 4:00:25 PM  】【  数据库Close成功  】


【  3/4/2017 4:00:25 PM  】【  ReturnDataSet成功,param is 2!  】


【  3/4/2017 4:00:25 PM  】【  数据库Close成功  】


【  3/4/2017 4:00:25 PM  】【  ReturnDataSet成功,param is 2!  】


【  3/4/2017 4:00:25 PM  】【  数据库Close成功  】


【  3/4/2017 4:00:25 PM  】【  ReturnDataSet成功,param is 2!  】


【  3/4/2017 4:07:10 PM  】【  ReturnDataSet成功,param is 2!  】


【  3/4/2017 4:16:49 PM  】【  数据库Close成功  】


【  3/4/2017 4:16:57 PM  】【  ReturnDataSet成功,param is 4!  】


【  3/4/2017 4:16:57 PM  】【  数据库Close成功  】


【  3/4/2017 4:16:57 PM  】【  ReturnDataSet成功,param is 2!  】


【  3/4/2017 4:16:57 PM  】【  数据库Close成功  】


【  3/4/2017 4:16:57 PM  】【  ReturnDataSet成功,param is 2!  】


【  3/4/2017 4:16:57 PM  】【  数据库Close成功  】


【  3/4/2017 4:16:57 PM  】【  ReturnDataSet成功,param is 2!  】


【  3/4/2017 4:16:57 PM  】【  数据库Close成功  】


【  3/4/2017 4:16:57 PM  】【  ReturnDataSet成功,param is 2!  】


【  3/4/2017 4:17:01 PM  】【  数据库Close成功  】


【  3/4/2017 4:17:01 PM  】【  ReturnDataSet成功,param is 2!  】


【  3/4/2017 4:17:02 PM  】【  数据库Close成功  】


【  3/4/2017 4:17:02 PM  】【  ReturnDataSet成功,param is 2!  】


【  3/4/2017 4:17:02 PM  】【  数据库Close成功  】


【  3/4/2017 4:17:02 PM  】【  ReturnDataSet成功,param is 2!  】


【  3/4/2017 4:17:02 PM  】【  数据库Close成功  】


【  3/4/2017 4:17:02 PM  】【  ReturnDataSet成功,param is 2!  】


【  3/4/2017 4:17:02 PM  】【  数据库Close成功  】


【  3/4/2017 4:17:02 PM  】【  ReturnDataSet成功,param is 2!  】


【  3/4/2017 4:17:02 PM  】【  数据库Close成功  】


【  3/4/2017 4:17:02 PM  】【  ReturnDataSet成功,param is 2!  】


【  3/4/2017 4:17:02 PM  】【  数据库Close成功  】


【  3/4/2017 4:17:02 PM  】【  ReturnDataSet成功,param is 2!  】


【  3/4/2017 4:17:02 PM  】【  数据库Close成功  】


【  3/4/2017 4:17:02 PM  】【  ReturnDataSet成功,param is 2!  】


【  3/4/2017 4:17:02 PM  】【  数据库Close成功  】


【  3/4/2017 4:17:02 PM  】【  ReturnDataSet成功,param is 2!  】


【  3/4/2017 4:17:02 PM  】【  数据库Close成功  】


【  3/4/2017 4:17:02 PM  】【  ReturnDataSet成功,param is 2!  】


【  3/4/2017 4:17:02 PM  】【  数据库Close成功  】


【  3/4/2017 4:17:02 PM  】【  ReturnDataSet成功,param is 2!  】


【  3/4/2017 4:17:02 PM  】【  数据库Close成功  】


【  3/4/2017 4:17:02 PM  】【  ReturnDataSet成功,param is 2!  】


【  3/4/2017 4:17:02 PM  】【  数据库Close成功  】


【  3/4/2017 4:17:02 PM  】【  ReturnDataSet成功,param is 2!  】


【  3/4/2017 4:20:34 PM  】【  ReturnDataSet成功,param is 2!  】


【  3/4/2017 4:20:44 PM  】【  ReturnDataSet成功,param is 4!  】


【  3/4/2017 4:20:44 PM  】【  数据库Close成功  】


【  3/4/2017 4:20:44 PM  】【  ReturnDataSet成功,param is 2!  】


【  3/4/2017 4:20:44 PM  】【  数据库Close成功  】


【  3/4/2017 4:20:44 PM  】【  ReturnDataSet成功,param is 2!  】


【  3/4/2017 4:20:44 PM  】【  数据库Close成功  】


【  3/4/2017 4:20:44 PM  】【  ReturnDataSet成功,param is 2!  】


【  3/4/2017 4:20:44 PM  】【  数据库Close成功  】


【  3/4/2017 4:20:44 PM  】【  ReturnDataSet成功,param is 2!  】


【  3/4/2017 4:20:47 PM  】【  数据库Close成功  】


【  3/4/2017 4:20:47 PM  】【  ReturnDataSet成功,param is 2!  】


【  3/4/2017 4:20:48 PM  】【  数据库Close成功  】


【  3/4/2017 4:20:48 PM  】【  ReturnDataSet成功,param is 2!  】


【  3/4/2017 4:20:48 PM  】【  数据库Close成功  】


【  3/4/2017 4:20:48 PM  】【  ReturnDataSet成功,param is 2!  】


【  3/4/2017 4:20:48 PM  】【  数据库Close成功  】


【  3/4/2017 4:20:48 PM  】【  ReturnDataSet成功,param is 2!  】


【  3/4/2017 4:20:48 PM  】【  数据库Close成功  】


【  3/4/2017 4:20:48 PM  】【  ReturnDataSet成功,param is 2!  】


【  3/4/2017 4:20:48 PM  】【  数据库Close成功  】


【  3/4/2017 4:20:48 PM  】【  ReturnDataSet成功,param is 2!  】


【  3/4/2017 4:20:48 PM  】【  数据库Close成功  】


【  3/4/2017 4:20:48 PM  】【  ReturnDataSet成功,param is 2!  】


【  3/4/2017 4:20:48 PM  】【  数据库Close成功  】


【  3/4/2017 4:20:48 PM  】【  ReturnDataSet成功,param is 2!  】


【  3/4/2017 4:20:48 PM  】【  数据库Close成功  】


【  3/4/2017 4:20:48 PM  】【  ReturnDataSet成功,param is 2!  】


【  3/4/2017 4:20:48 PM  】【  数据库Close成功  】


【  3/4/2017 4:20:48 PM  】【  ReturnDataSet成功,param is 2!  】


【  3/4/2017 4:20:49 PM  】【  数据库Close成功  】


【  3/4/2017 4:20:49 PM  】【  ReturnDataSet成功,param is 2!  】


【  3/4/2017 4:20:49 PM  】【  数据库Close成功  】


【  3/4/2017 4:20:49 PM  】【  ReturnDataSet成功,param is 2!  】


【  3/4/2017 4:20:49 PM  】【  数据库Close成功  】


【  3/4/2017 4:20:49 PM  】【  ReturnDataSet成功,param is 2!  】


【  3/4/2017 4:22:01 PM  】【  数据库Close成功  】


【  3/4/2017 4:22:03 PM  】【  ReturnDataSet成功,param is 2!  】


【  3/4/2017 4:23:15 PM  】【  ReturnDataSet成功,param is 2!  】


【  3/4/2017 4:35:56 PM  】【  ReturnDataSet成功,param is 4!  】


【  3/4/2017 4:36:01 PM  】【  数据库Close成功  】


【  3/4/2017 4:36:01 PM  】【  ReturnDataSet成功,param is 4!  】


【  3/4/2017 4:36:01 PM  】【  数据库Close成功  】


【  3/4/2017 4:36:01 PM  】【  ReturnDataSet成功,param is 2!  】


【  3/4/2017 4:36:01 PM  】【  数据库Close成功  】


【  3/4/2017 4:36:01 PM  】【  ReturnDataSet成功,param is 2!  】


【  3/4/2017 4:36:01 PM  】【  数据库Close成功  】


【  3/4/2017 4:36:01 PM  】【  ReturnDataSet成功,param is 2!  】


【  3/4/2017 4:36:01 PM  】【  数据库Close成功  】


【  3/4/2017 4:36:01 PM  】【  ReturnDataSet成功,param is 2!  】


【  3/4/2017 4:36:05 PM  】【  数据库Close成功  】


【  3/4/2017 4:36:05 PM  】【  ReturnDataSet成功,param is 2!  】


【  3/4/2017 4:36:06 PM  】【  数据库Close成功  】


【  3/4/2017 4:36:06 PM  】【  ReturnDataSet成功,param is 2!  】


【  3/4/2017 4:36:06 PM  】【  数据库Close成功  】


【  3/4/2017 4:36:06 PM  】【  ReturnDataSet成功,param is 2!  】


【  3/4/2017 4:36:06 PM  】【  数据库Close成功  】


【  3/4/2017 4:36:06 PM  】【  ReturnDataSet成功,param is 2!  】


【  3/4/2017 4:36:06 PM  】【  数据库Close成功  】


【  3/4/2017 4:36:06 PM  】【  ReturnDataSet成功,param is 2!  】


【  3/4/2017 4:36:06 PM  】【  数据库Close成功  】


【  3/4/2017 4:36:06 PM  】【  ReturnDataSet成功,param is 2!  】


【  3/4/2017 4:36:06 PM  】【  数据库Close成功  】


【  3/4/2017 4:36:06 PM  】【  ReturnDataSet成功,param is 2!  】


【  3/4/2017 4:36:06 PM  】【  数据库Close成功  】


【  3/4/2017 4:36:06 PM  】【  ReturnDataSet成功,param is 2!  】


【  3/4/2017 4:36:06 PM  】【  数据库Close成功  】


【  3/4/2017 4:36:06 PM  】【  ReturnDataSet成功,param is 2!  】


【  3/4/2017 4:36:06 PM  】【  数据库Close成功  】


【  3/4/2017 4:36:06 PM  】【  ReturnDataSet成功,param is 2!  】


【  3/4/2017 4:36:06 PM  】【  数据库Close成功  】


【  3/4/2017 4:36:06 PM  】【  ReturnDataSet成功,param is 2!  】


【  3/4/2017 4:36:06 PM  】【  数据库Close成功  】


【  3/4/2017 4:36:06 PM  】【  ReturnDataSet成功,param is 2!  】


【  3/4/2017 4:36:06 PM  】【  数据库Close成功  】


【  3/4/2017 4:36:06 PM  】【  ReturnDataSet成功,param is 2!  】


【  3/4/2017 4:42:26 PM  】【  ReturnDataSet成功,param is 2!  】


【  3/4/2017 4:42:27 PM  】【  数据库Close成功  】


【  3/4/2017 4:42:27 PM  】【  ReturnDataSet成功,param is 2!  】


【  3/4/2017 4:42:27 PM  】【  数据库Close成功  】


【  3/4/2017 4:42:27 PM  】【  ReturnDataSet成功,param is 2!  】


【  3/4/2017 4:42:27 PM  】【  数据库Close成功  】


【  3/4/2017 4:42:27 PM  】【  ReturnDataSet成功,param is 2!  】


【  3/4/2017 4:42:27 PM  】【  数据库Close成功  】


【  3/4/2017 4:42:27 PM  】【  ReturnDataSet成功,param is 2!  】


【  3/4/2017 4:42:27 PM  】【  数据库Close成功  】


【  3/4/2017 4:42:27 PM  】【  ReturnDataSet成功,param is 2!  】


【  3/4/2017 4:42:27 PM  】【  数据库Close成功  】


【  3/4/2017 4:42:27 PM  】【  ReturnDataSet成功,param is 2!  】


【  3/4/2017 4:42:27 PM  】【  数据库Close成功  】


【  3/4/2017 4:42:27 PM  】【  ReturnDataSet成功,param is 2!  】


【  3/4/2017 4:42:27 PM  】【  数据库Close成功  】


【  3/4/2017 4:42:27 PM  】【  ReturnDataSet成功,param is 2!  】


【  3/4/2017 4:42:28 PM  】【  数据库Close成功  】


【  3/4/2017 4:42:28 PM  】【  ReturnDataSet成功,param is 2!  】


【  3/4/2017 4:42:28 PM  】【  数据库Close成功  】


【  3/4/2017 4:42:28 PM  】【  ReturnDataSet成功,param is 2!  】


【  3/4/2017 4:42:28 PM  】【  数据库Close成功  】


【  3/4/2017 4:42:28 PM  】【  ReturnDataSet成功,param is 2!  】


【  3/4/2017 4:44:08 PM  】【  ReturnDataSet成功,param is 4!  】


【  3/4/2017 4:44:08 PM  】【  数据库Close成功  】


【  3/4/2017 4:44:08 PM  】【  ReturnDataSet成功,param is 2!  】


【  3/4/2017 4:44:08 PM  】【  数据库Close成功  】


【  3/4/2017 4:44:08 PM  】【  ReturnDataSet成功,param is 2!  】


【  3/4/2017 4:44:08 PM  】【  数据库Close成功  】


【  3/4/2017 4:44:08 PM  】【  ReturnDataSet成功,param is 2!  】


【  3/4/2017 4:44:08 PM  】【  数据库Close成功  】


【  3/4/2017 4:44:08 PM  】【  ReturnDataSet成功,param is 2!  】


【  3/4/2017 4:44:11 PM  】【  数据库Close成功  】


【  3/4/2017 4:44:11 PM  】【  ReturnDataSet成功,param is 2!  】


【  3/4/2017 4:44:12 PM  】【  数据库Close成功  】


【  3/4/2017 4:44:12 PM  】【  ReturnDataSet成功,param is 2!  】


【  3/4/2017 4:44:12 PM  】【  数据库Close成功  】


【  3/4/2017 4:44:12 PM  】【  ReturnDataSet成功,param is 2!  】


【  3/4/2017 4:44:12 PM  】【  数据库Close成功  】


【  3/4/2017 4:44:12 PM  】【  ReturnDataSet成功,param is 2!  】


【  3/4/2017 4:44:12 PM  】【  数据库Close成功  】


【  3/4/2017 4:44:12 PM  】【  ReturnDataSet成功,param is 2!  】


【  3/4/2017 4:44:12 PM  】【  数据库Close成功  】


【  3/4/2017 4:44:12 PM  】【  ReturnDataSet成功,param is 2!  】


【  3/4/2017 4:44:12 PM  】【  数据库Close成功  】


【  3/4/2017 4:44:12 PM  】【  ReturnDataSet成功,param is 2!  】


【  3/4/2017 4:44:12 PM  】【  数据库Close成功  】


【  3/4/2017 4:44:12 PM  】【  ReturnDataSet成功,param is 2!  】


【  3/4/2017 4:44:12 PM  】【  数据库Close成功  】


【  3/4/2017 4:44:12 PM  】【  ReturnDataSet成功,param is 2!  】


【  3/4/2017 4:44:12 PM  】【  数据库Close成功  】


【  3/4/2017 4:44:12 PM  】【  ReturnDataSet成功,param is 2!  】


【  3/4/2017 4:44:12 PM  】【  数据库Close成功  】


【  3/4/2017 4:44:12 PM  】【  ReturnDataSet成功,param is 2!  】


【  3/4/2017 4:44:12 PM  】【  数据库Close成功  】


【  3/4/2017 4:44:12 PM  】【  ReturnDataSet成功,param is 2!  】


【  3/4/2017 4:44:13 PM  】【  数据库Close成功  】


【  3/4/2017 4:44:13 PM  】【  ReturnDataSet成功,param is 2!  】


【  3/4/2017 4:44:23 PM  】【  数据库Close成功  】


【  3/4/2017 4:44:23 PM  】【  ReturnDataSet成功,param is 2!  】


【  3/4/2017 4:46:16 PM  】【  ReturnDataSet成功,param is 4!  】


【  3/4/2017 4:46:16 PM  】【  数据库Close成功  】


【  3/4/2017 4:46:16 PM  】【  ReturnDataSet成功,param is 2!  】


【  3/4/2017 4:46:16 PM  】【  数据库Close成功  】


【  3/4/2017 4:46:16 PM  】【  ReturnDataSet成功,param is 2!  】


【  3/4/2017 4:46:16 PM  】【  数据库Close成功  】


【  3/4/2017 4:46:16 PM  】【  ReturnDataSet成功,param is 2!  】


【  3/4/2017 4:46:16 PM  】【  数据库Close成功  】


【  3/4/2017 4:46:16 PM  】【  ReturnDataSet成功,param is 2!  】


【  3/4/2017 4:46:20 PM  】【  数据库Close成功  】


【  3/4/2017 4:46:20 PM  】【  ReturnDataSet成功,param is 2!  】


【  3/4/2017 4:46:21 PM  】【  数据库Close成功  】


【  3/4/2017 4:46:21 PM  】【  ReturnDataSet成功,param is 2!  】


【  3/4/2017 4:46:21 PM  】【  数据库Close成功  】


【  3/4/2017 4:46:21 PM  】【  ReturnDataSet成功,param is 2!  】


【  3/4/2017 4:46:21 PM  】【  数据库Close成功  】


【  3/4/2017 4:46:21 PM  】【  ReturnDataSet成功,param is 2!  】


【  3/4/2017 4:46:21 PM  】【  数据库Close成功  】


【  3/4/2017 4:46:21 PM  】【  ReturnDataSet成功,param is 2!  】


【  3/4/2017 4:46:21 PM  】【  数据库Close成功  】


【  3/4/2017 4:46:21 PM  】【  ReturnDataSet成功,param is 2!  】


【  3/4/2017 4:46:21 PM  】【  数据库Close成功  】


【  3/4/2017 4:46:21 PM  】【  ReturnDataSet成功,param is 2!  】


【  3/4/2017 4:46:21 PM  】【  数据库Close成功  】


【  3/4/2017 4:46:21 PM  】【  ReturnDataSet成功,param is 2!  】


【  3/4/2017 4:46:21 PM  】【  数据库Close成功  】


【  3/4/2017 4:46:21 PM  】【  ReturnDataSet成功,param is 2!  】


【  3/4/2017 4:46:21 PM  】【  数据库Close成功  】


【  3/4/2017 4:46:21 PM  】【  ReturnDataSet成功,param is 2!  】


【  3/4/2017 4:46:21 PM  】【  数据库Close成功  】


【  3/4/2017 4:46:21 PM  】【  ReturnDataSet成功,param is 2!  】


【  3/4/2017 4:46:21 PM  】【  数据库Close成功  】


【  3/4/2017 4:46:21 PM  】【  ReturnDataSet成功,param is 2!  】


【  3/4/2017 4:46:21 PM  】【  数据库Close成功  】


【  3/4/2017 4:46:21 PM  】【  ReturnDataSet成功,param is 2!  】


【  3/4/2017 4:46:32 PM  】【  数据库Close成功  】


【  3/4/2017 4:46:32 PM  】【  ReturnDataSet成功,param is 2!  】


【  3/4/2017 4:46:34 PM  】【  数据库Close成功  】


【  3/4/2017 4:46:34 PM  】【  ReturnDataSet成功,param is 2!  】


【  3/4/2017 4:46:34 PM  】【  数据库Close成功  】


【  3/4/2017 4:46:34 PM  】【  ReturnDataSet成功,param is 2!  】


【  3/4/2017 4:46:34 PM  】【  数据库Close成功  】


【  3/4/2017 4:46:34 PM  】【  ReturnDataSet成功,param is 2!  】


【  3/4/2017 4:46:34 PM  】【  数据库Close成功  】


【  3/4/2017 4:46:34 PM  】【  ReturnDataSet成功,param is 2!  】


【  3/4/2017 4:46:35 PM  】【  数据库Close成功  】


【  3/4/2017 4:46:35 PM  】【  ReturnDataSet成功,param is 2!  】


【  3/4/2017 4:46:37 PM  】【  数据库Close成功  】


【  3/4/2017 4:46:37 PM  】【  ReturnDataSet成功,param is 2!  】


【  3/4/2017 4:46:37 PM  】【  数据库Close成功  】


【  3/4/2017 4:46:37 PM  】【  ReturnDataSet成功,param is 2!  】


【  3/4/2017 4:46:37 PM  】【  数据库Close成功  】


【  3/4/2017 4:46:37 PM  】【  ReturnDataSet成功,param is 2!  】


【  3/4/2017 4:46:37 PM  】【  数据库Close成功  】


【  3/4/2017 4:46:38 PM  】【  ReturnDataSet成功,param is 2!  】


【  3/4/2017 4:46:40 PM  】【  数据库Close成功  】


【  3/4/2017 4:46:40 PM  】【  ReturnDataSet成功,param is 2!  】


【  3/4/2017 4:48:15 PM  】【  数据库Close成功  】


【  3/4/2017 4:48:15 PM  】【  ReturnDataSet成功,param is 2!  】


【  3/4/2017 4:48:15 PM  】【  数据库Close成功  】


【  3/4/2017 4:48:15 PM  】【  ReturnDataSet成功,param is 2!  】


【  3/4/2017 4:48:15 PM  】【  数据库Close成功  】


【  3/4/2017 4:48:15 PM  】【  ReturnDataSet成功,param is 2!  】


【  3/4/2017 4:48:36 PM  】【  数据库Close成功  】


【  3/4/2017 4:48:36 PM  】【  ReturnDataSet成功,param is 2!  】


【  3/4/2017 4:48:36 PM  】【  数据库Close成功  】


【  3/4/2017 4:48:36 PM  】【  ReturnDataSet成功,param is 2!  】


【  3/4/2017 4:48:36 PM  】【  数据库Close成功  】


【  3/4/2017 4:48:36 PM  】【  ReturnDataSet成功,param is 2!  】


【  3/4/2017 4:48:36 PM  】【  数据库Close成功  】


【  3/4/2017 4:48:36 PM  】【  数据库Close成功  】


【  3/4/2017 4:48:36 PM  】【  ExecuteNonQuery成功,Num:1  】


【  3/4/2017 4:48:36 PM  】【  数据库Close成功  】


【  3/4/2017 4:48:36 PM  】【  ReturnDataSet成功,param is 2!  】


【  3/4/2017 4:48:36 PM  】【  数据库Close成功  】


【  3/4/2017 4:48:36 PM  】【  ReturnDataSet成功,param is 2!  】


【  3/4/2017 4:48:39 PM  】【  数据库Close成功  】


【  3/4/2017 4:48:39 PM  】【  ExecuteNonQuery成功,Num:1  】


【  3/4/2017 4:48:39 PM  】【  数据库Close成功  】


【  3/4/2017 4:48:39 PM  】【  ExecuteNonQuery成功,Num:1  】


【  3/4/2017 4:48:40 PM  】【  数据库Close成功  】


【  3/4/2017 4:48:40 PM  】【  ExecuteNonQuery成功,Num:1  】


【  3/4/2017 4:48:40 PM  】【  数据库Close成功  】


【  3/4/2017 4:48:41 PM  】【  ExecuteNonQuery成功,Num:1  】


【  3/4/2017 4:48:41 PM  】【  数据库Close成功  】


【  3/4/2017 4:48:41 PM  】【  ExecuteNonQuery成功,Num:1  】


【  3/4/2017 4:48:41 PM  】【  数据库Close成功  】


【  3/4/2017 4:48:42 PM  】【  ExecuteNonQuery成功,Num:1  】


【  3/4/2017 4:48:42 PM  】【  数据库Close成功  】


【  3/4/2017 4:48:43 PM  】【  ExecuteNonQuery成功,Num:1  】


【  3/4/2017 4:48:45 PM  】【  数据库Close成功  】


【  3/4/2017 4:48:45 PM  】【  ExecuteNonQuery成功,Num:1  】


【  3/4/2017 4:48:46 PM  】【  数据库Close成功  】


【  3/4/2017 4:48:46 PM  】【  ExecuteNonQuery成功,Num:1  】


【  3/4/2017 4:48:46 PM  】【  数据库Close成功  】


【  3/4/2017 4:48:46 PM  】【  ExecuteNonQuery成功,Num:1  】


【  3/4/2017 4:48:46 PM  】【  数据库Close成功  】


【  3/4/2017 4:48:46 PM  】【  ExecuteNonQuery成功,Num:1  】


【  3/4/2017 4:48:47 PM  】【  数据库Close成功  】


【  3/4/2017 4:48:47 PM  】【  ExecuteNonQuery成功,Num:1  】


【  3/4/2017 4:48:47 PM  】【  数据库Close成功  】


【  3/4/2017 4:48:48 PM  】【  ExecuteNonQuery成功,Num:1  】


【  3/4/2017 4:48:48 PM  】【  数据库Close成功  】


【  3/4/2017 4:48:48 PM  】【  ExecuteNonQuery成功,Num:1  】


【  3/4/2017 4:48:50 PM  】【  数据库Close成功  】


【  3/4/2017 4:48:51 PM  】【  ExecuteNonQuery成功,Num:1  】


【  3/4/2017 4:48:51 PM  】【  数据库Close成功  】


【  3/4/2017 4:48:51 PM  】【  ExecuteNonQuery成功,Num:1  】


【  3/4/2017 4:48:54 PM  】【  数据库Close成功  】


【  3/4/2017 4:48:54 PM  】【  ExecuteNonQuery成功,Num:1  】


【  3/4/2017 4:48:55 PM  】【  数据库Close成功  】


【  3/4/2017 4:48:55 PM  】【  ExecuteNonQuery成功,Num:1  】


【  3/4/2017 4:48:55 PM  】【  数据库Close成功  】


【  3/4/2017 4:48:55 PM  】【  ExecuteNonQuery成功,Num:1  】


【  3/4/2017 4:48:56 PM  】【  数据库Close成功  】


【  3/4/2017 4:48:56 PM  】【  ExecuteNonQuery成功,Num:1  】


【  3/4/2017 4:48:56 PM  】【  数据库Close成功  】


【  3/4/2017 4:48:56 PM  】【  ExecuteNonQuery成功,Num:1  】


【  3/4/2017 4:48:57 PM  】【  数据库Close成功  】


【  3/4/2017 4:48:57 PM  】【  ExecuteNonQuery成功,Num:1  】


【  3/4/2017 4:48:57 PM  】【  数据库Close成功  】


【  3/4/2017 4:48:57 PM  】【  ExecuteNonQuery成功,Num:1  】


【  3/4/2017 4:48:58 PM  】【  数据库Close成功  】


【  3/4/2017 4:48:58 PM  】【  ExecuteNonQuery成功,Num:1  】


【  3/4/2017 4:48:58 PM  】【  数据库Close成功  】


【  3/4/2017 4:48:58 PM  】【  ExecuteNonQuery成功,Num:1  】


【  3/4/2017 4:48:59 PM  】【  数据库Close成功  】


【  3/4/2017 4:48:59 PM  】【  ExecuteNonQuery成功,Num:1  】


【  3/4/2017 4:49:06 PM  】【  数据库Close成功  】


【  3/4/2017 4:49:06 PM  】【  ReturnDataSet成功,param is 2!  】


【  3/4/2017 4:49:07 PM  】【  数据库Close成功  】


【  3/4/2017 4:49:07 PM  】【  ReturnDataSet成功,param is 2!  】


【  3/4/2017 4:49:07 PM  】【  数据库Close成功  】


【  3/4/2017 4:49:07 PM  】【  ReturnDataSet成功,param is 2!  】


【  3/4/2017 4:49:07 PM  】【  数据库Close成功  】


【  3/4/2017 4:49:07 PM  】【  ReturnDataSet成功,param is 2!  】


【  3/4/2017 4:49:08 PM  】【  数据库Close成功  】


【  3/4/2017 4:49:08 PM  】【  ReturnDataSet成功,param is 2!  】


【  3/4/2017 4:49:08 PM  】【  数据库Close成功  】


【  3/4/2017 4:49:08 PM  】【  ReturnDataSet成功,param is 2!  】


【  3/4/2017 4:49:08 PM  】【  数据库Close成功  】


【  3/4/2017 4:49:08 PM  】【  ReturnDataSet成功,param is 2!  】


【  3/4/2017 4:49:08 PM  】【  数据库Close成功  】


【  3/4/2017 4:49:08 PM  】【  ReturnDataSet成功,param is 2!  】


【  3/4/2017 4:49:09 PM  】【  数据库Close成功  】


【  3/4/2017 4:49:09 PM  】【  ReturnDataSet成功,param is 2!  】


【  3/4/2017 4:49:09 PM  】【  数据库Close成功  】


【  3/4/2017 4:49:09 PM  】【  ReturnDataSet成功,param is 2!  】


【  3/4/2017 4:49:09 PM  】【  数据库Close成功  】


【  3/4/2017 4:49:10 PM  】【  ReturnDataSet成功,param is 2!  】


【  3/4/2017 4:49:10 PM  】【  数据库Close成功  】


【  3/4/2017 4:49:10 PM  】【  ReturnDataSet成功,param is 2!  】


【  3/4/2017 4:49:11 PM  】【  数据库Close成功  】


【  3/4/2017 4:49:11 PM  】【  ReturnDataSet成功,param is 2!  】


【  3/4/2017 4:49:11 PM  】【  数据库Close成功  】


【  3/4/2017 4:49:11 PM  】【  ReturnDataSet成功,param is 2!  】


【  3/4/2017 4:49:11 PM  】【  数据库Close成功  】


【  3/4/2017 4:49:11 PM  】【  ReturnDataSet成功,param is 2!  】


【  3/4/2017 4:49:11 PM  】【  数据库Close成功  】


【  3/4/2017 4:49:11 PM  】【  ReturnDataSet成功,param is 2!  】


【  3/4/2017 4:49:13 PM  】【  数据库Close成功  】


【  3/4/2017 4:49:13 PM  】【  ReturnDataSet成功,param is 2!  】


【  3/4/2017 4:49:14 PM  】【  数据库Close成功  】


【  3/4/2017 4:49:14 PM  】【  ReturnDataSet成功,param is 2!  】


【  3/4/2017 4:49:14 PM  】【  数据库Close成功  】


【  3/4/2017 4:49:14 PM  】【  ReturnDataSet成功,param is 2!  】


【  3/4/2017 4:49:14 PM  】【  数据库Close成功  】


【  3/4/2017 4:49:14 PM  】【  ReturnDataSet成功,param is 2!  】


【  3/4/2017 4:49:14 PM  】【  数据库Close成功  】


【  3/4/2017 4:49:14 PM  】【  ReturnDataSet成功,param is 2!  】


【  3/4/2017 4:49:15 PM  】【  数据库Close成功  】


【  3/4/2017 4:49:15 PM  】【  ReturnDataSet成功,param is 2!  】


【  3/4/2017 4:49:15 PM  】【  数据库Close成功  】


【  3/4/2017 4:49:15 PM  】【  ReturnDataSet成功,param is 2!  】


【  3/4/2017 4:49:15 PM  】【  数据库Close成功  】


【  3/4/2017 4:49:15 PM  】【  ReturnDataSet成功,param is 2!  】


【  3/4/2017 4:49:15 PM  】【  数据库Close成功  】


【  3/4/2017 4:49:15 PM  】【  ReturnDataSet成功,param is 2!  】


【  3/4/2017 4:49:15 PM  】【  数据库Close成功  】


【  3/4/2017 4:49:15 PM  】【  ReturnDataSet成功,param is 2!  】


【  3/4/2017 4:49:16 PM  】【  数据库Close成功  】


【  3/4/2017 4:49:16 PM  】【  ReturnDataSet成功,param is 2!  】


【  3/4/2017 4:49:19 PM  】【  数据库Close成功  】


【  3/4/2017 4:49:19 PM  】【  ReturnDataSet成功,param is 2!  】


【  3/4/2017 4:49:19 PM  】【  数据库Close成功  】


【  3/4/2017 4:49:19 PM  】【  ReturnDataSet成功,param is 2!  】


【  3/4/2017 4:49:19 PM  】【  数据库Close成功  】


【  3/4/2017 4:49:19 PM  】【  ReturnDataSet成功,param is 2!  】


【  3/4/2017 4:49:29 PM  】【  数据库Close成功  】


【  3/4/2017 4:49:29 PM  】【  ReturnDataSet成功,param is 2!  】


【  3/4/2017 4:49:32 PM  】【  数据库Close成功  】


【  3/4/2017 4:49:32 PM  】【  ReturnDataSet成功,param is 2!  】


【  3/4/2017 4:49:32 PM  】【  数据库Close成功  】


【  3/4/2017 4:49:32 PM  】【  ReturnDataSet成功,param is 2!  】


【  3/4/2017 4:49:32 PM  】【  数据库Close成功  】


【  3/4/2017 4:49:32 PM  】【  ReturnDataSet成功,param is 2!  】


【  3/4/2017 4:49:32 PM  】【  数据库Close成功  】


【  3/4/2017 4:49:33 PM  】【  ReturnDataSet成功,param is 2!  】


【  3/4/2017 4:50:23 PM  】【  数据库Close成功  】


【  3/4/2017 4:50:23 PM  】【  ReturnDataSet成功,param is 2!  】


【  3/4/2017 4:51:13 PM  】【  数据库Close成功  】


【  3/4/2017 4:51:13 PM  】【  ReturnDataSet成功,param is 2!  】


【  3/4/2017 4:51:13 PM  】【  数据库Close成功  】


【  3/4/2017 4:51:13 PM  】【  ReturnDataSet成功,param is 2!  】


【  3/4/2017 4:51:13 PM  】【  数据库Close成功  】


【  3/4/2017 4:51:13 PM  】【  ReturnDataSet成功,param is 2!  】


【  3/4/2017 4:51:15 PM  】【  数据库Close成功  】


【  3/4/2017 4:51:15 PM  】【  ReturnDataSet成功,param is 2!  】


【  3/4/2017 4:51:16 PM  】【  数据库Close成功  】


【  3/4/2017 4:51:16 PM  】【  ReturnDataSet成功,param is 2!  】


【  3/4/2017 4:51:16 PM  】【  数据库Close成功  】


【  3/4/2017 4:51:16 PM  】【  ReturnDataSet成功,param is 2!  】


【  3/4/2017 4:51:16 PM  】【  数据库Close成功  】


【  3/4/2017 4:51:16 PM  】【  ReturnDataSet成功,param is 2!  】


【  3/4/2017 4:51:16 PM  】【  数据库Close成功  】


【  3/4/2017 4:51:16 PM  】【  ReturnDataSet成功,param is 2!  】


【  3/4/2017 4:55:30 PM  】【  ReturnDataSet成功,param is 4!  】


【  3/4/2017 4:55:30 PM  】【  数据库Close成功  】


【  3/4/2017 4:55:30 PM  】【  ReturnDataSet成功,param is 2!  】


【  3/4/2017 4:55:30 PM  】【  数据库Close成功  】


【  3/4/2017 4:55:30 PM  】【  ReturnDataSet成功,param is 2!  】


【  3/4/2017 4:55:30 PM  】【  数据库Close成功  】


【  3/4/2017 4:55:30 PM  】【  ReturnDataSet成功,param is 2!  】


【  3/4/2017 4:55:30 PM  】【  数据库Close成功  】


【  3/4/2017 4:55:30 PM  】【  ReturnDataSet成功,param is 2!  】


【  3/4/2017 4:55:34 PM  】【  数据库Close成功  】


【  3/4/2017 4:55:34 PM  】【  ReturnDataSet成功,param is 2!  】


【  3/4/2017 4:55:35 PM  】【  数据库Close成功  】


【  3/4/2017 4:55:35 PM  】【  ReturnDataSet成功,param is 2!  】


【  3/4/2017 4:55:35 PM  】【  数据库Close成功  】


【  3/4/2017 4:55:35 PM  】【  ReturnDataSet成功,param is 2!  】


【  3/4/2017 4:55:35 PM  】【  数据库Close成功  】


【  3/4/2017 4:55:35 PM  】【  ReturnDataSet成功,param is 2!  】


【  3/4/2017 4:55:35 PM  】【  数据库Close成功  】


【  3/4/2017 4:55:35 PM  】【  ReturnDataSet成功,param is 2!  】


【  3/4/2017 4:55:35 PM  】【  数据库Close成功  】


【  3/4/2017 4:55:35 PM  】【  ReturnDataSet成功,param is 2!  】


【  3/4/2017 4:55:35 PM  】【  数据库Close成功  】


【  3/4/2017 4:55:35 PM  】【  ReturnDataSet成功,param is 2!  】


【  3/4/2017 4:55:35 PM  】【  数据库Close成功  】


【  3/4/2017 4:55:35 PM  】【  ReturnDataSet成功,param is 2!  】


【  3/4/2017 4:55:35 PM  】【  数据库Close成功  】


【  3/4/2017 4:55:35 PM  】【  ReturnDataSet成功,param is 2!  】


【  3/4/2017 4:55:35 PM  】【  数据库Close成功  】


【  3/4/2017 4:55:35 PM  】【  ReturnDataSet成功,param is 2!  】


【  3/4/2017 4:55:35 PM  】【  数据库Close成功  】


【  3/4/2017 4:55:35 PM  】【  ReturnDataSet成功,param is 2!  】


【  3/4/2017 4:55:35 PM  】【  数据库Close成功  】


【  3/4/2017 4:55:35 PM  】【  ReturnDataSet成功,param is 2!  】


【  3/4/2017 4:55:35 PM  】【  数据库Close成功  】


【  3/4/2017 4:55:35 PM  】【  ReturnDataSet成功,param is 2!  】


【  3/4/2017 4:58:34 PM  】【  数据库Close成功  】


【  3/4/2017 4:58:36 PM  】【  ReturnDataSet成功,param is 2!  】


【  3/4/2017 4:58:41 PM  】【  数据库Close成功  】


【  3/4/2017 4:58:47 PM  】【  ReturnDataSet成功,param is 4!  】


【  3/4/2017 4:58:47 PM  】【  数据库Close成功  】


【  3/4/2017 4:58:47 PM  】【  ReturnDataSet成功,param is 2!  】


【  3/4/2017 4:58:47 PM  】【  数据库Close成功  】


【  3/4/2017 4:58:47 PM  】【  ReturnDataSet成功,param is 2!  】


【  3/4/2017 4:58:47 PM  】【  数据库Close成功  】


【  3/4/2017 4:58:47 PM  】【  ReturnDataSet成功,param is 2!  】


【  3/4/2017 4:58:47 PM  】【  数据库Close成功  】


【  3/4/2017 4:58:47 PM  】【  ReturnDataSet成功,param is 2!  】


【  3/4/2017 4:58:50 PM  】【  数据库Close成功  】


【  3/4/2017 4:58:50 PM  】【  ReturnDataSet成功,param is 2!  】


【  3/4/2017 4:58:51 PM  】【  数据库Close成功  】


【  3/4/2017 4:58:51 PM  】【  ReturnDataSet成功,param is 2!  】


【  3/4/2017 4:58:51 PM  】【  数据库Close成功  】


【  3/4/2017 4:58:51 PM  】【  ReturnDataSet成功,param is 2!  】


【  3/4/2017 4:58:51 PM  】【  数据库Close成功  】


【  3/4/2017 4:58:51 PM  】【  ReturnDataSet成功,param is 2!  】


【  3/4/2017 4:58:51 PM  】【  数据库Close成功  】


【  3/4/2017 4:58:51 PM  】【  ReturnDataSet成功,param is 2!  】


【  3/4/2017 4:58:52 PM  】【  数据库Close成功  】


【  3/4/2017 4:58:52 PM  】【  ReturnDataSet成功,param is 2!  】


【  3/4/2017 4:58:52 PM  】【  数据库Close成功  】


【  3/4/2017 4:58:52 PM  】【  ReturnDataSet成功,param is 2!  】


【  3/4/2017 4:58:52 PM  】【  数据库Close成功  】


【  3/4/2017 4:58:52 PM  】【  ReturnDataSet成功,param is 2!  】


【  3/4/2017 4:58:52 PM  】【  数据库Close成功  】


【  3/4/2017 4:58:52 PM  】【  ReturnDataSet成功,param is 2!  】


【  3/4/2017 4:58:52 PM  】【  数据库Close成功  】


【  3/4/2017 4:58:52 PM  】【  ReturnDataSet成功,param is 2!  】


【  3/4/2017 4:58:52 PM  】【  数据库Close成功  】


【  3/4/2017 4:58:52 PM  】【  ReturnDataSet成功,param is 2!  】


【  3/4/2017 4:58:52 PM  】【  数据库Close成功  】


【  3/4/2017 4:58:52 PM  】【  ReturnDataSet成功,param is 2!  】


【  3/4/2017 4:58:52 PM  】【  数据库Close成功  】


【  3/4/2017 4:58:52 PM  】【  ReturnDataSet成功,param is 2!  】


【  3/4/2017 5:06:49 PM  】【  ReturnDataSet成功,param is 2!  】


【  3/4/2017 5:09:38 PM  】【  数据库Close成功  】


【  3/4/2017 5:09:45 PM  】【  ReturnDataSet成功,param is 4!  】


【  3/4/2017 5:09:45 PM  】【  数据库Close成功  】


【  3/4/2017 5:09:45 PM  】【  ReturnDataSet成功,param is 2!  】


【  3/4/2017 5:09:45 PM  】【  数据库Close成功  】


【  3/4/2017 5:09:45 PM  】【  ReturnDataSet成功,param is 2!  】


【  3/4/2017 5:09:45 PM  】【  数据库Close成功  】


【  3/4/2017 5:09:45 PM  】【  ReturnDataSet成功,param is 2!  】


【  3/4/2017 5:09:45 PM  】【  数据库Close成功  】


【  3/4/2017 5:09:45 PM  】【  ReturnDataSet成功,param is 2!  】


【  3/4/2017 5:09:48 PM  】【  数据库Close成功  】


【  3/4/2017 5:09:48 PM  】【  ReturnDataSet成功,param is 2!  】


【  3/4/2017 5:09:49 PM  】【  数据库Close成功  】


【  3/4/2017 5:09:49 PM  】【  ReturnDataSet成功,param is 2!  】


【  3/4/2017 5:09:49 PM  】【  数据库Close成功  】


【  3/4/2017 5:09:49 PM  】【  ReturnDataSet成功,param is 2!  】


【  3/4/2017 5:09:49 PM  】【  数据库Close成功  】


【  3/4/2017 5:09:49 PM  】【  ReturnDataSet成功,param is 2!  】


【  3/4/2017 5:09:49 PM  】【  数据库Close成功  】


【  3/4/2017 5:09:49 PM  】【  ReturnDataSet成功,param is 2!  】


【  3/4/2017 5:09:49 PM  】【  数据库Close成功  】


【  3/4/2017 5:09:49 PM  】【  ReturnDataSet成功,param is 2!  】


【  3/4/2017 5:09:49 PM  】【  数据库Close成功  】


【  3/4/2017 5:09:49 PM  】【  ReturnDataSet成功,param is 2!  】


【  3/4/2017 5:09:49 PM  】【  数据库Close成功  】


【  3/4/2017 5:09:49 PM  】【  ReturnDataSet成功,param is 2!  】


【  3/4/2017 5:09:49 PM  】【  数据库Close成功  】


【  3/4/2017 5:09:49 PM  】【  ReturnDataSet成功,param is 2!  】


【  3/4/2017 5:09:49 PM  】【  数据库Close成功  】


【  3/4/2017 5:09:49 PM  】【  ReturnDataSet成功,param is 2!  】


【  3/4/2017 5:09:50 PM  】【  数据库Close成功  】


【  3/4/2017 5:09:50 PM  】【  ReturnDataSet成功,param is 2!  】


【  3/4/2017 5:09:50 PM  】【  数据库Close成功  】


【  3/4/2017 5:09:50 PM  】【  ReturnDataSet成功,param is 2!  】


【  3/4/2017 5:09:50 PM  】【  数据库Close成功  】


【  3/4/2017 5:09:50 PM  】【  ReturnDataSet成功,param is 2!  】


【  3/4/2017 5:10:24 PM  】【  数据库Close成功  】


【  3/4/2017 5:10:25 PM  】【  ReturnDataSet成功,param is 2!  】


【  3/4/2017 5:11:22 PM  】【  ReturnDataSet成功,param is 4!  】


【  3/4/2017 5:11:22 PM  】【  数据库Close成功  】


【  3/4/2017 5:11:22 PM  】【  ReturnDataSet成功,param is 2!  】


【  3/4/2017 5:11:22 PM  】【  数据库Close成功  】


【  3/4/2017 5:11:22 PM  】【  ReturnDataSet成功,param is 2!  】


【  3/4/2017 5:11:22 PM  】【  数据库Close成功  】


【  3/4/2017 5:11:22 PM  】【  ReturnDataSet成功,param is 2!  】


【  3/4/2017 5:11:22 PM  】【  数据库Close成功  】


【  3/4/2017 5:11:22 PM  】【  ReturnDataSet成功,param is 2!  】


【  3/4/2017 5:11:25 PM  】【  数据库Close成功  】


【  3/4/2017 5:11:25 PM  】【  ReturnDataSet成功,param is 2!  】


【  3/4/2017 5:11:26 PM  】【  数据库Close成功  】


【  3/4/2017 5:11:26 PM  】【  ReturnDataSet成功,param is 2!  】


【  3/4/2017 5:11:26 PM  】【  数据库Close成功  】


【  3/4/2017 5:11:26 PM  】【  ReturnDataSet成功,param is 2!  】


【  3/4/2017 5:11:26 PM  】【  数据库Close成功  】


【  3/4/2017 5:11:26 PM  】【  ReturnDataSet成功,param is 2!  】


【  3/4/2017 5:11:26 PM  】【  数据库Close成功  】


【  3/4/2017 5:11:26 PM  】【  ReturnDataSet成功,param is 2!  】


【  3/4/2017 5:11:26 PM  】【  数据库Close成功  】


【  3/4/2017 5:11:26 PM  】【  ReturnDataSet成功,param is 2!  】


【  3/4/2017 5:11:26 PM  】【  数据库Close成功  】


【  3/4/2017 5:11:26 PM  】【  ReturnDataSet成功,param is 2!  】


【  3/4/2017 5:11:26 PM  】【  数据库Close成功  】


【  3/4/2017 5:11:26 PM  】【  ReturnDataSet成功,param is 2!  】


【  3/4/2017 5:11:26 PM  】【  数据库Close成功  】


【  3/4/2017 5:11:26 PM  】【  ReturnDataSet成功,param is 2!  】


【  3/4/2017 5:11:26 PM  】【  数据库Close成功  】


【  3/4/2017 5:11:26 PM  】【  ReturnDataSet成功,param is 2!  】


【  3/4/2017 5:11:26 PM  】【  数据库Close成功  】


【  3/4/2017 5:11:27 PM  】【  ReturnDataSet成功,param is 2!  】


【  3/4/2017 5:11:27 PM  】【  数据库Close成功  】


【  3/4/2017 5:11:27 PM  】【  ReturnDataSet成功,param is 2!  】


【  3/4/2017 5:11:27 PM  】【  数据库Close成功  】


【  3/4/2017 5:11:27 PM  】【  ReturnDataSet成功,param is 2!  】


【  3/4/2017 5:17:47 PM  】【  数据库Close成功  】


【  3/4/2017 5:17:48 PM  】【  ReturnDataSet成功,param is 2!  】


【  3/4/2017 5:21:27 PM  】【  ReturnDataSet成功,param is 4!  】


【  3/4/2017 5:21:27 PM  】【  数据库Close成功  】


【  3/4/2017 5:21:27 PM  】【  ReturnDataSet成功,param is 2!  】


【  3/4/2017 5:21:27 PM  】【  数据库Close成功  】


【  3/4/2017 5:21:27 PM  】【  ReturnDataSet成功,param is 2!  】


【  3/4/2017 5:21:27 PM  】【  数据库Close成功  】


【  3/4/2017 5:21:27 PM  】【  ReturnDataSet成功,param is 2!  】


【  3/4/2017 5:21:27 PM  】【  数据库Close成功  】


【  3/4/2017 5:21:27 PM  】【  ReturnDataSet成功,param is 2!  】


【  3/4/2017 5:21:30 PM  】【  数据库Close成功  】


【  3/4/2017 5:21:30 PM  】【  ReturnDataSet成功,param is 2!  】


【  3/4/2017 5:21:31 PM  】【  数据库Close成功  】


【  3/4/2017 5:21:31 PM  】【  ReturnDataSet成功,param is 2!  】


【  3/4/2017 5:21:31 PM  】【  数据库Close成功  】


【  3/4/2017 5:21:31 PM  】【  ReturnDataSet成功,param is 2!  】


【  3/4/2017 5:21:31 PM  】【  数据库Close成功  】


【  3/4/2017 5:21:31 PM  】【  ReturnDataSet成功,param is 2!  】


【  3/4/2017 5:21:31 PM  】【  数据库Close成功  】


【  3/4/2017 5:21:31 PM  】【  ReturnDataSet成功,param is 2!  】


【  3/4/2017 5:21:31 PM  】【  数据库Close成功  】


【  3/4/2017 5:21:31 PM  】【  ReturnDataSet成功,param is 2!  】


【  3/4/2017 5:21:31 PM  】【  数据库Close成功  】


【  3/4/2017 5:21:31 PM  】【  ReturnDataSet成功,param is 2!  】


【  3/4/2017 5:21:31 PM  】【  数据库Close成功  】


【  3/4/2017 5:21:31 PM  】【  ReturnDataSet成功,param is 2!  】


【  3/4/2017 5:21:31 PM  】【  数据库Close成功  】


【  3/4/2017 5:21:31 PM  】【  ReturnDataSet成功,param is 2!  】


【  3/4/2017 5:21:31 PM  】【  数据库Close成功  】


【  3/4/2017 5:21:31 PM  】【  ReturnDataSet成功,param is 2!  】


【  3/4/2017 5:21:31 PM  】【  数据库Close成功  】


【  3/4/2017 5:21:31 PM  】【  ReturnDataSet成功,param is 2!  】


【  3/4/2017 5:21:31 PM  】【  数据库Close成功  】


【  3/4/2017 5:21:31 PM  】【  ReturnDataSet成功,param is 2!  】


【  3/4/2017 5:21:31 PM  】【  数据库Close成功  】


【  3/4/2017 5:21:31 PM  】【  ReturnDataSet成功,param is 2!  】


【  3/4/2017 5:29:50 PM  】【  数据库Close成功  】


【  3/4/2017 5:29:51 PM  】【  ReturnDataSet成功,param is 2!  】


【  3/4/2017 5:30:04 PM  】【  数据库Close成功  】


【  3/4/2017 5:30:11 PM  】【  ReturnDataSet成功,param is 4!  】


【  3/4/2017 5:30:11 PM  】【  数据库Close成功  】


【  3/4/2017 5:30:11 PM  】【  ReturnDataSet成功,param is 2!  】


【  3/4/2017 5:30:11 PM  】【  数据库Close成功  】


【  3/4/2017 5:30:11 PM  】【  ReturnDataSet成功,param is 2!  】


【  3/4/2017 5:30:11 PM  】【  数据库Close成功  】


【  3/4/2017 5:30:11 PM  】【  ReturnDataSet成功,param is 2!  】


【  3/4/2017 5:30:11 PM  】【  数据库Close成功  】


【  3/4/2017 5:30:11 PM  】【  ReturnDataSet成功,param is 2!  】


【  3/4/2017 5:30:14 PM  】【  数据库Close成功  】


【  3/4/2017 5:30:14 PM  】【  ReturnDataSet成功,param is 2!  】


【  3/4/2017 5:30:15 PM  】【  数据库Close成功  】


【  3/4/2017 5:30:15 PM  】【  ReturnDataSet成功,param is 2!  】


【  3/4/2017 5:30:15 PM  】【  数据库Close成功  】


【  3/4/2017 5:30:15 PM  】【  ReturnDataSet成功,param is 2!  】


【  3/4/2017 5:30:15 PM  】【  数据库Close成功  】


【  3/4/2017 5:30:15 PM  】【  ReturnDataSet成功,param is 2!  】


【  3/4/2017 5:30:15 PM  】【  数据库Close成功  】


【  3/4/2017 5:30:15 PM  】【  ReturnDataSet成功,param is 2!  】


【  3/4/2017 5:30:15 PM  】【  数据库Close成功  】


【  3/4/2017 5:30:15 PM  】【  ReturnDataSet成功,param is 2!  】


【  3/4/2017 5:30:15 PM  】【  数据库Close成功  】


【  3/4/2017 5:30:15 PM  】【  ReturnDataSet成功,param is 2!  】


【  3/4/2017 5:30:15 PM  】【  数据库Close成功  】


【  3/4/2017 5:30:15 PM  】【  ReturnDataSet成功,param is 2!  】


【  3/4/2017 5:30:15 PM  】【  数据库Close成功  】


【  3/4/2017 5:30:15 PM  】【  ReturnDataSet成功,param is 2!  】


【  3/4/2017 5:30:15 PM  】【  数据库Close成功  】


【  3/4/2017 5:30:15 PM  】【  ReturnDataSet成功,param is 2!  】


【  3/4/2017 5:30:15 PM  】【  数据库Close成功  】


【  3/4/2017 5:30:15 PM  】【  ReturnDataSet成功,param is 2!  】


【  3/4/2017 5:30:15 PM  】【  数据库Close成功  】


【  3/4/2017 5:30:15 PM  】【  ReturnDataSet成功,param is 2!  】


【  3/4/2017 5:30:16 PM  】【  数据库Close成功  】


【  3/4/2017 5:30:16 PM  】【  ReturnDataSet成功,param is 2!  】


【  3/4/2017 5:44:55 PM  】【  ReturnDataSet成功,param is 2!  】


【  3/4/2017 5:44:58 PM  】【  数据库Close成功  】


【  3/4/2017 5:45:11 PM  】【  ReturnDataSet成功,param is 4!  】


【  3/4/2017 5:45:11 PM  】【  数据库Close成功  】


【  3/4/2017 5:45:11 PM  】【  ReturnDataSet成功,param is 2!  】


【  3/4/2017 5:45:11 PM  】【  数据库Close成功  】


【  3/4/2017 5:45:11 PM  】【  ReturnDataSet成功,param is 2!  】


【  3/4/2017 5:45:11 PM  】【  数据库Close成功  】


【  3/4/2017 5:45:11 PM  】【  ReturnDataSet成功,param is 2!  】


【  3/4/2017 5:45:11 PM  】【  数据库Close成功  】


【  3/4/2017 5:45:11 PM  】【  ReturnDataSet成功,param is 2!  】


【  3/4/2017 5:45:14 PM  】【  数据库Close成功  】


【  3/4/2017 5:45:14 PM  】【  ReturnDataSet成功,param is 2!  】


【  3/4/2017 5:45:15 PM  】【  数据库Close成功  】


【  3/4/2017 5:45:15 PM  】【  ReturnDataSet成功,param is 2!  】


【  3/4/2017 5:45:15 PM  】【  数据库Close成功  】


【  3/4/2017 5:45:15 PM  】【  ReturnDataSet成功,param is 2!  】


【  3/4/2017 5:45:15 PM  】【  数据库Close成功  】


【  3/4/2017 5:45:15 PM  】【  ReturnDataSet成功,param is 2!  】


【  3/4/2017 5:45:15 PM  】【  数据库Close成功  】


【  3/4/2017 5:45:15 PM  】【  ReturnDataSet成功,param is 2!  】


【  3/4/2017 5:45:15 PM  】【  数据库Close成功  】


【  3/4/2017 5:45:15 PM  】【  ReturnDataSet成功,param is 2!  】


【  3/4/2017 5:45:15 PM  】【  数据库Close成功  】


【  3/4/2017 5:45:15 PM  】【  ReturnDataSet成功,param is 2!  】


【  3/4/2017 5:45:15 PM  】【  数据库Close成功  】


【  3/4/2017 5:45:15 PM  】【  ReturnDataSet成功,param is 2!  】


【  3/4/2017 5:45:15 PM  】【  数据库Close成功  】


【  3/4/2017 5:45:15 PM  】【  ReturnDataSet成功,param is 2!  】


【  3/4/2017 5:45:15 PM  】【  数据库Close成功  】


【  3/4/2017 5:45:15 PM  】【  ReturnDataSet成功,param is 2!  】


【  3/4/2017 5:45:15 PM  】【  数据库Close成功  】


【  3/4/2017 5:45:15 PM  】【  ReturnDataSet成功,param is 2!  】


【  3/4/2017 5:45:15 PM  】【  数据库Close成功  】


【  3/4/2017 5:45:15 PM  】【  ReturnDataSet成功,param is 2!  】


【  3/4/2017 5:45:15 PM  】【  数据库Close成功  】


【  3/4/2017 5:45:15 PM  】【  ReturnDataSet成功,param is 2!  】


【  3/4/2017 5:45:49 PM  】【  ReturnDataSet成功,param is 4!  】


【  3/4/2017 5:45:49 PM  】【  数据库Close成功  】


【  3/4/2017 5:45:49 PM  】【  ReturnDataSet成功,param is 2!  】


【  3/4/2017 5:45:49 PM  】【  数据库Close成功  】


【  3/4/2017 5:45:49 PM  】【  ReturnDataSet成功,param is 2!  】


【  3/4/2017 5:45:49 PM  】【  数据库Close成功  】


【  3/4/2017 5:45:49 PM  】【  ReturnDataSet成功,param is 2!  】


【  3/4/2017 5:45:49 PM  】【  数据库Close成功  】


【  3/4/2017 5:45:49 PM  】【  ReturnDataSet成功,param is 2!  】


【  3/4/2017 5:45:52 PM  】【  数据库Close成功  】


【  3/4/2017 5:45:52 PM  】【  ReturnDataSet成功,param is 2!  】


【  3/4/2017 5:45:53 PM  】【  数据库Close成功  】


【  3/4/2017 5:45:53 PM  】【  ReturnDataSet成功,param is 2!  】


【  3/4/2017 5:45:53 PM  】【  数据库Close成功  】


【  3/4/2017 5:45:53 PM  】【  ReturnDataSet成功,param is 2!  】


【  3/4/2017 5:45:53 PM  】【  数据库Close成功  】


【  3/4/2017 5:45:53 PM  】【  ReturnDataSet成功,param is 2!  】


【  3/4/2017 5:45:53 PM  】【  数据库Close成功  】


【  3/4/2017 5:45:53 PM  】【  ReturnDataSet成功,param is 2!  】


【  3/4/2017 5:45:53 PM  】【  数据库Close成功  】


【  3/4/2017 5:45:53 PM  】【  ReturnDataSet成功,param is 2!  】


【  3/4/2017 5:45:53 PM  】【  数据库Close成功  】


【  3/4/2017 5:45:53 PM  】【  ReturnDataSet成功,param is 2!  】


【  3/4/2017 5:45:53 PM  】【  数据库Close成功  】


【  3/4/2017 5:45:53 PM  】【  ReturnDataSet成功,param is 2!  】


【  3/4/2017 5:45:53 PM  】【  数据库Close成功  】


【  3/4/2017 5:45:53 PM  】【  ReturnDataSet成功,param is 2!  】


【  3/4/2017 5:45:53 PM  】【  数据库Close成功  】


【  3/4/2017 5:45:53 PM  】【  ReturnDataSet成功,param is 2!  】


【  3/4/2017 5:45:53 PM  】【  数据库Close成功  】


【  3/4/2017 5:45:53 PM  】【  ReturnDataSet成功,param is 2!  】


【  3/4/2017 5:45:53 PM  】【  数据库Close成功  】


【  3/4/2017 5:45:53 PM  】【  ReturnDataSet成功,param is 2!  】


【  3/4/2017 5:45:53 PM  】【  数据库Close成功  】


【  3/4/2017 5:45:53 PM  】【  ReturnDataSet成功,param is 2!  】


【  3/4/2017 5:47:47 PM  】【  ReturnDataSet成功,param is 2!  】


【  3/4/2017 5:49:23 PM  】【  ReturnDataSet成功,param is 2!  】


【  3/4/2017 5:49:24 PM  】【  数据库Close成功  】


【  3/4/2017 5:49:32 PM  】【  ReturnDataSet成功,param is 4!  】


【  3/4/2017 5:49:32 PM  】【  数据库Close成功  】


【  3/4/2017 5:49:32 PM  】【  ReturnDataSet成功,param is 2!  】


【  3/4/2017 5:49:32 PM  】【  数据库Close成功  】


【  3/4/2017 5:49:32 PM  】【  ReturnDataSet成功,param is 2!  】


【  3/4/2017 5:49:32 PM  】【  数据库Close成功  】


【  3/4/2017 5:49:32 PM  】【  ReturnDataSet成功,param is 2!  】


【  3/4/2017 5:49:32 PM  】【  数据库Close成功  】


【  3/4/2017 5:49:32 PM  】【  ReturnDataSet成功,param is 2!  】


【  3/4/2017 5:49:35 PM  】【  数据库Close成功  】


【  3/4/2017 5:49:35 PM  】【  ReturnDataSet成功,param is 2!  】


【  3/4/2017 5:49:36 PM  】【  数据库Close成功  】


【  3/4/2017 5:49:36 PM  】【  ReturnDataSet成功,param is 2!  】


【  3/4/2017 5:49:36 PM  】【  数据库Close成功  】


【  3/4/2017 5:49:36 PM  】【  ReturnDataSet成功,param is 2!  】


【  3/4/2017 5:49:36 PM  】【  数据库Close成功  】


【  3/4/2017 5:49:36 PM  】【  ReturnDataSet成功,param is 2!  】


【  3/4/2017 5:49:36 PM  】【  数据库Close成功  】


【  3/4/2017 5:49:36 PM  】【  ReturnDataSet成功,param is 2!  】


【  3/4/2017 5:49:36 PM  】【  数据库Close成功  】


【  3/4/2017 5:49:37 PM  】【  ReturnDataSet成功,param is 2!  】


【  3/4/2017 5:49:37 PM  】【  数据库Close成功  】


【  3/4/2017 5:49:37 PM  】【  ReturnDataSet成功,param is 2!  】


【  3/4/2017 5:49:37 PM  】【  数据库Close成功  】


【  3/4/2017 5:49:37 PM  】【  ReturnDataSet成功,param is 2!  】


【  3/4/2017 5:49:37 PM  】【  数据库Close成功  】


【  3/4/2017 5:49:37 PM  】【  ReturnDataSet成功,param is 2!  】


【  3/4/2017 5:49:37 PM  】【  数据库Close成功  】


【  3/4/2017 5:49:37 PM  】【  ReturnDataSet成功,param is 2!  】


【  3/4/2017 5:49:37 PM  】【  数据库Close成功  】


【  3/4/2017 5:49:37 PM  】【  ReturnDataSet成功,param is 2!  】


【  3/4/2017 5:49:37 PM  】【  数据库Close成功  】


【  3/4/2017 5:49:37 PM  】【  ReturnDataSet成功,param is 2!  】


【  3/4/2017 5:49:37 PM  】【  数据库Close成功  】


【  3/4/2017 5:49:37 PM  】【  ReturnDataSet成功,param is 2!  】


【  3/4/2017 5:50:57 PM  】【  数据库Close成功  】


【  3/4/2017 5:50:59 PM  】【  ReturnDataSet成功,param is 2!  】


【  3/4/2017 5:51:00 PM  】【  数据库Close成功  】


【  3/4/2017 5:51:06 PM  】【  ReturnDataSet成功,param is 4!  】


【  3/4/2017 5:51:06 PM  】【  数据库Close成功  】


【  3/4/2017 5:51:06 PM  】【  ReturnDataSet成功,param is 2!  】


【  3/4/2017 5:51:06 PM  】【  数据库Close成功  】


【  3/4/2017 5:51:06 PM  】【  ReturnDataSet成功,param is 2!  】


【  3/4/2017 5:51:06 PM  】【  数据库Close成功  】


【  3/4/2017 5:51:06 PM  】【  ReturnDataSet成功,param is 2!  】


【  3/4/2017 5:51:06 PM  】【  数据库Close成功  】


【  3/4/2017 5:51:06 PM  】【  ReturnDataSet成功,param is 2!  】


【  3/4/2017 5:51:10 PM  】【  数据库Close成功  】


【  3/4/2017 5:51:10 PM  】【  ReturnDataSet成功,param is 2!  】


【  3/4/2017 5:51:11 PM  】【  数据库Close成功  】


【  3/4/2017 5:51:11 PM  】【  ReturnDataSet成功,param is 2!  】


【  3/4/2017 5:51:11 PM  】【  数据库Close成功  】


【  3/4/2017 5:51:11 PM  】【  ReturnDataSet成功,param is 2!  】


【  3/4/2017 5:51:11 PM  】【  数据库Close成功  】


【  3/4/2017 5:51:11 PM  】【  ReturnDataSet成功,param is 2!  】


【  3/4/2017 5:51:11 PM  】【  数据库Close成功  】


【  3/4/2017 5:51:11 PM  】【  ReturnDataSet成功,param is 2!  】


【  3/4/2017 5:51:11 PM  】【  数据库Close成功  】


【  3/4/2017 5:51:11 PM  】【  ReturnDataSet成功,param is 2!  】


【  3/4/2017 5:51:11 PM  】【  数据库Close成功  】


【  3/4/2017 5:51:11 PM  】【  ReturnDataSet成功,param is 2!  】


【  3/4/2017 5:51:11 PM  】【  数据库Close成功  】


【  3/4/2017 5:51:11 PM  】【  ReturnDataSet成功,param is 2!  】


【  3/4/2017 5:51:11 PM  】【  数据库Close成功  】


【  3/4/2017 5:51:11 PM  】【  ReturnDataSet成功,param is 2!  】


【  3/4/2017 5:51:11 PM  】【  数据库Close成功  】


【  3/4/2017 5:51:11 PM  】【  ReturnDataSet成功,param is 2!  】


【  3/4/2017 5:51:11 PM  】【  数据库Close成功  】


【  3/4/2017 5:51:11 PM  】【  ReturnDataSet成功,param is 2!  】


【  3/4/2017 5:51:11 PM  】【  数据库Close成功  】


【  3/4/2017 5:51:11 PM  】【  ReturnDataSet成功,param is 2!  】


【  3/4/2017 5:51:11 PM  】【  数据库Close成功  】


【  3/4/2017 5:51:11 PM  】【  ReturnDataSet成功,param is 2!  】


【  3/4/2017 5:58:48 PM  】【  ReturnDataSet成功,param is 2!  】


【  3/4/2017 5:59:12 PM  】【  ReturnDataSet成功,param is 4!  】


【  3/4/2017 5:59:12 PM  】【  数据库Close成功  】


【  3/4/2017 5:59:12 PM  】【  ReturnDataSet成功,param is 2!  】


【  3/4/2017 5:59:12 PM  】【  数据库Close成功  】


【  3/4/2017 5:59:12 PM  】【  ReturnDataSet成功,param is 2!  】


【  3/4/2017 5:59:12 PM  】【  数据库Close成功  】


【  3/4/2017 5:59:12 PM  】【  ReturnDataSet成功,param is 2!  】


【  3/4/2017 5:59:12 PM  】【  数据库Close成功  】


【  3/4/2017 5:59:12 PM  】【  ReturnDataSet成功,param is 2!  】


【  3/4/2017 5:59:15 PM  】【  数据库Close成功  】


【  3/4/2017 5:59:15 PM  】【  ReturnDataSet成功,param is 2!  】


【  3/4/2017 5:59:16 PM  】【  数据库Close成功  】


【  3/4/2017 5:59:16 PM  】【  ReturnDataSet成功,param is 2!  】


【  3/4/2017 5:59:16 PM  】【  数据库Close成功  】


【  3/4/2017 5:59:16 PM  】【  ReturnDataSet成功,param is 2!  】


【  3/4/2017 5:59:16 PM  】【  数据库Close成功  】


【  3/4/2017 5:59:16 PM  】【  ReturnDataSet成功,param is 2!  】


【  3/4/2017 5:59:16 PM  】【  数据库Close成功  】


【  3/4/2017 5:59:16 PM  】【  ReturnDataSet成功,param is 2!  】


【  3/4/2017 5:59:16 PM  】【  数据库Close成功  】


【  3/4/2017 5:59:16 PM  】【  ReturnDataSet成功,param is 2!  】


【  3/4/2017 5:59:16 PM  】【  数据库Close成功  】


【  3/4/2017 5:59:16 PM  】【  ReturnDataSet成功,param is 2!  】


【  3/4/2017 5:59:16 PM  】【  数据库Close成功  】


【  3/4/2017 5:59:16 PM  】【  ReturnDataSet成功,param is 2!  】


【  3/4/2017 5:59:17 PM  】【  数据库Close成功  】


【  3/4/2017 5:59:17 PM  】【  ReturnDataSet成功,param is 2!  】


【  3/4/2017 5:59:17 PM  】【  数据库Close成功  】


【  3/4/2017 5:59:17 PM  】【  ReturnDataSet成功,param is 2!  】


【  3/4/2017 5:59:17 PM  】【  数据库Close成功  】


【  3/4/2017 5:59:17 PM  】【  ReturnDataSet成功,param is 2!  】


【  3/4/2017 5:59:17 PM  】【  数据库Close成功  】


【  3/4/2017 5:59:17 PM  】【  ReturnDataSet成功,param is 2!  】


【  3/4/2017 5:59:17 PM  】【  数据库Close成功  】


【  3/4/2017 5:59:17 PM  】【  ReturnDataSet成功,param is 2!  】


【  3/4/2017 6:00:20 PM  】【  ReturnDataSet成功,param is 2!  】


【  3/4/2017 6:00:34 PM  】【  ReturnDataSet成功,param is 2!  】


【  3/4/2017 6:04:32 PM  】【  ReturnDataSet成功,param is 4!  】


【  3/4/2017 6:04:32 PM  】【  数据库Close成功  】


【  3/4/2017 6:04:32 PM  】【  ReturnDataSet成功,param is 2!  】


【  3/4/2017 6:04:32 PM  】【  数据库Close成功  】


【  3/4/2017 6:04:32 PM  】【  ReturnDataSet成功,param is 2!  】


【  3/4/2017 6:04:32 PM  】【  数据库Close成功  】


【  3/4/2017 6:04:32 PM  】【  ReturnDataSet成功,param is 2!  】


【  3/4/2017 6:04:32 PM  】【  数据库Close成功  】


【  3/4/2017 6:04:32 PM  】【  ReturnDataSet成功,param is 2!  】


【  3/4/2017 6:04:35 PM  】【  数据库Close成功  】


【  3/4/2017 6:04:35 PM  】【  ReturnDataSet成功,param is 2!  】


【  3/4/2017 6:04:36 PM  】【  数据库Close成功  】


【  3/4/2017 6:04:36 PM  】【  ReturnDataSet成功,param is 2!  】


【  3/4/2017 6:04:36 PM  】【  数据库Close成功  】


【  3/4/2017 6:04:36 PM  】【  ReturnDataSet成功,param is 2!  】


【  3/4/2017 6:04:36 PM  】【  数据库Close成功  】


【  3/4/2017 6:04:36 PM  】【  ReturnDataSet成功,param is 2!  】


【  3/4/2017 6:04:36 PM  】【  数据库Close成功  】


【  3/4/2017 6:04:36 PM  】【  ReturnDataSet成功,param is 2!  】


【  3/4/2017 6:04:36 PM  】【  数据库Close成功  】


【  3/4/2017 6:04:36 PM  】【  ReturnDataSet成功,param is 2!  】


【  3/4/2017 6:04:36 PM  】【  数据库Close成功  】


【  3/4/2017 6:04:36 PM  】【  ReturnDataSet成功,param is 2!  】


【  3/4/2017 6:04:36 PM  】【  数据库Close成功  】


【  3/4/2017 6:04:36 PM  】【  ReturnDataSet成功,param is 2!  】


【  3/4/2017 6:04:36 PM  】【  数据库Close成功  】


【  3/4/2017 6:04:36 PM  】【  ReturnDataSet成功,param is 2!  】


【  3/4/2017 6:04:36 PM  】【  数据库Close成功  】


【  3/4/2017 6:04:36 PM  】【  ReturnDataSet成功,param is 2!  】


【  3/4/2017 6:04:36 PM  】【  数据库Close成功  】


【  3/4/2017 6:04:36 PM  】【  ReturnDataSet成功,param is 2!  】


【  3/4/2017 6:04:36 PM  】【  数据库Close成功  】


【  3/4/2017 6:04:36 PM  】【  ReturnDataSet成功,param is 2!  】


【  3/4/2017 6:04:36 PM  】【  数据库Close成功  】


【  3/4/2017 6:04:36 PM  】【  ReturnDataSet成功,param is 2!  】


【  3/4/2017 6:09:08 PM  】【  ReturnDataSet成功,param is 2!  】


【  3/4/2017 6:11:43 PM  】【  ReturnDataSet成功,param is 2!  】


【  3/4/2017 6:13:44 PM  】【  ReturnDataSet成功,param is 4!  】


【  3/4/2017 6:13:44 PM  】【  数据库Close成功  】


【  3/4/2017 6:13:44 PM  】【  ReturnDataSet成功,param is 2!  】


【  3/4/2017 6:13:44 PM  】【  数据库Close成功  】


【  3/4/2017 6:13:44 PM  】【  ReturnDataSet成功,param is 2!  】


【  3/4/2017 6:13:44 PM  】【  数据库Close成功  】


【  3/4/2017 6:13:44 PM  】【  ReturnDataSet成功,param is 2!  】


【  3/4/2017 6:13:44 PM  】【  数据库Close成功  】


【  3/4/2017 6:13:44 PM  】【  ReturnDataSet成功,param is 2!  】


【  3/4/2017 6:13:47 PM  】【  数据库Close成功  】


【  3/4/2017 6:13:47 PM  】【  ReturnDataSet成功,param is 2!  】


【  3/4/2017 6:13:48 PM  】【  数据库Close成功  】


【  3/4/2017 6:13:48 PM  】【  ReturnDataSet成功,param is 2!  】


【  3/4/2017 6:13:48 PM  】【  数据库Close成功  】


【  3/4/2017 6:13:48 PM  】【  ReturnDataSet成功,param is 2!  】


【  3/4/2017 6:13:48 PM  】【  数据库Close成功  】


【  3/4/2017 6:13:48 PM  】【  ReturnDataSet成功,param is 2!  】


【  3/4/2017 6:13:48 PM  】【  数据库Close成功  】


【  3/4/2017 6:13:48 PM  】【  ReturnDataSet成功,param is 2!  】


【  3/4/2017 6:13:48 PM  】【  数据库Close成功  】


【  3/4/2017 6:13:48 PM  】【  ReturnDataSet成功,param is 2!  】


【  3/4/2017 6:13:48 PM  】【  数据库Close成功  】


【  3/4/2017 6:13:48 PM  】【  ReturnDataSet成功,param is 2!  】


【  3/4/2017 6:13:48 PM  】【  数据库Close成功  】


【  3/4/2017 6:13:48 PM  】【  ReturnDataSet成功,param is 2!  】


【  3/4/2017 6:13:48 PM  】【  数据库Close成功  】


【  3/4/2017 6:13:48 PM  】【  ReturnDataSet成功,param is 2!  】


【  3/4/2017 6:13:48 PM  】【  数据库Close成功  】


【  3/4/2017 6:13:48 PM  】【  ReturnDataSet成功,param is 2!  】


【  3/4/2017 6:13:48 PM  】【  数据库Close成功  】


【  3/4/2017 6:13:48 PM  】【  ReturnDataSet成功,param is 2!  】


【  3/4/2017 6:13:48 PM  】【  数据库Close成功  】


【  3/4/2017 6:13:48 PM  】【  ReturnDataSet成功,param is 2!  】


【  3/4/2017 6:13:48 PM  】【  数据库Close成功  】


【  3/4/2017 6:13:48 PM  】【  ReturnDataSet成功,param is 2!  】


【  3/4/2017 6:15:30 PM  】【  ReturnDataSet成功,param is 4!  】


【  3/4/2017 6:15:30 PM  】【  数据库Close成功  】


【  3/4/2017 6:15:30 PM  】【  ReturnDataSet成功,param is 2!  】


【  3/4/2017 6:15:30 PM  】【  数据库Close成功  】


【  3/4/2017 6:15:30 PM  】【  ReturnDataSet成功,param is 2!  】


【  3/4/2017 6:15:30 PM  】【  数据库Close成功  】


【  3/4/2017 6:15:30 PM  】【  ReturnDataSet成功,param is 2!  】


【  3/4/2017 6:15:30 PM  】【  数据库Close成功  】


【  3/4/2017 6:15:30 PM  】【  ReturnDataSet成功,param is 2!  】


【  3/4/2017 6:15:33 PM  】【  数据库Close成功  】


【  3/4/2017 6:15:34 PM  】【  ReturnDataSet成功,param is 2!  】


【  3/4/2017 6:15:35 PM  】【  数据库Close成功  】


【  3/4/2017 6:15:35 PM  】【  ReturnDataSet成功,param is 2!  】


【  3/4/2017 6:15:35 PM  】【  数据库Close成功  】


【  3/4/2017 6:15:35 PM  】【  ReturnDataSet成功,param is 2!  】


【  3/4/2017 6:15:35 PM  】【  数据库Close成功  】


【  3/4/2017 6:15:35 PM  】【  ReturnDataSet成功,param is 2!  】


【  3/4/2017 6:15:35 PM  】【  数据库Close成功  】


【  3/4/2017 6:15:35 PM  】【  ReturnDataSet成功,param is 2!  】


【  3/4/2017 6:15:35 PM  】【  数据库Close成功  】


【  3/4/2017 6:15:35 PM  】【  ReturnDataSet成功,param is 2!  】


【  3/4/2017 6:15:35 PM  】【  数据库Close成功  】


【  3/4/2017 6:15:35 PM  】【  ReturnDataSet成功,param is 2!  】


【  3/4/2017 6:15:35 PM  】【  数据库Close成功  】


【  3/4/2017 6:15:35 PM  】【  ReturnDataSet成功,param is 2!  】


【  3/4/2017 6:15:35 PM  】【  数据库Close成功  】


【  3/4/2017 6:15:35 PM  】【  ReturnDataSet成功,param is 2!  】


【  3/4/2017 6:15:35 PM  】【  数据库Close成功  】


【  3/4/2017 6:15:35 PM  】【  ReturnDataSet成功,param is 2!  】


【  3/4/2017 6:15:35 PM  】【  数据库Close成功  】


【  3/4/2017 6:15:35 PM  】【  ReturnDataSet成功,param is 2!  】


【  3/4/2017 6:15:35 PM  】【  数据库Close成功  】


【  3/4/2017 6:15:35 PM  】【  ReturnDataSet成功,param is 2!  】


【  3/4/2017 6:15:35 PM  】【  数据库Close成功  】


【  3/4/2017 6:15:35 PM  】【  ReturnDataSet成功,param is 2!  】


【  3/4/2017 6:22:42 PM  】【  ReturnDataSet成功,param is 2!  】


【  3/4/2017 6:22:50 PM  】【  数据库Close成功  】


【  3/4/2017 6:22:57 PM  】【  ReturnDataSet成功,param is 4!  】


【  3/4/2017 6:22:57 PM  】【  数据库Close成功  】


【  3/4/2017 6:22:57 PM  】【  ReturnDataSet成功,param is 2!  】


【  3/4/2017 6:22:57 PM  】【  数据库Close成功  】


【  3/4/2017 6:22:57 PM  】【  ReturnDataSet成功,param is 2!  】


【  3/4/2017 6:22:57 PM  】【  数据库Close成功  】


【  3/4/2017 6:22:57 PM  】【  ReturnDataSet成功,param is 2!  】


【  3/4/2017 6:22:57 PM  】【  数据库Close成功  】


【  3/4/2017 6:22:57 PM  】【  ReturnDataSet成功,param is 2!  】


【  3/4/2017 6:23:00 PM  】【  数据库Close成功  】


【  3/4/2017 6:23:00 PM  】【  ReturnDataSet成功,param is 2!  】


【  3/4/2017 6:23:01 PM  】【  数据库Close成功  】


【  3/4/2017 6:23:01 PM  】【  ReturnDataSet成功,param is 2!  】


【  3/4/2017 6:23:01 PM  】【  数据库Close成功  】


【  3/4/2017 6:23:01 PM  】【  ReturnDataSet成功,param is 2!  】


【  3/4/2017 6:23:01 PM  】【  数据库Close成功  】


【  3/4/2017 6:23:01 PM  】【  ReturnDataSet成功,param is 2!  】


【  3/4/2017 6:23:01 PM  】【  数据库Close成功  】


【  3/4/2017 6:23:01 PM  】【  ReturnDataSet成功,param is 2!  】


【  3/4/2017 6:23:01 PM  】【  数据库Close成功  】


【  3/4/2017 6:23:01 PM  】【  ReturnDataSet成功,param is 2!  】


【  3/4/2017 6:23:01 PM  】【  数据库Close成功  】


【  3/4/2017 6:23:01 PM  】【  ReturnDataSet成功,param is 2!  】


【  3/4/2017 6:23:01 PM  】【  数据库Close成功  】


【  3/4/2017 6:23:02 PM  】【  ReturnDataSet成功,param is 2!  】


【  3/4/2017 6:23:02 PM  】【  数据库Close成功  】


【  3/4/2017 6:23:02 PM  】【  ReturnDataSet成功,param is 2!  】


【  3/4/2017 6:23:02 PM  】【  数据库Close成功  】


【  3/4/2017 6:23:02 PM  】【  ReturnDataSet成功,param is 2!  】


【  3/4/2017 6:23:02 PM  】【  数据库Close成功  】


【  3/4/2017 6:23:02 PM  】【  ReturnDataSet成功,param is 2!  】


【  3/4/2017 6:23:02 PM  】【  数据库Close成功  】


【  3/4/2017 6:23:02 PM  】【  ReturnDataSet成功,param is 2!  】


【  3/4/2017 6:23:02 PM  】【  数据库Close成功  】


【  3/4/2017 6:23:02 PM  】【  ReturnDataSet成功,param is 2!  】


【  3/4/2017 6:32:51 PM  】【  数据库Close成功  】


【  3/4/2017 6:32:53 PM  】【  ReturnDataSet成功,param is 2!  】


【  3/4/2017 6:34:52 PM  】【  数据库Close成功  】


【  3/4/2017 6:34:59 PM  】【  ReturnDataSet成功,param is 4!  】


【  3/4/2017 6:34:59 PM  】【  数据库Close成功  】


【  3/4/2017 6:34:59 PM  】【  ReturnDataSet成功,param is 2!  】


【  3/4/2017 6:34:59 PM  】【  数据库Close成功  】


【  3/4/2017 6:34:59 PM  】【  ReturnDataSet成功,param is 2!  】


【  3/4/2017 6:34:59 PM  】【  数据库Close成功  】


【  3/4/2017 6:34:59 PM  】【  ReturnDataSet成功,param is 2!  】


【  3/4/2017 6:34:59 PM  】【  数据库Close成功  】


【  3/4/2017 6:34:59 PM  】【  ReturnDataSet成功,param is 2!  】


【  3/4/2017 6:35:02 PM  】【  数据库Close成功  】


【  3/4/2017 6:35:02 PM  】【  ReturnDataSet成功,param is 2!  】


【  3/4/2017 6:35:03 PM  】【  数据库Close成功  】


【  3/4/2017 6:35:03 PM  】【  ReturnDataSet成功,param is 2!  】


【  3/4/2017 6:35:03 PM  】【  数据库Close成功  】


【  3/4/2017 6:35:03 PM  】【  ReturnDataSet成功,param is 2!  】


【  3/4/2017 6:35:03 PM  】【  数据库Close成功  】


【  3/4/2017 6:35:03 PM  】【  ReturnDataSet成功,param is 2!  】


【  3/4/2017 6:35:03 PM  】【  数据库Close成功  】


【  3/4/2017 6:35:03 PM  】【  ReturnDataSet成功,param is 2!  】


【  3/4/2017 6:35:03 PM  】【  数据库Close成功  】


【  3/4/2017 6:35:03 PM  】【  ReturnDataSet成功,param is 2!  】


【  3/4/2017 6:35:03 PM  】【  数据库Close成功  】


【  3/4/2017 6:35:03 PM  】【  ReturnDataSet成功,param is 2!  】


【  3/4/2017 6:35:03 PM  】【  数据库Close成功  】


【  3/4/2017 6:35:03 PM  】【  ReturnDataSet成功,param is 2!  】


【  3/4/2017 6:35:03 PM  】【  数据库Close成功  】


【  3/4/2017 6:35:03 PM  】【  ReturnDataSet成功,param is 2!  】


【  3/4/2017 6:35:03 PM  】【  数据库Close成功  】


【  3/4/2017 6:35:03 PM  】【  ReturnDataSet成功,param is 2!  】


【  3/4/2017 6:35:03 PM  】【  数据库Close成功  】


【  3/4/2017 6:35:03 PM  】【  ReturnDataSet成功,param is 2!  】


【  3/4/2017 6:35:03 PM  】【  数据库Close成功  】


【  3/4/2017 6:35:03 PM  】【  ReturnDataSet成功,param is 2!  】


【  3/4/2017 6:35:03 PM  】【  数据库Close成功  】


【  3/4/2017 6:35:03 PM  】【  ReturnDataSet成功,param is 2!  】


【  3/4/2017 6:37:11 PM  】【  数据库Close成功  】


【  3/4/2017 6:37:12 PM  】【  ReturnDataSet成功,param is 2!  】


【  3/4/2017 6:37:23 PM  】【  ReturnDataSet成功,param is 4!  】


【  3/4/2017 6:37:23 PM  】【  数据库Close成功  】


【  3/4/2017 6:37:23 PM  】【  ReturnDataSet成功,param is 2!  】


【  3/4/2017 6:37:23 PM  】【  数据库Close成功  】


【  3/4/2017 6:37:23 PM  】【  ReturnDataSet成功,param is 2!  】


【  3/4/2017 6:37:23 PM  】【  数据库Close成功  】


【  3/4/2017 6:37:23 PM  】【  ReturnDataSet成功,param is 2!  】


【  3/4/2017 6:37:23 PM  】【  数据库Close成功  】


【  3/4/2017 6:37:23 PM  】【  ReturnDataSet成功,param is 2!  】


【  3/4/2017 6:37:27 PM  】【  数据库Close成功  】


【  3/4/2017 6:37:27 PM  】【  ReturnDataSet成功,param is 2!  】


【  3/4/2017 6:37:27 PM  】【  数据库Close成功  】


【  3/4/2017 6:37:27 PM  】【  ReturnDataSet成功,param is 2!  】


【  3/4/2017 6:37:27 PM  】【  数据库Close成功  】


【  3/4/2017 6:37:27 PM  】【  ReturnDataSet成功,param is 2!  】


【  3/4/2017 6:37:27 PM  】【  数据库Close成功  】


【  3/4/2017 6:37:27 PM  】【  ReturnDataSet成功,param is 2!  】


【  3/4/2017 6:37:27 PM  】【  数据库Close成功  】


【  3/4/2017 6:37:27 PM  】【  ReturnDataSet成功,param is 2!  】


【  3/4/2017 6:37:27 PM  】【  数据库Close成功  】


【  3/4/2017 6:37:27 PM  】【  ReturnDataSet成功,param is 2!  】


【  3/4/2017 6:37:27 PM  】【  数据库Close成功  】


【  3/4/2017 6:37:28 PM  】【  ReturnDataSet成功,param is 2!  】


【  3/4/2017 6:37:28 PM  】【  数据库Close成功  】


【  3/4/2017 6:37:28 PM  】【  ReturnDataSet成功,param is 2!  】


【  3/4/2017 6:37:28 PM  】【  数据库Close成功  】


【  3/4/2017 6:37:28 PM  】【  ReturnDataSet成功,param is 2!  】


【  3/4/2017 6:37:28 PM  】【  数据库Close成功  】


【  3/4/2017 6:37:28 PM  】【  ReturnDataSet成功,param is 2!  】


【  3/4/2017 6:37:28 PM  】【  数据库Close成功  】


【  3/4/2017 6:37:28 PM  】【  ReturnDataSet成功,param is 2!  】


【  3/4/2017 6:37:28 PM  】【  数据库Close成功  】


【  3/4/2017 6:37:28 PM  】【  ReturnDataSet成功,param is 2!  】


【  3/4/2017 6:37:28 PM  】【  数据库Close成功  】


【  3/4/2017 6:37:28 PM  】【  ReturnDataSet成功,param is 2!  】


【  3/4/2017 6:40:10 PM  】【  ReturnDataSet成功,param is 2!  】


【  3/4/2017 6:40:21 PM  】【  ReturnDataSet成功,param is 4!  】


【  3/4/2017 6:40:21 PM  】【  数据库Close成功  】


【  3/4/2017 6:40:21 PM  】【  ReturnDataSet成功,param is 2!  】


【  3/4/2017 6:40:21 PM  】【  数据库Close成功  】


【  3/4/2017 6:40:21 PM  】【  ReturnDataSet成功,param is 2!  】


【  3/4/2017 6:40:21 PM  】【  数据库Close成功  】


【  3/4/2017 6:40:21 PM  】【  ReturnDataSet成功,param is 2!  】


【  3/4/2017 6:40:21 PM  】【  数据库Close成功  】


【  3/4/2017 6:40:21 PM  】【  ReturnDataSet成功,param is 2!  】


【  3/4/2017 6:40:24 PM  】【  数据库Close成功  】


【  3/4/2017 6:40:24 PM  】【  ReturnDataSet成功,param is 2!  】


【  3/4/2017 6:40:25 PM  】【  数据库Close成功  】


【  3/4/2017 6:40:25 PM  】【  ReturnDataSet成功,param is 2!  】


【  3/4/2017 6:40:25 PM  】【  数据库Close成功  】


【  3/4/2017 6:40:25 PM  】【  ReturnDataSet成功,param is 2!  】


【  3/4/2017 6:40:25 PM  】【  数据库Close成功  】


【  3/4/2017 6:40:25 PM  】【  ReturnDataSet成功,param is 2!  】


【  3/4/2017 6:40:25 PM  】【  数据库Close成功  】


【  3/4/2017 6:40:25 PM  】【  ReturnDataSet成功,param is 2!  】


【  3/4/2017 6:40:25 PM  】【  数据库Close成功  】


【  3/4/2017 6:40:25 PM  】【  ReturnDataSet成功,param is 2!  】


【  3/4/2017 6:40:25 PM  】【  数据库Close成功  】


【  3/4/2017 6:40:25 PM  】【  ReturnDataSet成功,param is 2!  】


【  3/4/2017 6:40:25 PM  】【  数据库Close成功  】


【  3/4/2017 6:40:26 PM  】【  ReturnDataSet成功,param is 2!  】


【  3/4/2017 6:40:26 PM  】【  数据库Close成功  】


【  3/4/2017 6:40:26 PM  】【  ReturnDataSet成功,param is 2!  】


【  3/4/2017 6:40:26 PM  】【  数据库Close成功  】


【  3/4/2017 6:40:26 PM  】【  ReturnDataSet成功,param is 2!  】


【  3/4/2017 6:40:26 PM  】【  数据库Close成功  】


【  3/4/2017 6:40:26 PM  】【  ReturnDataSet成功,param is 2!  】


【  3/4/2017 6:40:26 PM  】【  数据库Close成功  】


【  3/4/2017 6:40:26 PM  】【  ReturnDataSet成功,param is 2!  】


【  3/4/2017 6:40:26 PM  】【  数据库Close成功  】


【  3/4/2017 6:40:26 PM  】【  ReturnDataSet成功,param is 2!  】


【  3/4/2017 6:41:50 PM  】【  ReturnDataSet成功,param is 4!  】


【  3/4/2017 6:41:50 PM  】【  数据库Close成功  】


【  3/4/2017 6:41:50 PM  】【  ReturnDataSet成功,param is 2!  】


【  3/4/2017 6:41:50 PM  】【  数据库Close成功  】


【  3/4/2017 6:41:50 PM  】【  ReturnDataSet成功,param is 2!  】


【  3/4/2017 6:41:50 PM  】【  数据库Close成功  】


【  3/4/2017 6:41:50 PM  】【  ReturnDataSet成功,param is 2!  】


【  3/4/2017 6:41:50 PM  】【  数据库Close成功  】


【  3/4/2017 6:41:50 PM  】【  ReturnDataSet成功,param is 2!  】


【  3/4/2017 6:41:54 PM  】【  数据库Close成功  】


【  3/4/2017 6:41:54 PM  】【  ReturnDataSet成功,param is 2!  】


【  3/4/2017 6:41:55 PM  】【  数据库Close成功  】


【  3/4/2017 6:41:55 PM  】【  ReturnDataSet成功,param is 2!  】


【  3/4/2017 6:41:55 PM  】【  数据库Close成功  】


【  3/4/2017 6:41:55 PM  】【  ReturnDataSet成功,param is 2!  】


【  3/4/2017 6:41:55 PM  】【  数据库Close成功  】


【  3/4/2017 6:41:55 PM  】【  ReturnDataSet成功,param is 2!  】


【  3/4/2017 6:41:55 PM  】【  数据库Close成功  】


【  3/4/2017 6:41:55 PM  】【  ReturnDataSet成功,param is 2!  】


【  3/4/2017 6:41:55 PM  】【  数据库Close成功  】


【  3/4/2017 6:41:55 PM  】【  ReturnDataSet成功,param is 2!  】


【  3/4/2017 6:41:55 PM  】【  数据库Close成功  】


【  3/4/2017 6:41:55 PM  】【  ReturnDataSet成功,param is 2!  】


【  3/4/2017 6:41:55 PM  】【  数据库Close成功  】


【  3/4/2017 6:41:55 PM  】【  ReturnDataSet成功,param is 2!  】


【  3/4/2017 6:41:55 PM  】【  数据库Close成功  】


【  3/4/2017 6:41:55 PM  】【  ReturnDataSet成功,param is 2!  】


【  3/4/2017 6:41:55 PM  】【  数据库Close成功  】


【  3/4/2017 6:41:55 PM  】【  ReturnDataSet成功,param is 2!  】


【  3/4/2017 6:41:55 PM  】【  数据库Close成功  】


【  3/4/2017 6:41:55 PM  】【  ReturnDataSet成功,param is 2!  】


【  3/4/2017 6:41:55 PM  】【  数据库Close成功  】


【  3/4/2017 6:41:55 PM  】【  ReturnDataSet成功,param is 2!  】


【  3/4/2017 6:41:55 PM  】【  数据库Close成功  】


【  3/4/2017 6:41:55 PM  】【  ReturnDataSet成功,param is 2!  】


【  3/4/2017 6:48:52 PM  】【  数据库Close成功  】


【  3/4/2017 6:48:53 PM  】【  ReturnDataSet成功,param is 2!  】


【  3/4/2017 6:48:58 PM  】【  数据库Close成功  】


【  3/4/2017 6:49:05 PM  】【  ReturnDataSet成功,param is 4!  】


【  3/4/2017 6:49:05 PM  】【  数据库Close成功  】


【  3/4/2017 6:49:05 PM  】【  ReturnDataSet成功,param is 2!  】


【  3/4/2017 6:49:05 PM  】【  数据库Close成功  】


【  3/4/2017 6:49:05 PM  】【  ReturnDataSet成功,param is 2!  】


【  3/4/2017 6:49:05 PM  】【  数据库Close成功  】


【  3/4/2017 6:49:05 PM  】【  ReturnDataSet成功,param is 2!  】


【  3/4/2017 6:49:05 PM  】【  数据库Close成功  】


【  3/4/2017 6:49:05 PM  】【  ReturnDataSet成功,param is 2!  】


【  3/4/2017 6:49:18 PM  】【  数据库Close成功  】


【  3/4/2017 6:49:18 PM  】【  ReturnDataSet成功,param is 2!  】


【  3/4/2017 6:49:19 PM  】【  数据库Close成功  】


【  3/4/2017 6:49:19 PM  】【  ReturnDataSet成功,param is 2!  】


【  3/4/2017 6:49:19 PM  】【  数据库Close成功  】


【  3/4/2017 6:49:19 PM  】【  ReturnDataSet成功,param is 2!  】


【  3/4/2017 6:49:19 PM  】【  数据库Close成功  】


【  3/4/2017 6:49:19 PM  】【  ReturnDataSet成功,param is 2!  】


【  3/4/2017 6:49:19 PM  】【  数据库Close成功  】


【  3/4/2017 6:49:19 PM  】【  ReturnDataSet成功,param is 2!  】


【  3/4/2017 6:49:19 PM  】【  数据库Close成功  】


【  3/4/2017 6:49:19 PM  】【  ReturnDataSet成功,param is 2!  】


【  3/4/2017 6:49:19 PM  】【  数据库Close成功  】


【  3/4/2017 6:49:19 PM  】【  ReturnDataSet成功,param is 2!  】


【  3/4/2017 6:49:19 PM  】【  数据库Close成功  】


【  3/4/2017 6:49:19 PM  】【  ReturnDataSet成功,param is 2!  】


【  3/4/2017 6:49:19 PM  】【  数据库Close成功  】


【  3/4/2017 6:49:19 PM  】【  ReturnDataSet成功,param is 2!  】


【  3/4/2017 6:49:20 PM  】【  数据库Close成功  】


【  3/4/2017 6:49:20 PM  】【  ReturnDataSet成功,param is 2!  】


【  3/4/2017 6:49:20 PM  】【  数据库Close成功  】


【  3/4/2017 6:49:20 PM  】【  ReturnDataSet成功,param is 2!  】


【  3/4/2017 6:49:20 PM  】【  数据库Close成功  】


【  3/4/2017 6:49:20 PM  】【  ReturnDataSet成功,param is 2!  】


【  3/4/2017 6:49:20 PM  】【  数据库Close成功  】


【  3/4/2017 6:49:20 PM  】【  ReturnDataSet成功,param is 2!  】


【  3/4/2017 6:59:31 PM  】【  ReturnDataSet成功,param is 2!  】


【  3/4/2017 7:01:24 PM  】【  数据库Close成功  】


【  3/4/2017 7:01:32 PM  】【  ReturnDataSet成功,param is 4!  】


【  3/4/2017 7:01:32 PM  】【  数据库Close成功  】


【  3/4/2017 7:01:32 PM  】【  ReturnDataSet成功,param is 2!  】


【  3/4/2017 7:01:32 PM  】【  数据库Close成功  】


【  3/4/2017 7:01:32 PM  】【  ReturnDataSet成功,param is 2!  】


【  3/4/2017 7:01:32 PM  】【  数据库Close成功  】


【  3/4/2017 7:01:32 PM  】【  ReturnDataSet成功,param is 2!  】


【  3/4/2017 7:01:32 PM  】【  数据库Close成功  】


【  3/4/2017 7:01:32 PM  】【  ReturnDataSet成功,param is 2!  】


【  3/4/2017 7:01:36 PM  】【  数据库Close成功  】


【  3/4/2017 7:01:36 PM  】【  ReturnDataSet成功,param is 2!  】


【  3/4/2017 7:01:37 PM  】【  数据库Close成功  】


【  3/4/2017 7:01:37 PM  】【  ReturnDataSet成功,param is 2!  】


【  3/4/2017 7:01:37 PM  】【  数据库Close成功  】


【  3/4/2017 7:01:37 PM  】【  ReturnDataSet成功,param is 2!  】


【  3/4/2017 7:01:37 PM  】【  数据库Close成功  】


【  3/4/2017 7:01:37 PM  】【  ReturnDataSet成功,param is 2!  】


【  3/4/2017 7:01:37 PM  】【  数据库Close成功  】


【  3/4/2017 7:01:37 PM  】【  ReturnDataSet成功,param is 2!  】


【  3/4/2017 7:01:37 PM  】【  数据库Close成功  】


【  3/4/2017 7:01:37 PM  】【  ReturnDataSet成功,param is 2!  】


【  3/4/2017 7:01:37 PM  】【  数据库Close成功  】


【  3/4/2017 7:01:37 PM  】【  ReturnDataSet成功,param is 2!  】


【  3/4/2017 7:01:37 PM  】【  数据库Close成功  】


【  3/4/2017 7:01:37 PM  】【  ReturnDataSet成功,param is 2!  】


【  3/4/2017 7:01:37 PM  】【  数据库Close成功  】


【  3/4/2017 7:01:37 PM  】【  ReturnDataSet成功,param is 2!  】


【  3/4/2017 7:01:37 PM  】【  数据库Close成功  】


【  3/4/2017 7:01:37 PM  】【  ReturnDataSet成功,param is 2!  】


【  3/4/2017 7:01:37 PM  】【  数据库Close成功  】


【  3/4/2017 7:01:37 PM  】【  ReturnDataSet成功,param is 2!  】


【  3/4/2017 7:01:37 PM  】【  数据库Close成功  】


【  3/4/2017 7:01:37 PM  】【  ReturnDataSet成功,param is 2!  】


【  3/4/2017 7:01:37 PM  】【  数据库Close成功  】


【  3/4/2017 7:01:37 PM  】【  ReturnDataSet成功,param is 2!  】


【  3/4/2017 7:07:38 PM  】【  数据库Close成功  】


【  3/4/2017 7:07:39 PM  】【  ReturnDataSet成功,param is 2!  】


【  3/4/2017 7:15:33 PM  】【  ReturnDataSet成功,param is 4!  】


【  3/4/2017 7:15:33 PM  】【  数据库Close成功  】


【  3/4/2017 7:15:33 PM  】【  ReturnDataSet成功,param is 2!  】


【  3/4/2017 7:15:33 PM  】【  数据库Close成功  】


【  3/4/2017 7:15:33 PM  】【  ReturnDataSet成功,param is 2!  】


【  3/4/2017 7:15:34 PM  】【  数据库Close成功  】


【  3/4/2017 7:15:34 PM  】【  ReturnDataSet成功,param is 2!  】


【  3/4/2017 7:15:34 PM  】【  数据库Close成功  】


【  3/4/2017 7:15:34 PM  】【  ReturnDataSet成功,param is 2!  】


【  3/4/2017 7:15:37 PM  】【  数据库Close成功  】


【  3/4/2017 7:15:37 PM  】【  ReturnDataSet成功,param is 2!  】


【  3/4/2017 7:15:38 PM  】【  数据库Close成功  】


【  3/4/2017 7:15:38 PM  】【  ReturnDataSet成功,param is 2!  】


【  3/4/2017 7:15:38 PM  】【  数据库Close成功  】


【  3/4/2017 7:15:38 PM  】【  ReturnDataSet成功,param is 2!  】


【  3/4/2017 7:15:38 PM  】【  数据库Close成功  】


【  3/4/2017 7:15:38 PM  】【  ReturnDataSet成功,param is 2!  】


【  3/4/2017 7:15:38 PM  】【  数据库Close成功  】


【  3/4/2017 7:15:38 PM  】【  ReturnDataSet成功,param is 2!  】


【  3/4/2017 7:15:38 PM  】【  数据库Close成功  】


【  3/4/2017 7:15:38 PM  】【  ReturnDataSet成功,param is 2!  】


【  3/4/2017 7:15:38 PM  】【  数据库Close成功  】


【  3/4/2017 7:15:38 PM  】【  ReturnDataSet成功,param is 2!  】


【  3/4/2017 7:15:38 PM  】【  数据库Close成功  】


【  3/4/2017 7:15:38 PM  】【  ReturnDataSet成功,param is 2!  】


【  3/4/2017 7:15:38 PM  】【  数据库Close成功  】


【  3/4/2017 7:15:38 PM  】【  ReturnDataSet成功,param is 2!  】


【  3/4/2017 7:15:38 PM  】【  数据库Close成功  】


【  3/4/2017 7:15:38 PM  】【  ReturnDataSet成功,param is 2!  】


【  3/4/2017 7:15:38 PM  】【  数据库Close成功  】


【  3/4/2017 7:15:38 PM  】【  ReturnDataSet成功,param is 2!  】


【  3/4/2017 7:15:38 PM  】【  数据库Close成功  】


【  3/4/2017 7:15:38 PM  】【  ReturnDataSet成功,param is 2!  】


【  3/4/2017 7:15:38 PM  】【  数据库Close成功  】


【  3/4/2017 7:15:38 PM  】【  ReturnDataSet成功,param is 2!  】

