[2019-06-24 17:37:23][debug][打开log文件]
[2019-06-24 17:37:23][debug][设置应用程序分辨率]
[2019-06-24 17:37:26][debug][退出程序]
[2019-06-24 17:37:27][debug][开始登录]
[2019-06-24 17:37:27][error][ERROR [IM002] [Microsoft][ODBC 驱动程序管理器] 未发现数据源名称并且未指定默认驱动程序]
[2019-06-24 17:37:27][info][数据库连接失败]
[2019-06-24 17:37:27][debug][数据库连接异常]
[2019-06-24 17:37:27][debug][开始登录]
[2019-06-24 17:37:27][error][ERROR [IM002] [Microsoft][ODBC 驱动程序管理器] 未发现数据源名称并且未指定默认驱动程序]
[2019-06-24 17:37:27][debug][数据库连接异常]
[2019-06-24 17:37:27][debug][开始登录]
[2019-06-24 17:37:27][error][ERROR [IM002] [Microsoft][ODBC 驱动程序管理器] 未发现数据源名称并且未指定默认驱动程序]
[2019-06-24 17:37:27][debug][数据库连接异常]
[2019-06-24 17:41:16][debug][打开log文件]
[2019-06-24 17:41:16][debug][关闭与服务器的连接]
[2019-06-24 17:41:16][debug][连接服务器成功]
[2019-06-24 17:41:16][debug][请求登陆监控服务器]
[2019-06-24 17:41:16][debug][请求登陆监控服务器成功]
[2019-06-24 17:41:19][debug][登陆监控服务器成功]
[2019-06-24 17:41:19][debug][获取物理摄像机列表]
[2019-06-24 17:46:00][debug][打开设备编辑面板]
[2019-06-24 17:46:00][debug][加载场景中的摄像机模型数据]
[2019-06-24 17:46:00][debug][初始化场景摄像机列表项目]
[2019-06-24 17:46:00][debug][从数据加载此列表项相关信息]
[2019-06-24 17:46:00][error][ERROR [IM002] [Microsoft][ODBC 驱动程序管理器] 未发现数据源名称并且未指定默认驱动程序]
[2019-06-24 17:46:00][info][数据库连接失败]
[2019-06-24 17:46:00][debug][加载真实物理摄像机列表]
[2019-06-24 17:46:00][debug][获取物理摄像机的信息]
[2019-06-24 17:46:00][debug][打开设备编辑面板]
[2019-06-24 17:46:01][debug][获取物理摄像机的信息]
[2019-06-24 17:46:02][debug][打开客流区域编辑面板]
[2019-06-24 17:46:02][debug][从数据库加载摄像头的信息]
[2019-06-24 17:46:02][error][ERROR [IM002] [Microsoft][ODBC 驱动程序管理器] 未发现数据源名称并且未指定默认驱动程序]
[2019-06-24 17:46:02][debug][从数据库加载巡逻方案的数据]
[2019-06-24 17:46:02][error][ERROR [IM002] [Microsoft][ODBC 驱动程序管理器] 未发现数据源名称并且未指定默认驱动程序]
[2019-06-24 17:46:03][debug][关闭与服务器的连接]
[2019-06-24 17:46:43][debug][打开log文件]
[2019-06-24 17:46:43][debug][关闭与服务器的连接]
[2019-06-24 17:46:43][debug][连接服务器成功]
[2019-06-24 17:46:43][debug][请求登陆监控服务器]
[2019-06-24 17:46:43][debug][请求登陆监控服务器成功]
[2019-06-24 17:46:46][debug][登陆监控服务器成功]
[2019-06-24 17:46:46][debug][获取物理摄像机列表]
[2019-06-24 17:47:21][debug][关闭与服务器的连接]
[2019-06-24 17:47:44][debug][打开log文件]
[2019-06-24 17:47:44][debug][从数据库加载巡逻方案的数据]
[2019-06-24 17:47:44][error][ERROR [IM002] [Microsoft][ODBC 驱动程序管理器] 未发现数据源名称并且未指定默认驱动程序]
[2019-06-24 17:47:44][info][数据库连接失败]
[2019-06-24 17:47:44][debug][关闭与服务器的连接]
[2019-06-24 17:47:44][debug][连接服务器成功]
[2019-06-24 17:47:44][debug][请求登陆监控服务器]
[2019-06-24 17:47:44][debug][请求登陆监控服务器成功]
[2019-06-24 17:47:44][debug][加载摄像头的信息]
[2019-06-24 17:47:44][error][ERROR [IM002] [Microsoft][ODBC 驱动程序管理器] 未发现数据源名称并且未指定默认驱动程序]
[2019-06-24 17:47:44][debug][从数据库加载巡逻方案的数据]
[2019-06-24 17:47:44][error][ERROR [IM002] [Microsoft][ODBC 驱动程序管理器] 未发现数据源名称并且未指定默认驱动程序]
[2019-06-24 17:47:44][debug][初始化疏散预案相关内容]
[2019-06-24 17:47:44][debug][加载客流统计区域，及加载当天最新统计信息]
[2019-06-24 17:47:44][debug][加载客流统计区域]
[2019-06-24 17:47:44][error][ERROR [IM002] [Microsoft][ODBC 驱动程序管理器] 未发现数据源名称并且未指定默认驱动程序]
[2019-06-24 17:47:44][debug][场景中的摄像机跟相对应的现实中实体摄像机的客流统计信息关联起来]
[2019-06-24 17:47:44][debug][从服务器接收客流统计信息]
[2019-06-24 17:47:44][debug][加载疏散预案信息]
[2019-06-24 17:47:44][error][ERROR [IM002] [Microsoft][ODBC 驱动程序管理器] 未发现数据源名称并且未指定默认驱动程序]
[2019-06-24 17:47:47][debug][登陆监控服务器成功]
[2019-06-24 17:47:47][debug][获取物理摄像机列表]
[2019-06-24 17:47:54][debug][显示客流]
[2019-06-24 17:47:54][debug][对场景内所有模型摄像机发送控制信息]
[2019-06-24 17:47:58][debug][关闭客流]
[2019-06-24 17:47:58][debug][对场景内所有模型摄像机发送控制信息]
[2019-06-24 17:48:20][debug][显示个人信息面板]
[2019-06-24 17:48:47][debug][将客流统计数据存入数据库]
[2019-06-24 17:48:47][debug][关闭与服务器的连接]
[2019-06-24 17:51:01][debug][打开log文件]
[2019-06-24 17:51:01][debug][从数据库加载巡逻方案的数据]
[2019-06-24 17:51:01][error][ERROR [IM002] [Microsoft][ODBC 驱动程序管理器] 未发现数据源名称并且未指定默认驱动程序]
[2019-06-24 17:51:01][info][数据库连接失败]
[2019-06-24 17:51:02][debug][关闭与服务器的连接]
[2019-06-24 17:51:02][debug][连接服务器成功]
[2019-06-24 17:51:02][debug][请求登陆监控服务器]
[2019-06-24 17:51:02][debug][请求登陆监控服务器成功]
[2019-06-24 17:51:02][debug][加载摄像头的信息]
[2019-06-24 17:51:02][error][ERROR [IM002] [Microsoft][ODBC 驱动程序管理器] 未发现数据源名称并且未指定默认驱动程序]
[2019-06-24 17:51:02][debug][从数据库加载巡逻方案的数据]
[2019-06-24 17:51:02][error][ERROR [IM002] [Microsoft][ODBC 驱动程序管理器] 未发现数据源名称并且未指定默认驱动程序]
[2019-06-24 17:51:02][debug][初始化疏散预案相关内容]
[2019-06-24 17:51:02][debug][加载客流统计区域，及加载当天最新统计信息]
[2019-06-24 17:51:02][debug][加载客流统计区域]
[2019-06-24 17:51:02][error][ERROR [IM002] [Microsoft][ODBC 驱动程序管理器] 未发现数据源名称并且未指定默认驱动程序]
[2019-06-24 17:51:02][debug][场景中的摄像机跟相对应的现实中实体摄像机的客流统计信息关联起来]
[2019-06-24 17:51:02][debug][从服务器接收客流统计信息]
[2019-06-24 17:51:02][debug][加载疏散预案信息]
[2019-06-24 17:51:02][error][ERROR [IM002] [Microsoft][ODBC 驱动程序管理器] 未发现数据源名称并且未指定默认驱动程序]
[2019-06-24 17:51:04][debug][登陆监控服务器成功]
[2019-06-24 17:51:04][debug][获取物理摄像机列表]
[2019-06-24 17:51:06][debug][将客流统计数据存入数据库]
[2019-06-24 17:51:06][debug][关闭与服务器的连接]
